#
# A fatal error has been detected by the Java Runtime Environment:
#
#  EXCEPTION_ACCESS_VIOLATION (0xc0000005) at pc=0x0000000066b1e82e, pid=18328, tid=12600
#
# JRE version: OpenJDK Runtime Environment (22.0.2+9) (build 22.0.2+9-70)
# Java VM: OpenJDK 64-Bit Server VM (22.0.2+9-70, mixed mode, sharing, tiered, compressed oops, compressed class ptrs, g1 gc, windows-amd64)
# Problematic frame:
# C  [gdx-box2d64.dll+0x1e82e]
#
# No core dump will be written. Minidumps are not enabled by default on client versions of Windows
#
# If you would like to submit a bug report, please visit:
#   https://bugreport.java.com/bugreport/crash.jsp
# The crash happened outside the Java Virtual Machine in native code.
# See problematic frame for where to report the bug.
#

---------------  S U M M A R Y ------------

Command Line: -Dfile.encoding=UTF-8 -Duser.country=US -Duser.language=en -Duser.variant io.github.projectile_game.lwjgl3.Lwjgl3Launcher

Host: Intel(R) Core(TM) i5-9600K CPU @ 3.70GHz, 6 cores, 15G,  Windows 11 , 64 bit Build 22621 (10.0.22621.4391)
Time: Mon Dec  9 19:01:26 2024 Malay Peninsula Standard Time elapsed time: 7.893400 seconds (0d 0h 0m 7s)

---------------  T H R E A D  ---------------

Current thread (0x00000214368be900):  JavaThread "main"             [_thread_in_native, id=12600, stack(0x000000ac40700000,0x000000ac40800000) (1024K)]

Stack: [0x000000ac40700000,0x000000ac40800000],  sp=0x000000ac407ff2a0,  free space=1020k
Native frames: (J=compiled Java code, j=interpreted, Vv=VM code, C=native code)
C  [gdx-box2d64.dll+0x1e82e]  (no source info available)
C  [gdx-box2d64.dll+0x1ffb6]  (no source info available)
C  [gdx-box2d64.dll+0x26620]  (no source info available)
C  0x0000021447adcfc7  (no source info available)

The last pc belongs to native method entry point (kind = native) (printed below).
Java frames: (J=compiled Java code, j=interpreted, Vv=VM code)
j  com.badlogic.gdx.physics.box2d.World.jniDispose(J)V+0
j  com.badlogic.gdx.physics.box2d.World.dispose()V+5
j  io.github.projectile_game.GameScreen.dispose()V+8
j  io.github.projectile_game.GameApplication.dispose()V+4
j  com.badlogic.gdx.backends.lwjgl3.Lwjgl3Window.dispose()V+13
j  com.badlogic.gdx.backends.lwjgl3.Lwjgl3Application.loop()V+408
j  com.badlogic.gdx.backends.lwjgl3.Lwjgl3Application.<init>(Lcom/badlogic/gdx/ApplicationListener;Lcom/badlogic/gdx/backends/lwjgl3/Lwjgl3ApplicationConfiguration;)V+269
j  io.github.projectile_game.lwjgl3.Lwjgl3Launcher.createApplication()Lcom/badlogic/gdx/backends/lwjgl3/Lwjgl3Application;+14
j  io.github.projectile_game.lwjgl3.Lwjgl3Launcher.main([Ljava/lang/String;)V+7
v  ~StubRoutines::call_stub 0x0000021447ad100d

siginfo: EXCEPTION_ACCESS_VIOLATION (0xc0000005), reading address 0x0000000000000000


Registers:
RAX=0x0000000000000000, RBX=0x00000214a6fcc640, RCX=0x0000000000000000, RDX=0x00000214a01ccf20
RSP=0x000000ac407ff2a0, RBP=0x000000ac407ff3d8, RSI=0x00000214a6fdcb00, RDI=0x00000000000001d0
R8 =0x00000214a01ccf20, R9 =0x00000000000000dc, R10=0x0000021447adcf98, R11=0x0000000000000102
R12=0x00000214a01ccf20, R13=0x00000214a01ccf20, R14=0x000000ac407ff408, R15=0x00000214368be900
RIP=0x0000000066b1e82e, EFLAGS=0x0000000000010246


Register to memory mapping:

RAX=0x0 is null
RBX=0x00000214a6fcc640 points into unknown readable memory: 0x000002143f800000 | 00 00 80 3f 14 02 00 00
RCX=0x0 is null
RDX=0x00000214a01ccf20 points into unknown readable memory: 0x00000214a7002520 | 20 25 00 a7 14 02 00 00
RSP=0x000000ac407ff2a0 is pointing into the stack for thread: 0x00000214368be900
RBP=0x000000ac407ff3d8 is pointing into the stack for thread: 0x00000214368be900
RSI=0x00000214a6fdcb00 points into unknown readable memory: 0x0000002400000002 | 02 00 00 00 24 00 00 00
RDI=0x00000000000001d0 is an unknown value
R8 =0x00000214a01ccf20 points into unknown readable memory: 0x00000214a7002520 | 20 25 00 a7 14 02 00 00
R9 =0x00000000000000dc is an unknown value
R10=0x0000021447adcf98 is at code_begin+1016 in an Interpreter codelet
native method entry point (kind = native)  [0x0000021447adcba0, 0x0000021447add6c0]  2848 bytes
R11=0x0000000000000102 is an unknown value
R12=0x00000214a01ccf20 points into unknown readable memory: 0x00000214a7002520 | 20 25 00 a7 14 02 00 00
R13=0x00000214a01ccf20 points into unknown readable memory: 0x00000214a7002520 | 20 25 00 a7 14 02 00 00
R14=0x000000ac407ff408 is pointing into the stack for thread: 0x00000214368be900
R15=0x00000214368be900 is a thread

Top of Stack: (sp=0x000000ac407ff2a0)
0x000000ac407ff2a0:   0000000000000080 0000000000000000
0x000000ac407ff2b0:   0000000711022ce0 fffffffffffffff7
0x000000ac407ff2c0:   0000000000000000 00000214a01ccf20
0x000000ac407ff2d0:   00000214998cad58 0000000066b1ffb6
0x000000ac407ff2e0:   000000070fd38b88 000002149982ab18
0x000000ac407ff2f0:   00000000000001d0 0000021447adbf1d
0x000000ac407ff300:   00000214998cad58 0000000000000000
0x000000ac407ff310:   00000214a01ccf20 0000000066b26620
0x000000ac407ff320:   0000000711022ce0 0000021447adbedd
0x000000ac407ff330:   fffffffffffffff7 0000021499858a48
0x000000ac407ff340:   0000000000000000 0000021447adcfc7
0x000000ac407ff350:   0000000000000000 000000070fd37530
0x000000ac407ff360:   0000021499858a78 0000000000000000
0x000000ac407ff370:   000000ac407ff388 000000ac407ff3d8
0x000000ac407ff380:   0000021447ad8f0e 00000007110227e0
0x000000ac407ff390:   fffffffffffffff7 0000000000000000
0x000000ac407ff3a0:   0000000000000006 00000214998db848
0x000000ac407ff3b0:   0000000000000000 000000070fc207f8
0x000000ac407ff3c0:   00000214998cad58 0000000000000000
0x000000ac407ff3d0:   000000ac407ff3f8 000000ac407ff458
0x000000ac407ff3e0:   0000021447ad88c0 0000000000000000
0x000000ac407ff3f0:   0000021447ada517 00000214a01ccf20
0x000000ac407ff400:   0000000000000000 000000071124e5e8
0x000000ac407ff410:   fffffffffffffff7 00000214998cacad
0x000000ac407ff420:   0000000000000002 00000214998db848
0x000000ac407ff430:   0000000000000000 000000070fc207f8
0x000000ac407ff440:   00000214998cacc8 fffffffffffffff4
0x000000ac407ff450:   000000ac407ff468 000000ac407ff4b8
0x000000ac407ff460:   0000021447ad88c0 000000071124e5e8
0x000000ac407ff470:   fffffffffffffff7 00000214998c2338
0x000000ac407ff480:   0000000000000002 00000214998c34a0
0x000000ac407ff490:   0000000000000000 000000070fc087b0 

Instructions: (pc=0x0000000066b1e82e)
0x0000000066b1e72e:   00 00 00 00 c3 90 66 66 2e 0f 1f 84 00 00 00 00
0x0000000066b1e73e:   00 90 41 54 57 56 53 48 83 ec 28 49 8b 41 08 f3
0x0000000066b1e74e:   41 0f 10 41 10 48 89 41 40 41 8b 41 1e 48 89 cb
0x0000000066b1e75e:   49 89 d4 f3 0f 11 41 20 f3 41 0f 10 41 14 4c 89
0x0000000066b1e76e:   ce 89 41 34 41 0f b7 41 22 4c 89 41 10 66 89 41
0x0000000066b1e77e:   38 41 0f b6 41 1c f3 0f 11 41 24 88 41 3a 48 c7
0x0000000066b1e78e:   41 08 00 00 00 00 49 8b 09 48 8b 01 ff 50 10 48
0x0000000066b1e79e:   89 c1 48 89 43 18 48 8b 00 ff 50 18 4c 89 e1 89
0x0000000066b1e7ae:   c2 89 c7 c1 e2 05 e8 07 c6 fe ff 48 89 43 28 85
0x0000000066b1e7be:   ff 7e 2e 8d 4f ff 48 8d 50 10 48 c1 e1 05 48 8d
0x0000000066b1e7ce:   44 08 30 0f 1f 80 00 00 00 00 48 c7 02 00 00 00
0x0000000066b1e7de:   00 48 83 c2 20 c7 42 ec ff ff ff ff 48 39 c2 75
0x0000000066b1e7ee:   e9 f3 0f 10 46 18 c7 43 30 00 00 00 00 f3 0f 11
0x0000000066b1e7fe:   03 48 83 c4 28 5b 5e 5f 41 5c c3 90 66 0f 1f 44
0x0000000066b1e80e:   00 00 41 55 41 54 53 48 83 ec 20 8b 41 30 48 89
0x0000000066b1e81e:   cb 49 89 d5 85 c0 0f 85 9e 00 00 00 48 8b 4b 18
0x0000000066b1e82e:   48 8b 01 ff 50 18 48 8b 53 28 4c 89 e9 c1 e0 05
0x0000000066b1e83e:   41 89 c0 e8 9a c7 fe ff 4c 8b 63 18 48 c7 43 28
0x0000000066b1e84e:   00 00 00 00 41 8b 44 24 08 83 f8 02 0f 84 b0 00
0x0000000066b1e85e:   00 00 77 3e 85 c0 0f 84 c6 00 00 00 49 8b 04 24
0x0000000066b1e86e:   4c 89 e1 ff 10 41 b8 38 00 00 00 4c 89 e2 4c 89
0x0000000066b1e87e:   e9 e8 5c c7 fe ff 48 c7 43 18 00 00 00 00 48 83
0x0000000066b1e88e:   c4 20 5b 41 5c 41 5d c3 66 2e 0f 1f 84 00 00 00
0x0000000066b1e89e:   00 00 83 f8 03 75 4b 49 8b 04 24 4c 89 e1 ff 10
0x0000000066b1e8ae:   41 b8 30 00 00 00 4c 89 e2 4c 89 e9 e8 21 c7 fe
0x0000000066b1e8be:   ff eb c3 0f 1f 80 00 00 00 00 41 b8 48 00 00 00
0x0000000066b1e8ce:   48 8d 15 8b 38 02 00 48 8d 0d e4 38 02 00 ff 15
0x0000000066b1e8de:   d2 7a 03 00 e9 43 ff ff ff 66 0f 1f 84 00 00 00
0x0000000066b1e8ee:   00 00 41 b8 73 00 00 00 48 8d 15 63 38 02 00 48
0x0000000066b1e8fe:   8d 0d ce 38 02 00 ff 15 aa 7a 03 00 e9 75 ff ff
0x0000000066b1e90e:   ff 90 49 8b 04 24 4c 89 e1 ff 10 41 b8 a0 00 00
0x0000000066b1e91e:   00 4c 89 e2 4c 89 e9 e8 b6 c6 fe ff e9 55 ff ff 


Stack slot to memory mapping:

stack at sp + 0 slots: 0x0000000000000080 is an unknown value
stack at sp + 1 slots: 0x0 is null
stack at sp + 2 slots: 0x0000000711022ce0 is an oop: com.badlogic.gdx.utils.ObjectMap$Values 
{0x0000000711022ce0} - klass: 'com/badlogic/gdx/utils/ObjectMap$Values'
 - ---- fields (total size 4 words):
 - 'nextIndex' 'I' @12  128 (0x00000080)
 - 'currentIndex' 'I' @16  93 (0x0000005d)
 - public 'hasNext' 'Z' @20  false (0x00)
 - 'valid' 'Z' @21  true (0x01)
 - final 'map' 'Lcom/badlogic/gdx/utils/ObjectMap;' @24  a 'com/badlogic/gdx/utils/ObjectMap'{0x000000071121e170} (0xe2243c2e)
stack at sp + 3 slots: 0xfffffffffffffff7 is an unknown value
stack at sp + 4 slots: 0x0 is null
stack at sp + 5 slots: 0x00000214a01ccf20 points into unknown readable memory: 0x00000214a7002520 | 20 25 00 a7 14 02 00 00
stack at sp + 6 slots: {method} {0x00000214998cad60} 'jniDispose' '(J)V' in 'com/badlogic/gdx/physics/box2d/World'
stack at sp + 7 slots: 0x0000000066b1ffb6 gdx-box2d64.dll

native method entry point (kind = native)  [0x0000021447adcba0, 0x0000021447add6c0]  2848 bytes
[MachCode]
  0x0000021447adcba0: 488b 4b08 | 0fb7 492e | 584c 8d74 | ccf8 6800 | 0000 0068 | 0000 0000 | 5055 488b | ec41 5568 
  0x0000021447adcbc0: 0000 0000 | 4c8b 6b08 | 4d8d 6d38 | 5348 8b53 | 0848 8b52 | 0848 8b52 | 1848 8b52 | 7048 8b12 
  0x0000021447adcbe0: 5248 8b53 | 1048 85d2 | 0f84 0700 | 0000 4881 | c210 0100 | 0052 488b | 5308 488b | 5208 488b 
  0x0000021447adcc00: 5210 5249 | 8bc6 482b | c548 c1e8 | 0350 6800 | 0000 0068 | f7ff ffff | 41c6 8781 | 0400 0001 
  0x0000021447adcc20: 488b 4310 | 4885 c074 | 208b 88cc | 0000 0083 | c102 8988 | cc00 0000 | 2388 e000 | 0000 0f84 
  0x0000021447adcc40: cb09 0000 | e9cf 0000 | 0048 8b43 | 1848 85c0 | 0f85 b000 | 0000 e805 | 0000 00e9 | 9900 0000 
  0x0000021447adcc60: 488b d348 | 8d44 2408 | 4c89 6dc0 | 498b cfc5 | f877 4989 | afb0 0300 | 0049 8987 | a003 0000 
  0x0000021447adcc80: 4883 ec20 | 40f6 c40f | 0f84 1900 | 0000 4883 | ec08 48b8 | 00a7 9373 | f87f 0000 | ffd0 4883 
  0x0000021447adcca0: c408 e90c | 0000 0048 | b800 a793 | 73f8 7f00 | 00ff d048 | 83c4 2049 | c787 a003 | 0000 0000 
  0x0000021447adccc0: 0000 49c7 | 87b0 0300 | 0000 0000 | 0049 c787 | a803 0000 | 0000 0000 | c5f8 7749 | 837f 0800 
  0x0000021447adcce0: 0f84 0500 | 0000 e915 | 42ff ff4c | 8b6d c04c | 8b75 c84e | 8d74 f500 | c348 8b43 | 1848 85c0 
  0x0000021447adcd00: 0f84 1200 | 0000 8b48 | 0883 c102 | 8948 0823 | 481c 0f84 | f708 0000 | 493b a7f0 | 0400 000f 
  0x0000021447adcd20: 8748 0000 | 0089 8424 | 00f0 ffff | 8984 2400 | e0ff ff89 | 8424 00d0 | ffff 8984 | 2400 c0ff 
  0x0000021447adcd40: ff89 8424 | 00b0 ffff | 8984 2400 | a0ff ff89 | 8424 0090 | ffff 8984 | 2400 80ff | ff49 3ba7 
  0x0000021447adcd60: e804 0000 | 7607 4989 | a7f0 0400 | 0041 c687 | 8104 0000 | 0049 ba6c | 401a 74f8 | 7f00 0041 
  0x0000021447adcd80: 803a 000f | 843e 0000 | 0048 8b55 | e849 8bcf | 4883 ec20 | 40f6 c40f | 0f84 1900 | 0000 4883 
  0x0000021447adcda0: ec08 48b8 | 80b9 ca73 | f87f 0000 | ffd0 4883 | c408 e90c | 0000 0048 | b880 b9ca | 73f8 7f00 
  0x0000021447adcdc0: 00ff d048 | 83c4 2048 | 8b5d e84c | 8b5b 0845 | 0fb7 5b2e | 41c1 e303 | 492b e348 | 83ec 2048 
  0x0000021447adcde0: 83e4 f04c | 8b5b 604d | 85db 0f85 | ab00 0000 | e805 0000 | 00e9 9900 | 0000 488b | d348 8d44 
  0x0000021447adce00: 2408 4c89 | 6dc0 498b | cfc5 f877 | 4989 afb0 | 0300 0049 | 8987 a003 | 0000 4883 | ec20 40f6 
  0x0000021447adce20: c40f 0f84 | 1900 0000 | 4883 ec08 | 48b8 20ce | 9373 f87f | 0000 ffd0 | 4883 c408 | e90c 0000 
  0x0000021447adce40: 0048 b820 | ce93 73f8 | 7f00 00ff | d048 83c4 | 2049 c787 | a003 0000 | 0000 0000 | 49c7 87b0 
  0x0000021447adce60: 0300 0000 | 0000 0049 | c787 a803 | 0000 0000 | 0000 c5f8 | 7749 837f | 0800 0f84 | 0500 0000 
  0x0000021447adce80: e97b 40ff | ff4c 8b6d | c04c 8b75 | c84e 8d74 | f500 c348 | 8b5d e84c | 8b5b 6041 | ffd3 488b 
  0x0000021447adcea0: 5de8 4889 | 4518 448b | 5b28 41f6 | c308 0f84 | 1b00 0000 | 4c8b 5b08 | 4d8b 5b08 | 4d8b 5b18 
  0x0000021447adcec0: 4d8b 5b70 | 4d8b 1b4c | 895d 1048 | 8d55 1048 | 8b43 5849 | ba80 10cb | 73f8 7f00 | 0049 3bc2 
  0x0000021447adcee0: 0f85 ab00 | 0000 e805 | 0000 00e9 | 9900 0000 | 488b d348 | 8d44 2408 | 4c89 6dc0 | 498b cfc5 
  0x0000021447adcf00: f877 4989 | afb0 0300 | 0049 8987 | a003 0000 | 4883 ec20 | 40f6 c40f | 0f84 1900 | 0000 4883 
  0x0000021447adcf20: ec08 48b8 | 20ce 9373 | f87f 0000 | ffd0 4883 | c408 e90c | 0000 0048 | b820 ce93 | 73f8 7f00 
  0x0000021447adcf40: 00ff d048 | 83c4 2049 | c787 a003 | 0000 0000 | 0000 49c7 | 87b0 0300 | 0000 0000 | 0049 c787 
  0x0000021447adcf60: a803 0000 | 0000 0000 | c5f8 7749 | 837f 0800 | 0f84 0500 | 0000 e985 | 3fff ff4c | 8b6d c04c 
  0x0000021447adcf80: 8b75 c84e | 8d74 f500 | c348 8b5d | e848 8b43 | 5849 8d8f | c003 0000 | c5f8 7749 | 89af b003 
  0x0000021447adcfa0: 0000 49ba | 98cf ad47 | 1402 0000 | 4d89 97a8 | 0300 0049 | 89a7 a003 | 0000 41c7 | 8754 0400 
  0x0000021447adcfc0: 0004 0000 | 00ff d0c5 | f877 4883 | ec10 c5fb | 1104 2448 | 83ec 1048 | 8904 2448 | c744 2408 
  0x0000021447adcfe0: 0000 0000 | 41c7 8754 | 0400 0005 | 0000 00f0 | 8344 24c0 | 0049 3baf | 5804 0000 | 0f87 0e00 
  0x0000021447add000: 0000 4183 | bf50 0400 | 0000 0f84 | 2000 0000 | 498b cf4c | 8be4 4883 | ec20 4883 | e4f0 48b8 
  0x0000021447add020: 4023 9573 | f87f 0000 | ffd0 498b | e44d 33e4 | 41c7 8754 | 0400 0008 | 0000 0049 | c787 a003 
  0x0000021447add040: 0000 0000 | 0000 49c7 | 87b0 0300 | 0000 0000 | 0049 c787 | a803 0000 | 0000 0000 | c5f8 774d 
  0x0000021447add060: 8b9f 3004 | 0000 41c7 | 8300 0100 | 0000 0000 | 0049 bb1a | a5ad 4714 | 0200 004c | 3b5d 180f 
  0x0000021447add080: 8524 0200 | 0048 8b04 | 2448 83c4 | 1048 85c0 | 0f84 fe01 | 0000 a803 | 0f85 0800 | 0000 488b 
  0x0000021447add0a0: 00e9 ee01 | 0000 a801 | 0f85 0900 | 0000 488b | 40fe e9dd | 0100 0048 | 8b40 ff41 | 807f 3800 
  0x0000021447add0c0: 0f84 ce01 | 0000 4883 | f800 0f84 | c401 0000 | 4d8b 5f28 | 4983 fb00 | 0f84 1400 | 0000 4983 
  0x0000021447add0e0: eb08 4d89 | 5f28 4d03 | 5f30 4989 | 03e9 a201 | 0000 4881 | ecd0 0000 | 0048 8904 | 2448 894c 
  0x0000021447add100: 2408 4889 | 5424 1048 | 8974 2418 | 4889 7c24 | 204c 8944 | 2428 4c89 | 4c24 304c | 8954 2438 
  0x0000021447add120: 4c89 5c24 | 40c5 fb11 | 4424 50c5 | fb11 4c24 | 58c5 fb11 | 5424 60c5 | fb11 5c24 | 68c5 fb11 
  0x0000021447add140: 6424 70c5 | fb11 6c24 | 78c5 fb11 | b424 8000 | 0000 c5fb | 11bc 2488 | 0000 00c5 | 7b11 8424 
  0x0000021447add160: 9000 0000 | c57b 118c | 2498 0000 | 00c5 7b11 | 9424 a000 | 0000 c57b | 119c 24a8 | 0000 00c5 
  0x0000021447add180: 7b11 a424 | b000 0000 | c57b 11ac | 24b8 0000 | 00c5 7b11 | b424 c000 | 0000 c57b | 11bc 24c8 
  0x0000021447add1a0: 0000 0049 | 8bd7 488b | c848 83ec | 2040 f6c4 | 0f0f 8419 | 0000 0048 | 83ec 0848 | b830 3f88 
  0x0000021447add1c0: 73f8 7f00 | 00ff d048 | 83c4 08e9 | 0c00 0000 | 48b8 303f | 8873 f87f | 0000 ffd0 | 4883 c420 
  0x0000021447add1e0: c57b 10bc | 24c8 0000 | 00c5 7b10 | b424 c000 | 0000 c57b | 10ac 24b8 | 0000 00c5 | 7b10 a424 
  0x0000021447add200: b000 0000 | c57b 109c | 24a8 0000 | 00c5 7b10 | 9424 a000 | 0000 c57b | 108c 2498 | 0000 00c5 
  0x0000021447add220: 7b10 8424 | 9000 0000 | c5fb 10bc | 2488 0000 | 00c5 fb10 | b424 8000 | 0000 c5fb | 106c 2478 
  0x0000021447add240: c5fb 1064 | 2470 c5fb | 105c 2468 | c5fb 1054 | 2460 c5fb | 104c 2458 | c5fb 1044 | 2450 4c8b 
  0x0000021447add260: 5c24 404c | 8b54 2438 | 4c8b 4c24 | 304c 8b44 | 2428 488b | 7c24 2048 | 8b74 2418 | 488b 5424 
  0x0000021447add280: 1048 8b4c | 2408 488b | 0424 4881 | c4d0 0000 | 00c5 f877 | 4889 4510 | 4883 ec10 | 4889 0424 
  0x0000021447add2a0: 48c7 4424 | 0800 0000 | 0041 83bf | d004 0000 | 020f 85bf | 0000 0048 | 81ec 8000 | 0000 4889 
  0x0000021447add2c0: 4424 7848 | 894c 2470 | 4889 5424 | 6848 895c | 2460 4889 | 6c24 5048 | 8974 2448 | 4889 7c24 
  0x0000021447add2e0: 404c 8944 | 2438 4c89 | 4c24 304c | 8954 2428 | 4c89 5c24 | 204c 8964 | 2418 4c89 | 6c24 104c 
  0x0000021447add300: 8974 2408 | 4c89 3c24 | 4c8b e448 | 83ec 2048 | 83e4 f048 | b8d0 f1ca | 73f8 7f00 | 00ff d049 
  0x0000021447add320: 8be4 4c8b | 3c24 4c8b | 7424 084c | 8b6c 2410 | 4c8b 6424 | 184c 8b5c | 2420 4c8b | 5424 284c 
  0x0000021447add340: 8b4c 2430 | 4c8b 4424 | 3848 8b7c | 2440 488b | 7424 4848 | 8b6c 2450 | 488b 5c24 | 6048 8b54 
  0x0000021447add360: 2468 488b | 4c24 7048 | 8b44 2478 | 4881 c480 | 0000 004d | 33e4 488b | 5de8 4c8b | 6b08 4d8d 
  0x0000021447add380: 6d38 4983 | 7f08 000f | 84bb 0000 | 00e8 0500 | 0000 e996 | 0000 0048 | 8d44 2408 | 4c89 6dc0 
  0x0000021447add3a0: 498b cfc5 | f877 4989 | afb0 0300 | 0049 8987 | a003 0000 | 4883 ec20 | 40f6 c40f | 0f84 1900 
  0x0000021447add3c0: 0000 4883 | ec08 48b8 | 60ec 9373 | f87f 0000 | ffd0 4883 | c408 e90c | 0000 0048 | b860 ec93 
  0x0000021447add3e0: 73f8 7f00 | 00ff d048 | 83c4 2049 | c787 a003 | 0000 0000 | 0000 49c7 | 87b0 0300 | 0000 0000 
  0x0000021447add400: 0049 c787 | a803 0000 | 0000 0000 | c5f8 7749 | 837f 0800 | 0f84 0500 | 0000 e9e1 | 3aff ff4c 
  0x0000021447add420: 8b6d c04c | 8b75 c84e | 8d74 f500 | c348 b9b0 | 28f2 73f8 | 7f00 0048 | 83e4 f048 | b830 99b9 
  0x0000021447add440: 73f8 7f00 | 00ff d0f4 | 448b 5b28 | 41f6 c320 | 0f84 4401 | 0000 488d | 55a8 4c8b | 5a08 4d85 
  0x0000021447add460: db0f 85bb | 0000 00e8 | 0500 0000 | e996 0000 | 0048 8d44 | 2408 4c89 | 6dc0 498b | cfc5 f877 
  0x0000021447add480: 4989 afb0 | 0300 0049 | 8987 a003 | 0000 4883 | ec20 40f6 | c40f 0f84 | 1900 0000 | 4883 ec08 
  0x0000021447add4a0: 48b8 90eb | 9373 f87f | 0000 ffd0 | 4883 c408 | e90c 0000 | 0048 b890 | eb93 73f8 | 7f00 00ff 
  0x0000021447add4c0: d048 83c4 | 2049 c787 | a003 0000 | 0000 0000 | 49c7 87b0 | 0300 0000 | 0000 0049 | c787 a803 
  0x0000021447add4e0: 0000 0000 | 0000 c5f8 | 7749 837f | 0800 0f84 | 0500 0000 | e907 3aff | ff4c 8b6d | c04c 8b75 
  0x0000021447add500: c84e 8d74 | f500 c348 | b9b0 28f2 | 73f8 7f00 | 0048 83e4 | f048 b830 | 99b9 73f8 | 7f00 00ff 
  0x0000021447add520: d0f4 4c89 | 6dc0 488d | 024c 8b4a | 0848 c742 | 0800 0000 | 004c 8b00 | 4d85 c00f | 840b 0000 
  0x0000021447add540: 00f0 4d0f | b101 0f85 | 0c00 0000 | 49ff 8f58 | 0500 00e9 | 3e00 0000 | 4c89 4a08 | 488b ca48 
  0x0000021447add560: 83ec 2040 | f6c4 0f0f | 8419 0000 | 0048 83ec | 0848 b820 | be93 73f8 | 7f00 00ff | d048 83c4 
  0x0000021447add580: 08e9 0c00 | 0000 48b8 | 20be 9373 | f87f 0000 | ffd0 4883 | c420 4c8b | 6dc0 49ba | 6c40 1a74 
  0x0000021447add5a0: f87f 0000 | 4180 3a00 | 0f84 3e00 | 0000 488b | 55e8 498b | cf48 83ec | 2040 f6c4 | 0f0f 8419 
  0x0000021447add5c0: 0000 0048 | 83ec 0848 | b880 b9ca | 73f8 7f00 | 00ff d048 | 83c4 08e9 | 0c00 0000 | 48b8 80b9 
  0x0000021447add5e0: ca73 f87f | 0000 ffd0 | 4883 c420 | 488b 0424 | 4883 c410 | c5fb 1004 | 2448 83c4 | 104c 8b5d 
  0x0000021447add600: 1841 ffd3 | 4c8b 5df8 | c95f 498b | e3ff e7ba | 0000 0000 | e805 0000 | 00e9 9600 | 0000 488d 
  0x0000021447add620: 4424 084c | 896d c049 | 8bcf c5f8 | 7749 89af | b003 0000 | 4989 87a0 | 0300 0048 | 83ec 2040 
  0x0000021447add640: f6c4 0f0f | 8419 0000 | 0048 83ec | 0848 b8e0 | b193 73f8 | 7f00 00ff | d048 83c4 | 08e9 0c00 
  0x0000021447add660: 0000 48b8 | e0b1 9373 | f87f 0000 | ffd0 4883 | c420 49c7 | 87a0 0300 | 0000 0000 | 0049 c787 
  0x0000021447add680: b003 0000 | 0000 0000 | 49c7 87a8 | 0300 0000 | 0000 00c5 | f877 4983 | 7f08 000f | 8405 0000 
  0x0000021447add6a0: 00e9 5a38 | ffff 4c8b | 6dc0 4c8b | 75c8 4e8d | 74f5 00c3 | 488b 5de8 | e95b f6ff | ff66 6690 
[/MachCode]

---------------  P R O C E S S  ---------------

Threads class SMR info:
_java_thread_list=0x000002149fa92f40, length=13, elements={
0x00000214368be900, 0x000002145766cd80, 0x000002145766dca0, 0x0000021457670220,
0x0000021457672dc0, 0x0000021457673950, 0x0000021457675850, 0x00000214576765e0,
0x000002145767b0b0, 0x00000214578d8230, 0x00000214578e5880, 0x000002149d7fe590,
0x000002149fa9a490
}

Java Threads: ( => current thread )
=>0x00000214368be900 JavaThread "main"                              [_thread_in_native, id=12600, stack(0x000000ac40700000,0x000000ac40800000) (1024K)]
  0x000002145766cd80 JavaThread "Reference Handler"          daemon [_thread_blocked, id=16488, stack(0x000000ac40f00000,0x000000ac41000000) (1024K)]
  0x000002145766dca0 JavaThread "Finalizer"                  daemon [_thread_blocked, id=12296, stack(0x000000ac41000000,0x000000ac41100000) (1024K)]
  0x0000021457670220 JavaThread "Signal Dispatcher"          daemon [_thread_blocked, id=14924, stack(0x000000ac41100000,0x000000ac41200000) (1024K)]
  0x0000021457672dc0 JavaThread "Attach Listener"            daemon [_thread_blocked, id=9804, stack(0x000000ac41200000,0x000000ac41300000) (1024K)]
  0x0000021457673950 JavaThread "Service Thread"             daemon [_thread_blocked, id=13132, stack(0x000000ac41300000,0x000000ac41400000) (1024K)]
  0x0000021457675850 JavaThread "Monitor Deflation Thread"   daemon [_thread_blocked, id=15336, stack(0x000000ac41400000,0x000000ac41500000) (1024K)]
  0x00000214576765e0 JavaThread "C2 CompilerThread0"         daemon [_thread_blocked, id=14640, stack(0x000000ac41500000,0x000000ac41600000) (1024K)]
  0x000002145767b0b0 JavaThread "C1 CompilerThread0"         daemon [_thread_blocked, id=3292, stack(0x000000ac41600000,0x000000ac41700000) (1024K)]
  0x00000214578d8230 JavaThread "Notification Thread"        daemon [_thread_blocked, id=9248, stack(0x000000ac41700000,0x000000ac41800000) (1024K)]
  0x00000214578e5880 JavaThread "Common-Cleaner"             daemon [_thread_blocked, id=6244, stack(0x000000ac41800000,0x000000ac41900000) (1024K)]
  0x000002149d7fe590 JavaThread "Thread-0"                   daemon [_thread_blocked, id=13112, stack(0x000000ac42000000,0x000000ac42100000) (1024K)]
  0x000002149fa9a490 JavaThread "LWJGL3 Timer"               daemon [_thread_blocked, id=10532, stack(0x000000ac41900000,0x000000ac41a00000) (1024K)]
Total: 13

Other Threads:
  0x0000021457652970 VMThread "VM Thread"                           [id=5456, stack(0x000000ac40e00000,0x000000ac40f00000) (1024K)]
  0x00000214576383e0 WatcherThread "VM Periodic Task Thread"        [id=18540, stack(0x000000ac40d00000,0x000000ac40e00000) (1024K)]
  0x0000021436b012c0 WorkerThread "GC Thread#0"                     [id=13324, stack(0x000000ac40800000,0x000000ac40900000) (1024K)]
  0x00000214a6074b50 WorkerThread "GC Thread#1"                     [id=2864, stack(0x000000ac42500000,0x000000ac42600000) (1024K)]
  0x000002149fabdc70 WorkerThread "GC Thread#2"                     [id=18840, stack(0x000000ac42600000,0x000000ac42700000) (1024K)]
  0x000002149fabe020 WorkerThread "GC Thread#3"                     [id=4504, stack(0x000000ac42700000,0x000000ac42800000) (1024K)]
  0x000002149fb70af0 WorkerThread "GC Thread#4"                     [id=15732, stack(0x000000ac42800000,0x000000ac42900000) (1024K)]
  0x000002149feeb010 WorkerThread "GC Thread#5"                     [id=19076, stack(0x000000ac42900000,0x000000ac42a00000) (1024K)]
  0x0000021436b12320 ConcurrentGCThread "G1 Main Marker"            [id=19408, stack(0x000000ac40900000,0x000000ac40a00000) (1024K)]
  0x0000021436b135d0 WorkerThread "G1 Conc#0"                       [id=13416, stack(0x000000ac40a00000,0x000000ac40b00000) (1024K)]
  0x00000214574f61b0 ConcurrentGCThread "G1 Refine#0"               [id=8856, stack(0x000000ac40b00000,0x000000ac40c00000) (1024K)]
  0x00000214574f69e0 ConcurrentGCThread "G1 Service"                [id=13576, stack(0x000000ac40c00000,0x000000ac40d00000) (1024K)]
Total: 12

Threads with active compile tasks:
Total: 0

VM state: not at safepoint (normal execution)

VM Mutex/Monitor currently owned by a thread: None

Heap address: 0x0000000701400000, size: 4076 MB, Compressed Oops mode: Zero based, Oop shift amount: 3

CDS archive(s) mapped at: [0x0000021458000000-0x0000021458c60000-0x0000021458c60000), size 12976128, SharedBaseAddress: 0x0000021458000000, ArchiveRelocationMode: 1.
Compressed class space mapped at: 0x0000021459000000-0x0000021499000000, reserved size: 1073741824
Narrow klass base: 0x0000021458000000, Narrow klass shift: 0, Narrow klass range: 0x41000000

GC Precious Log:
 CardTable entry size: 512
 Card Set container configuration: InlinePtr #cards 4 size 8 Array Of Cards #cards 16 size 48 Howl #buckets 8 coarsen threshold 3686 Howl Bitmap #cards 512 size 80 coarsen threshold 460 Card regions per heap region 1 cards per card region 4096
 CPUs: 6 total, 6 available
 Memory: 16296M
 Large Page Support: Disabled
 NUMA Support: Disabled
 Compressed Oops: Enabled (Zero based)
 Heap Region Size: 2M
 Heap Min Capacity: 8M
 Heap Initial Capacity: 256M
 Heap Max Capacity: 4076M
 Pre-touch: Disabled
 Parallel Workers: 6
 Concurrent Workers: 2
 Concurrent Refinement Workers: 6
 Periodic GC: Disabled

Heap:
 garbage-first heap   total reserved 4173824K, committed 262144K, used 5785K [0x0000000701400000, 0x0000000800000000)
  region size 2048K, 4 young (8192K), 2 survivors (4096K)
 Metaspace       used 8298K, committed 8512K, reserved 1114112K
  class space    used 655K, committed 768K, reserved 1048576K

Heap Regions: E=young(eden), S=young(survivor), O=old, HS=humongous(starts), HC=humongous(continues), CS=collection set, F=free, TAMS=top-at-mark-start, PB=parsable bottom
|   0|0x0000000701400000, 0x0000000701400000, 0x0000000701600000|  0%| F|  |TAMS 0x0000000701400000| PB 0x0000000701400000| Untracked |  0
|   1|0x0000000701600000, 0x0000000701600000, 0x0000000701800000|  0%| F|  |TAMS 0x0000000701600000| PB 0x0000000701600000| Untracked |  0
|   2|0x0000000701800000, 0x0000000701800000, 0x0000000701a00000|  0%| F|  |TAMS 0x0000000701800000| PB 0x0000000701800000| Untracked |  0
|   3|0x0000000701a00000, 0x0000000701a00000, 0x0000000701c00000|  0%| F|  |TAMS 0x0000000701a00000| PB 0x0000000701a00000| Untracked |  0
|   4|0x0000000701c00000, 0x0000000701c00000, 0x0000000701e00000|  0%| F|  |TAMS 0x0000000701c00000| PB 0x0000000701c00000| Untracked |  0
|   5|0x0000000701e00000, 0x0000000701e00000, 0x0000000702000000|  0%| F|  |TAMS 0x0000000701e00000| PB 0x0000000701e00000| Untracked |  0
|   6|0x0000000702000000, 0x0000000702000000, 0x0000000702200000|  0%| F|  |TAMS 0x0000000702000000| PB 0x0000000702000000| Untracked |  0
|   7|0x0000000702200000, 0x0000000702200000, 0x0000000702400000|  0%| F|  |TAMS 0x0000000702200000| PB 0x0000000702200000| Untracked |  0
|   8|0x0000000702400000, 0x0000000702400000, 0x0000000702600000|  0%| F|  |TAMS 0x0000000702400000| PB 0x0000000702400000| Untracked |  0
|   9|0x0000000702600000, 0x0000000702600000, 0x0000000702800000|  0%| F|  |TAMS 0x0000000702600000| PB 0x0000000702600000| Untracked |  0
|  10|0x0000000702800000, 0x0000000702800000, 0x0000000702a00000|  0%| F|  |TAMS 0x0000000702800000| PB 0x0000000702800000| Untracked |  0
|  11|0x0000000702a00000, 0x0000000702a00000, 0x0000000702c00000|  0%| F|  |TAMS 0x0000000702a00000| PB 0x0000000702a00000| Untracked |  0
|  12|0x0000000702c00000, 0x0000000702c00000, 0x0000000702e00000|  0%| F|  |TAMS 0x0000000702c00000| PB 0x0000000702c00000| Untracked |  0
|  13|0x0000000702e00000, 0x0000000702e00000, 0x0000000703000000|  0%| F|  |TAMS 0x0000000702e00000| PB 0x0000000702e00000| Untracked |  0
|  14|0x0000000703000000, 0x0000000703000000, 0x0000000703200000|  0%| F|  |TAMS 0x0000000703000000| PB 0x0000000703000000| Untracked |  0
|  15|0x0000000703200000, 0x0000000703200000, 0x0000000703400000|  0%| F|  |TAMS 0x0000000703200000| PB 0x0000000703200000| Untracked |  0
|  16|0x0000000703400000, 0x0000000703400000, 0x0000000703600000|  0%| F|  |TAMS 0x0000000703400000| PB 0x0000000703400000| Untracked |  0
|  17|0x0000000703600000, 0x0000000703600000, 0x0000000703800000|  0%| F|  |TAMS 0x0000000703600000| PB 0x0000000703600000| Untracked |  0
|  18|0x0000000703800000, 0x0000000703800000, 0x0000000703a00000|  0%| F|  |TAMS 0x0000000703800000| PB 0x0000000703800000| Untracked |  0
|  19|0x0000000703a00000, 0x0000000703a00000, 0x0000000703c00000|  0%| F|  |TAMS 0x0000000703a00000| PB 0x0000000703a00000| Untracked |  0
|  20|0x0000000703c00000, 0x0000000703c00000, 0x0000000703e00000|  0%| F|  |TAMS 0x0000000703c00000| PB 0x0000000703c00000| Untracked |  0
|  21|0x0000000703e00000, 0x0000000703e00000, 0x0000000704000000|  0%| F|  |TAMS 0x0000000703e00000| PB 0x0000000703e00000| Untracked |  0
|  22|0x0000000704000000, 0x0000000704000000, 0x0000000704200000|  0%| F|  |TAMS 0x0000000704000000| PB 0x0000000704000000| Untracked |  0
|  23|0x0000000704200000, 0x0000000704200000, 0x0000000704400000|  0%| F|  |TAMS 0x0000000704200000| PB 0x0000000704200000| Untracked |  0
|  24|0x0000000704400000, 0x0000000704400000, 0x0000000704600000|  0%| F|  |TAMS 0x0000000704400000| PB 0x0000000704400000| Untracked |  0
|  25|0x0000000704600000, 0x0000000704600000, 0x0000000704800000|  0%| F|  |TAMS 0x0000000704600000| PB 0x0000000704600000| Untracked |  0
|  26|0x0000000704800000, 0x0000000704800000, 0x0000000704a00000|  0%| F|  |TAMS 0x0000000704800000| PB 0x0000000704800000| Untracked |  0
|  27|0x0000000704a00000, 0x0000000704a00000, 0x0000000704c00000|  0%| F|  |TAMS 0x0000000704a00000| PB 0x0000000704a00000| Untracked |  0
|  28|0x0000000704c00000, 0x0000000704c00000, 0x0000000704e00000|  0%| F|  |TAMS 0x0000000704c00000| PB 0x0000000704c00000| Untracked |  0
|  29|0x0000000704e00000, 0x0000000704e00000, 0x0000000705000000|  0%| F|  |TAMS 0x0000000704e00000| PB 0x0000000704e00000| Untracked |  0
|  30|0x0000000705000000, 0x0000000705000000, 0x0000000705200000|  0%| F|  |TAMS 0x0000000705000000| PB 0x0000000705000000| Untracked |  0
|  31|0x0000000705200000, 0x0000000705200000, 0x0000000705400000|  0%| F|  |TAMS 0x0000000705200000| PB 0x0000000705200000| Untracked |  0
|  32|0x0000000705400000, 0x0000000705400000, 0x0000000705600000|  0%| F|  |TAMS 0x0000000705400000| PB 0x0000000705400000| Untracked |  0
|  33|0x0000000705600000, 0x0000000705600000, 0x0000000705800000|  0%| F|  |TAMS 0x0000000705600000| PB 0x0000000705600000| Untracked |  0
|  34|0x0000000705800000, 0x0000000705800000, 0x0000000705a00000|  0%| F|  |TAMS 0x0000000705800000| PB 0x0000000705800000| Untracked |  0
|  35|0x0000000705a00000, 0x0000000705a00000, 0x0000000705c00000|  0%| F|  |TAMS 0x0000000705a00000| PB 0x0000000705a00000| Untracked |  0
|  36|0x0000000705c00000, 0x0000000705c00000, 0x0000000705e00000|  0%| F|  |TAMS 0x0000000705c00000| PB 0x0000000705c00000| Untracked |  0
|  37|0x0000000705e00000, 0x0000000705e00000, 0x0000000706000000|  0%| F|  |TAMS 0x0000000705e00000| PB 0x0000000705e00000| Untracked |  0
|  38|0x0000000706000000, 0x0000000706000000, 0x0000000706200000|  0%| F|  |TAMS 0x0000000706000000| PB 0x0000000706000000| Untracked |  0
|  39|0x0000000706200000, 0x0000000706200000, 0x0000000706400000|  0%| F|  |TAMS 0x0000000706200000| PB 0x0000000706200000| Untracked |  0
|  40|0x0000000706400000, 0x0000000706400000, 0x0000000706600000|  0%| F|  |TAMS 0x0000000706400000| PB 0x0000000706400000| Untracked |  0
|  41|0x0000000706600000, 0x0000000706600000, 0x0000000706800000|  0%| F|  |TAMS 0x0000000706600000| PB 0x0000000706600000| Untracked |  0
|  42|0x0000000706800000, 0x0000000706800000, 0x0000000706a00000|  0%| F|  |TAMS 0x0000000706800000| PB 0x0000000706800000| Untracked |  0
|  43|0x0000000706a00000, 0x0000000706a00000, 0x0000000706c00000|  0%| F|  |TAMS 0x0000000706a00000| PB 0x0000000706a00000| Untracked |  0
|  44|0x0000000706c00000, 0x0000000706c00000, 0x0000000706e00000|  0%| F|  |TAMS 0x0000000706c00000| PB 0x0000000706c00000| Untracked |  0
|  45|0x0000000706e00000, 0x0000000706e00000, 0x0000000707000000|  0%| F|  |TAMS 0x0000000706e00000| PB 0x0000000706e00000| Untracked |  0
|  46|0x0000000707000000, 0x0000000707000000, 0x0000000707200000|  0%| F|  |TAMS 0x0000000707000000| PB 0x0000000707000000| Untracked |  0
|  47|0x0000000707200000, 0x0000000707200000, 0x0000000707400000|  0%| F|  |TAMS 0x0000000707200000| PB 0x0000000707200000| Untracked |  0
|  48|0x0000000707400000, 0x0000000707400000, 0x0000000707600000|  0%| F|  |TAMS 0x0000000707400000| PB 0x0000000707400000| Untracked |  0
|  49|0x0000000707600000, 0x0000000707600000, 0x0000000707800000|  0%| F|  |TAMS 0x0000000707600000| PB 0x0000000707600000| Untracked |  0
|  50|0x0000000707800000, 0x0000000707800000, 0x0000000707a00000|  0%| F|  |TAMS 0x0000000707800000| PB 0x0000000707800000| Untracked |  0
|  51|0x0000000707a00000, 0x0000000707a00000, 0x0000000707c00000|  0%| F|  |TAMS 0x0000000707a00000| PB 0x0000000707a00000| Untracked |  0
|  52|0x0000000707c00000, 0x0000000707c00000, 0x0000000707e00000|  0%| F|  |TAMS 0x0000000707c00000| PB 0x0000000707c00000| Untracked |  0
|  53|0x0000000707e00000, 0x0000000707e00000, 0x0000000708000000|  0%| F|  |TAMS 0x0000000707e00000| PB 0x0000000707e00000| Untracked |  0
|  54|0x0000000708000000, 0x0000000708000000, 0x0000000708200000|  0%| F|  |TAMS 0x0000000708000000| PB 0x0000000708000000| Untracked |  0
|  55|0x0000000708200000, 0x0000000708200000, 0x0000000708400000|  0%| F|  |TAMS 0x0000000708200000| PB 0x0000000708200000| Untracked |  0
|  56|0x0000000708400000, 0x0000000708400000, 0x0000000708600000|  0%| F|  |TAMS 0x0000000708400000| PB 0x0000000708400000| Untracked |  0
|  57|0x0000000708600000, 0x0000000708600000, 0x0000000708800000|  0%| F|  |TAMS 0x0000000708600000| PB 0x0000000708600000| Untracked |  0
|  58|0x0000000708800000, 0x0000000708800000, 0x0000000708a00000|  0%| F|  |TAMS 0x0000000708800000| PB 0x0000000708800000| Untracked |  0
|  59|0x0000000708a00000, 0x0000000708a00000, 0x0000000708c00000|  0%| F|  |TAMS 0x0000000708a00000| PB 0x0000000708a00000| Untracked |  0
|  60|0x0000000708c00000, 0x0000000708c00000, 0x0000000708e00000|  0%| F|  |TAMS 0x0000000708c00000| PB 0x0000000708c00000| Untracked |  0
|  61|0x0000000708e00000, 0x0000000708e00000, 0x0000000709000000|  0%| F|  |TAMS 0x0000000708e00000| PB 0x0000000708e00000| Untracked |  0
|  62|0x0000000709000000, 0x0000000709000000, 0x0000000709200000|  0%| F|  |TAMS 0x0000000709000000| PB 0x0000000709000000| Untracked |  0
|  63|0x0000000709200000, 0x0000000709200000, 0x0000000709400000|  0%| F|  |TAMS 0x0000000709200000| PB 0x0000000709200000| Untracked |  0
|  64|0x0000000709400000, 0x0000000709400000, 0x0000000709600000|  0%| F|  |TAMS 0x0000000709400000| PB 0x0000000709400000| Untracked |  0
|  65|0x0000000709600000, 0x0000000709600000, 0x0000000709800000|  0%| F|  |TAMS 0x0000000709600000| PB 0x0000000709600000| Untracked |  0
|  66|0x0000000709800000, 0x0000000709800000, 0x0000000709a00000|  0%| F|  |TAMS 0x0000000709800000| PB 0x0000000709800000| Untracked |  0
|  67|0x0000000709a00000, 0x0000000709a00000, 0x0000000709c00000|  0%| F|  |TAMS 0x0000000709a00000| PB 0x0000000709a00000| Untracked |  0
|  68|0x0000000709c00000, 0x0000000709c00000, 0x0000000709e00000|  0%| F|  |TAMS 0x0000000709c00000| PB 0x0000000709c00000| Untracked |  0
|  69|0x0000000709e00000, 0x0000000709e00000, 0x000000070a000000|  0%| F|  |TAMS 0x0000000709e00000| PB 0x0000000709e00000| Untracked |  0
|  70|0x000000070a000000, 0x000000070a000000, 0x000000070a200000|  0%| F|  |TAMS 0x000000070a000000| PB 0x000000070a000000| Untracked |  0
|  71|0x000000070a200000, 0x000000070a200000, 0x000000070a400000|  0%| F|  |TAMS 0x000000070a200000| PB 0x000000070a200000| Untracked |  0
|  72|0x000000070a400000, 0x000000070a400000, 0x000000070a600000|  0%| F|  |TAMS 0x000000070a400000| PB 0x000000070a400000| Untracked |  0
|  73|0x000000070a600000, 0x000000070a600000, 0x000000070a800000|  0%| F|  |TAMS 0x000000070a600000| PB 0x000000070a600000| Untracked |  0
|  74|0x000000070a800000, 0x000000070a800000, 0x000000070aa00000|  0%| F|  |TAMS 0x000000070a800000| PB 0x000000070a800000| Untracked |  0
|  75|0x000000070aa00000, 0x000000070aa00000, 0x000000070ac00000|  0%| F|  |TAMS 0x000000070aa00000| PB 0x000000070aa00000| Untracked |  0
|  76|0x000000070ac00000, 0x000000070ac00000, 0x000000070ae00000|  0%| F|  |TAMS 0x000000070ac00000| PB 0x000000070ac00000| Untracked |  0
|  77|0x000000070ae00000, 0x000000070ae00000, 0x000000070b000000|  0%| F|  |TAMS 0x000000070ae00000| PB 0x000000070ae00000| Untracked |  0
|  78|0x000000070b000000, 0x000000070b000000, 0x000000070b200000|  0%| F|  |TAMS 0x000000070b000000| PB 0x000000070b000000| Untracked |  0
|  79|0x000000070b200000, 0x000000070b200000, 0x000000070b400000|  0%| F|  |TAMS 0x000000070b200000| PB 0x000000070b200000| Untracked |  0
|  80|0x000000070b400000, 0x000000070b400000, 0x000000070b600000|  0%| F|  |TAMS 0x000000070b400000| PB 0x000000070b400000| Untracked |  0
|  81|0x000000070b600000, 0x000000070b600000, 0x000000070b800000|  0%| F|  |TAMS 0x000000070b600000| PB 0x000000070b600000| Untracked |  0
|  82|0x000000070b800000, 0x000000070b800000, 0x000000070ba00000|  0%| F|  |TAMS 0x000000070b800000| PB 0x000000070b800000| Untracked |  0
|  83|0x000000070ba00000, 0x000000070ba00000, 0x000000070bc00000|  0%| F|  |TAMS 0x000000070ba00000| PB 0x000000070ba00000| Untracked |  0
|  84|0x000000070bc00000, 0x000000070bc00000, 0x000000070be00000|  0%| F|  |TAMS 0x000000070bc00000| PB 0x000000070bc00000| Untracked |  0
|  85|0x000000070be00000, 0x000000070be00000, 0x000000070c000000|  0%| F|  |TAMS 0x000000070be00000| PB 0x000000070be00000| Untracked |  0
|  86|0x000000070c000000, 0x000000070c000000, 0x000000070c200000|  0%| F|  |TAMS 0x000000070c000000| PB 0x000000070c000000| Untracked |  0
|  87|0x000000070c200000, 0x000000070c200000, 0x000000070c400000|  0%| F|  |TAMS 0x000000070c200000| PB 0x000000070c200000| Untracked |  0
|  88|0x000000070c400000, 0x000000070c400000, 0x000000070c600000|  0%| F|  |TAMS 0x000000070c400000| PB 0x000000070c400000| Untracked |  0
|  89|0x000000070c600000, 0x000000070c600000, 0x000000070c800000|  0%| F|  |TAMS 0x000000070c600000| PB 0x000000070c600000| Untracked |  0
|  90|0x000000070c800000, 0x000000070c800000, 0x000000070ca00000|  0%| F|  |TAMS 0x000000070c800000| PB 0x000000070c800000| Untracked |  0
|  91|0x000000070ca00000, 0x000000070ca00000, 0x000000070cc00000|  0%| F|  |TAMS 0x000000070ca00000| PB 0x000000070ca00000| Untracked |  0
|  92|0x000000070cc00000, 0x000000070cc00000, 0x000000070ce00000|  0%| F|  |TAMS 0x000000070cc00000| PB 0x000000070cc00000| Untracked |  0
|  93|0x000000070ce00000, 0x000000070ce00000, 0x000000070d000000|  0%| F|  |TAMS 0x000000070ce00000| PB 0x000000070ce00000| Untracked |  0
|  94|0x000000070d000000, 0x000000070d000000, 0x000000070d200000|  0%| F|  |TAMS 0x000000070d000000| PB 0x000000070d000000| Untracked |  0
|  95|0x000000070d200000, 0x000000070d200000, 0x000000070d400000|  0%| F|  |TAMS 0x000000070d200000| PB 0x000000070d200000| Untracked |  0
|  96|0x000000070d400000, 0x000000070d400000, 0x000000070d600000|  0%| F|  |TAMS 0x000000070d400000| PB 0x000000070d400000| Untracked |  0
|  97|0x000000070d600000, 0x000000070d600000, 0x000000070d800000|  0%| F|  |TAMS 0x000000070d600000| PB 0x000000070d600000| Untracked |  0
|  98|0x000000070d800000, 0x000000070d800000, 0x000000070da00000|  0%| F|  |TAMS 0x000000070d800000| PB 0x000000070d800000| Untracked |  0
|  99|0x000000070da00000, 0x000000070da00000, 0x000000070dc00000|  0%| F|  |TAMS 0x000000070da00000| PB 0x000000070da00000| Untracked |  0
| 100|0x000000070dc00000, 0x000000070dc00000, 0x000000070de00000|  0%| F|  |TAMS 0x000000070dc00000| PB 0x000000070dc00000| Untracked |  0
| 101|0x000000070de00000, 0x000000070de00000, 0x000000070e000000|  0%| F|  |TAMS 0x000000070de00000| PB 0x000000070de00000| Untracked |  0
| 102|0x000000070e000000, 0x000000070e000000, 0x000000070e200000|  0%| F|  |TAMS 0x000000070e000000| PB 0x000000070e000000| Untracked |  0
| 103|0x000000070e200000, 0x000000070e200000, 0x000000070e400000|  0%| F|  |TAMS 0x000000070e200000| PB 0x000000070e200000| Untracked |  0
| 104|0x000000070e400000, 0x000000070e400000, 0x000000070e600000|  0%| F|  |TAMS 0x000000070e400000| PB 0x000000070e400000| Untracked |  0
| 105|0x000000070e600000, 0x000000070e600000, 0x000000070e800000|  0%| F|  |TAMS 0x000000070e600000| PB 0x000000070e600000| Untracked |  0
| 106|0x000000070e800000, 0x000000070e800000, 0x000000070ea00000|  0%| F|  |TAMS 0x000000070e800000| PB 0x000000070e800000| Untracked |  0
| 107|0x000000070ea00000, 0x000000070ea00000, 0x000000070ec00000|  0%| F|  |TAMS 0x000000070ea00000| PB 0x000000070ea00000| Untracked |  0
| 108|0x000000070ec00000, 0x000000070ec00000, 0x000000070ee00000|  0%| F|  |TAMS 0x000000070ec00000| PB 0x000000070ec00000| Untracked |  0
| 109|0x000000070ee00000, 0x000000070ee00000, 0x000000070f000000|  0%| F|  |TAMS 0x000000070ee00000| PB 0x000000070ee00000| Untracked |  0
| 110|0x000000070f000000, 0x000000070f000000, 0x000000070f200000|  0%| F|  |TAMS 0x000000070f000000| PB 0x000000070f000000| Untracked |  0
| 111|0x000000070f200000, 0x000000070f200000, 0x000000070f400000|  0%| F|  |TAMS 0x000000070f200000| PB 0x000000070f200000| Untracked |  0
| 112|0x000000070f400000, 0x000000070f400000, 0x000000070f600000|  0%| F|  |TAMS 0x000000070f400000| PB 0x000000070f400000| Untracked |  0
| 113|0x000000070f600000, 0x000000070f600000, 0x000000070f800000|  0%| F|  |TAMS 0x000000070f600000| PB 0x000000070f600000| Untracked |  0
| 114|0x000000070f800000, 0x000000070f800000, 0x000000070fa00000|  0%| F|  |TAMS 0x000000070f800000| PB 0x000000070f800000| Untracked |  0
| 115|0x000000070fa00000, 0x000000070fba6550, 0x000000070fc00000| 82%| S|CS|TAMS 0x000000070fa00000| PB 0x000000070fa00000| Complete |  0
| 116|0x000000070fc00000, 0x000000070fe00000, 0x000000070fe00000|100%| S|CS|TAMS 0x000000070fc00000| PB 0x000000070fc00000| Complete |  0
| 117|0x000000070fe00000, 0x000000070fe00000, 0x0000000710000000|  0%| F|  |TAMS 0x000000070fe00000| PB 0x000000070fe00000| Untracked |  0
| 118|0x0000000710000000, 0x0000000710000000, 0x0000000710200000|  0%| F|  |TAMS 0x0000000710000000| PB 0x0000000710000000| Untracked |  0
| 119|0x0000000710200000, 0x0000000710200000, 0x0000000710400000|  0%| F|  |TAMS 0x0000000710200000| PB 0x0000000710200000| Untracked |  0
| 120|0x0000000710400000, 0x0000000710400000, 0x0000000710600000|  0%| F|  |TAMS 0x0000000710400000| PB 0x0000000710400000| Untracked |  0
| 121|0x0000000710600000, 0x0000000710600000, 0x0000000710800000|  0%| F|  |TAMS 0x0000000710600000| PB 0x0000000710600000| Untracked |  0
| 122|0x0000000710800000, 0x0000000710800000, 0x0000000710a00000|  0%| F|  |TAMS 0x0000000710800000| PB 0x0000000710800000| Untracked |  0
| 123|0x0000000710a00000, 0x0000000710a00000, 0x0000000710c00000|  0%| F|  |TAMS 0x0000000710a00000| PB 0x0000000710a00000| Untracked |  0
| 124|0x0000000710c00000, 0x0000000710c00000, 0x0000000710e00000|  0%| F|  |TAMS 0x0000000710c00000| PB 0x0000000710c00000| Untracked |  0
| 125|0x0000000710e00000, 0x0000000710e00000, 0x0000000711000000|  0%| F|  |TAMS 0x0000000710e00000| PB 0x0000000710e00000| Untracked |  0
| 126|0x0000000711000000, 0x0000000711057d38, 0x0000000711200000| 17%| E|  |TAMS 0x0000000711000000| PB 0x0000000711000000| Complete |  0
| 127|0x0000000711200000, 0x0000000711400000, 0x0000000711400000|100%| E|CS|TAMS 0x0000000711200000| PB 0x0000000711200000| Complete |  0

Card table byte_map: [0x0000021450600000,0x0000021450e00000] _byte_map_base: 0x000002144cdf6000

Marking Bits: (CMBitMap*) 0x0000021436b019d0
 Bits: [0x0000021450e00000, 0x0000021454db0000)

Polling page: 0x0000021436b50000

Metaspace:

Usage:
  Non-class:      7.46 MB used.
      Class:    655.69 KB used.
       Both:      8.10 MB used.

Virtual space:
  Non-class space:       64.00 MB reserved,       7.56 MB ( 12%) committed,  1 nodes.
      Class space:        1.00 GB reserved,     768.00 KB ( <1%) committed,  1 nodes.
             Both:        1.06 GB reserved,       8.31 MB ( <1%) committed. 

Chunk freelists:
   Non-Class:  6.75 MB
       Class:  15.27 MB
        Both:  22.02 MB

MaxMetaspaceSize: unlimited
CompressedClassSpaceSize: 1.00 GB
Initial GC threshold: 21.00 MB
Current GC threshold: 21.00 MB
CDS: on
 - commit_granule_bytes: 65536.
 - commit_granule_words: 8192.
 - virtual_space_node_default_size: 8388608.
 - enlarge_chunks_in_place: 1.
 - use_allocation_guard: 0.


Internal statistics:

num_allocs_failed_limit: 0.
num_arena_births: 106.
num_arena_deaths: 0.
num_vsnodes_births: 2.
num_vsnodes_deaths: 0.
num_space_committed: 132.
num_space_uncommitted: 0.
num_chunks_returned_to_freelist: 0.
num_chunks_taken_from_freelist: 341.
num_chunk_merges: 0.
num_chunk_splits: 246.
num_chunks_enlarged: 194.
num_inconsistent_stats: 0.

CodeHeap 'non-profiled nmethods': size=120000Kb used=821Kb max_used=821Kb free=119179Kb
 bounds [0x0000021448070000, 0x00000214482e0000, 0x000002144f5a0000]
CodeHeap 'profiled nmethods': size=120000Kb used=3196Kb max_used=3196Kb free=116803Kb
 bounds [0x00000214405a0000, 0x00000214408c0000, 0x0000021447ad0000]
CodeHeap 'non-nmethods': size=5760Kb used=2205Kb max_used=2234Kb free=3554Kb
 bounds [0x0000021447ad0000, 0x0000021447d40000, 0x0000021448070000]
 total_blobs=2898 nmethods=1746 adapters=1057
 compilation: enabled
              stopped_count=0, restarted_count=0
 full_count=0

Compilation events (20 events):
Event: 7.120 Thread 0x0000021457b1cbe0 1739       4       javazoom.jl.decoder.SynthesisFilter::compute_pcm_samples13 (265 bytes)
Event: 7.120 Thread 0x00000214576765e0 1740       4       javazoom.jl.decoder.SynthesisFilter::compute_pcm_samples14 (265 bytes)
Event: 7.125 Thread 0x00000214576765e0 nmethod 1740 0x000002144813a210 code [0x000002144813a3a0, 0x000002144813a678]
Event: 7.125 Thread 0x0000021457b1cbe0 nmethod 1739 0x000002144813a790 code [0x000002144813a920, 0x000002144813abf8]
Event: 7.203 Thread 0x0000021457b1cbe0 1741       4       jdk.internal.misc.Unsafe::checkOffset (32 bytes)
Event: 7.204 Thread 0x0000021457b1cbe0 nmethod 1741 0x000002144813ad10 code [0x000002144813ae80, 0x000002144813af38]
Event: 7.278 Thread 0x0000021457b1cbe0 1742       4       jdk.internal.misc.Unsafe::checkSize (32 bytes)
Event: 7.279 Thread 0x0000021457b1cbe0 nmethod 1742 0x000002144813b010 code [0x000002144813b180, 0x000002144813b238]
Event: 7.370 Thread 0x0000021457b1cbe0 1743       4       com.badlogic.gdx.utils.SnapshotArray::modified (82 bytes)
Event: 7.372 Thread 0x0000021457b1cbe0 nmethod 1743 0x000002144813b310 code [0x000002144813b4c0, 0x000002144813b840]
Event: 7.437 Thread 0x00000214576765e0 1744   !   4       org.lwjgl.system.MemoryUtil::wrap (78 bytes)
Event: 7.439 Thread 0x00000214576765e0 nmethod 1744 0x000002144813b990 code [0x000002144813bb20, 0x000002144813bd88]
Event: 7.478 Thread 0x00000214576765e0 1745       4       jdk.internal.misc.Unsafe::copyMemory (33 bytes)
Event: 7.481 Thread 0x00000214576765e0 nmethod 1745 0x000002144813bf10 code [0x000002144813c0c0, 0x000002144813c488]
Event: 7.553 Thread 0x00000214576765e0 1746       4       com.badlogic.gdx.math.Matrix4::det (444 bytes)
Event: 7.555 Thread 0x00000214576765e0 nmethod 1746 0x000002144813c810 code [0x000002144813c9a0, 0x000002144813cc40]
Event: 7.555 Thread 0x00000214576765e0 1747       4       com.badlogic.gdx.utils.SnapshotArray::end (80 bytes)
Event: 7.559 Thread 0x00000214576765e0 nmethod 1747 0x000002144813cd10 code [0x000002144813cea0, 0x000002144813d2f8]
Event: 7.875 Thread 0x000002145767b0b0 1748       3       com.badlogic.gdx.utils.ObjectMap$MapIterator::findNextIndex (47 bytes)
Event: 7.875 Thread 0x000002145767b0b0 nmethod 1748 0x00000214408bed90 code [0x00000214408bef40, 0x00000214408bf1a0]

GC Heap History (2 events):
Event: 2.285 GC heap before
{Heap before GC invocations=0 (full 0):
 garbage-first heap   total reserved 4173824K, committed 262144K, used 22528K [0x0000000701400000, 0x0000000800000000)
  region size 2048K, 11 young (22528K), 0 survivors (0K)
 Metaspace       used 7952K, committed 8192K, reserved 1114112K
  class space    used 635K, committed 768K, reserved 1048576K
}
Event: 2.288 GC heap after
{Heap after GC invocations=1 (full 0):
 garbage-first heap   total reserved 4173824K, committed 262144K, used 3737K [0x0000000701400000, 0x0000000800000000)
  region size 2048K, 2 young (4096K), 2 survivors (4096K)
 Metaspace       used 7952K, committed 8192K, reserved 1114112K
  class space    used 635K, committed 768K, reserved 1048576K
}

Dll operation events (10 events):
Event: 0.006 Loaded shared library C:\Users\moapi\.jdks\openjdk-22.0.2\bin\java.dll
Event: 0.027 Loaded shared library C:\Users\moapi\.jdks\openjdk-22.0.2\bin\jsvml.dll
Event: 0.068 Loaded shared library C:\Users\moapi\.jdks\openjdk-22.0.2\bin\net.dll
Event: 0.070 Loaded shared library C:\Users\moapi\.jdks\openjdk-22.0.2\bin\nio.dll
Event: 0.072 Loaded shared library C:\Users\moapi\.jdks\openjdk-22.0.2\bin\zip.dll
Event: 0.115 Loaded shared library C:\Users\moapi\.jdks\openjdk-22.0.2\bin\jimage.dll
Event: 0.120 Loaded shared library C:\ProgramData\libGDX-temp\libgdxmoapi\2a9d7f76\gdx64.dll
Event: 0.162 Loaded shared library C:\ProgramData\libGDX-temp\lwjgl_moapi\3.3.3+5\x64\lwjgl.dll
Event: 0.502 Loaded shared library C:\ProgramData\libGDX-temp\lwjgl_moapi\3.3.3+5\x64\lwjgl_opengl.dll
Event: 2.276 Loaded shared library C:\ProgramData\libGDX-temp\libgdxmoapi\5e84b8da\gdx-box2d64.dll

Deoptimization events (20 events):
Event: 2.307 Thread 0x00000214368be900 DEOPT PACKING pc=0x00000214407aedc5 sp=0x000000ac407fec70
Event: 2.307 Thread 0x00000214368be900 DEOPT UNPACKING pc=0x0000021447b24e42 sp=0x000000ac407fe118 mode 0
Event: 2.307 Thread 0x00000214368be900 DEOPT PACKING pc=0x00000214408442e8 sp=0x000000ac407fec70
Event: 2.307 Thread 0x00000214368be900 DEOPT UNPACKING pc=0x0000021447b24e42 sp=0x000000ac407fe120 mode 0
Event: 2.307 Thread 0x00000214368be900 DEOPT PACKING pc=0x00000214407aedc5 sp=0x000000ac407fec70
Event: 2.307 Thread 0x00000214368be900 DEOPT UNPACKING pc=0x0000021447b24e42 sp=0x000000ac407fe118 mode 0
Event: 2.308 Thread 0x00000214368be900 DEOPT PACKING pc=0x00000214408445bf sp=0x000000ac407fec70
Event: 2.308 Thread 0x00000214368be900 DEOPT UNPACKING pc=0x0000021447b24e42 sp=0x000000ac407fe120 mode 0
Event: 4.812 Thread 0x00000214368be900 Uncommon trap: trap_request=0xffffff45 fr.pc=0x000002144810a108 relative=0x00000000000009a8
Event: 4.812 Thread 0x00000214368be900 Uncommon trap: reason=unstable_if action=reinterpret pc=0x000002144810a108 method=javazoom.jl.decoder.LayerIIIDecoder.stereo(I)V @ 144 c2
Event: 4.812 Thread 0x00000214368be900 DEOPT PACKING pc=0x000002144810a108 sp=0x000000ac407ff210
Event: 4.812 Thread 0x00000214368be900 DEOPT UNPACKING pc=0x0000021447b246a2 sp=0x000000ac407ff130 mode 2
Event: 5.012 Thread 0x00000214368be900 DEOPT PACKING pc=0x00000214408ac9c5 sp=0x000000ac407ff180
Event: 5.012 Thread 0x00000214368be900 DEOPT UNPACKING pc=0x0000021447b24e42 sp=0x000000ac407fe628 mode 0
Event: 5.012 Thread 0x00000214368be900 DEOPT PACKING pc=0x00000214408ac9c5 sp=0x000000ac407ff180
Event: 5.012 Thread 0x00000214368be900 DEOPT UNPACKING pc=0x0000021447b24e42 sp=0x000000ac407fe628 mode 0
Event: 5.237 Thread 0x00000214368be900 DEOPT PACKING pc=0x00000214408ac9c5 sp=0x000000ac407ff180
Event: 5.237 Thread 0x00000214368be900 DEOPT UNPACKING pc=0x0000021447b24e42 sp=0x000000ac407fe628 mode 0
Event: 5.237 Thread 0x00000214368be900 DEOPT PACKING pc=0x00000214408ac9c5 sp=0x000000ac407ff180
Event: 5.237 Thread 0x00000214368be900 DEOPT UNPACKING pc=0x0000021447b24e42 sp=0x000000ac407fe628 mode 0

Classes loaded (20 events):
Event: 0.881 Loading class sun/nio/cs/UTF_8$Decoder
Event: 0.881 Loading class sun/nio/cs/UTF_8$Decoder done
Event: 0.884 Loading class java/lang/SecurityException
Event: 0.884 Loading class java/lang/SecurityException done
Event: 0.884 Loading class java/io/StringWriter
Event: 0.884 Loading class java/io/StringWriter done
Event: 0.899 Loading class java/lang/reflect/ParameterizedType
Event: 0.899 Loading class java/lang/reflect/ParameterizedType done
Event: 0.899 Loading class java/lang/Deprecated
Event: 0.899 Loading class java/lang/Deprecated done
Event: 0.909 Loading class jdk/internal/reflect/MethodHandleFloatFieldAccessorImpl
Event: 0.909 Loading class jdk/internal/reflect/MethodHandleFloatFieldAccessorImpl done
Event: 0.917 Loading class java/lang/reflect/InvocationTargetException
Event: 0.917 Loading class java/lang/reflect/InvocationTargetException done
Event: 0.918 Loading class java/lang/NegativeArraySizeException
Event: 0.918 Loading class java/lang/NegativeArraySizeException done
Event: 0.918 Loading class java/lang/StringIndexOutOfBoundsException
Event: 0.918 Loading class java/lang/StringIndexOutOfBoundsException done
Event: 2.308 Loading class java/lang/invoke/DirectMethodHandle$Special
Event: 2.308 Loading class java/lang/invoke/DirectMethodHandle$Special done

Classes unloaded (0 events):
No events

Classes redefined (0 events):
No events

Internal exceptions (20 events):
Event: 0.207 Thread 0x00000214368be900 Exception <a 'java/lang/NoSuchMethodError'{0x0000000710cadbf8}: 'java.lang.Object java.lang.invoke.Invokers$Holder.linkToTargetMethod(java.lang.Object, long, java.lang.Object)'> (0x0000000710cadbf8) 
thrown [s\open\src\hotspot\share\interpreter\linkResolver.cpp, line 774]
Event: 0.208 Thread 0x00000214368be900 Exception <a 'java/lang/NoSuchMethodError'{0x0000000710cb4e58}: 'int java.lang.invoke.DirectMethodHandle$Holder.invokeStaticInit(java.lang.Object, java.lang.Object, java.lang.Object, long)'> (0x0000000710cb4e58) 
thrown [s\open\src\hotspot\share\interpreter\linkResolver.cpp, line 774]
Event: 0.220 Thread 0x00000214368be900 Exception <a 'sun/nio/fs/WindowsException'{0x0000000710d3bf48}> (0x0000000710d3bf48) 
thrown [s\open\src\hotspot\share\prims\jni.cpp, line 520]
Event: 0.220 Thread 0x00000214368be900 Exception <a 'sun/nio/fs/WindowsException'{0x0000000710d3c2a8}> (0x0000000710d3c2a8) 
thrown [s\open\src\hotspot\share\prims\jni.cpp, line 520]
Event: 0.245 Thread 0x00000214368be900 Exception <a 'sun/nio/fs/WindowsException'{0x0000000710de8888}> (0x0000000710de8888) 
thrown [s\open\src\hotspot\share\prims\jni.cpp, line 520]
Event: 0.245 Thread 0x00000214368be900 Exception <a 'sun/nio/fs/WindowsException'{0x0000000710de8bb8}> (0x0000000710de8bb8) 
thrown [s\open\src\hotspot\share\prims\jni.cpp, line 520]
Event: 0.249 Thread 0x00000214368be900 Exception <a 'java/lang/NoSuchMethodError'{0x0000000710defda0}: 'int java.lang.invoke.Invokers$Holder.invokeExact_MT(java.lang.Object, java.lang.Object)'> (0x0000000710defda0) 
thrown [s\open\src\hotspot\share\interpreter\linkResolver.cpp, line 774]
Event: 0.280 Thread 0x00000214368be900 Exception <a 'sun/nio/fs/WindowsException'{0x0000000710ab4980}> (0x0000000710ab4980) 
thrown [s\open\src\hotspot\share\prims\jni.cpp, line 520]
Event: 0.280 Thread 0x00000214368be900 Exception <a 'sun/nio/fs/WindowsException'{0x0000000710ab4cd0}> (0x0000000710ab4cd0) 
thrown [s\open\src\hotspot\share\prims\jni.cpp, line 520]
Event: 0.319 Thread 0x00000214368be900 Exception <a 'java/lang/NoSuchMethodError'{0x0000000710af31b8}: 'java.lang.Object java.lang.invoke.DirectMethodHandle$Holder.newInvokeSpecial(java.lang.Object, long)'> (0x0000000710af31b8) 
thrown [s\open\src\hotspot\share\interpreter\linkResolver.cpp, line 774]
Event: 0.492 Thread 0x00000214368be900 Exception <a 'java/lang/NoSuchMethodError'{0x00000007108649d0}: 'void java.lang.invoke.DirectMethodHandle$Holder.invokeStatic(java.lang.Object, long)'> (0x00000007108649d0) 
thrown [s\open\src\hotspot\share\interpreter\linkResolver.cpp, line 774]
Event: 0.498 Thread 0x00000214368be900 Exception <a 'java/lang/NoSuchMethodError'{0x00000007108876d8}: 'void java.lang.System.load(java.lang.String, java.lang.Class)'> (0x00000007108876d8) 
thrown [s\open\src\hotspot\share\interpreter\linkResolver.cpp, line 774]
Event: 0.499 Thread 0x00000214368be900 Exception <a 'java/lang/NoSuchMethodError'{0x000000071088a128}: 'void java.lang.System.loadLibrary(java.lang.String, java.lang.Class)'> (0x000000071088a128) 
thrown [s\open\src\hotspot\share\interpreter\linkResolver.cpp, line 774]
Event: 0.501 Thread 0x00000214368be900 Exception <a 'sun/nio/fs/WindowsException'{0x000000071089b030}> (0x000000071089b030) 
thrown [s\open\src\hotspot\share\prims\jni.cpp, line 520]
Event: 0.501 Thread 0x00000214368be900 Exception <a 'sun/nio/fs/WindowsException'{0x000000071089b3a8}> (0x000000071089b3a8) 
thrown [s\open\src\hotspot\share\prims\jni.cpp, line 520]
Event: 0.505 Thread 0x00000214368be900 Exception <a 'sun/nio/fs/WindowsException'{0x00000007108a7490}> (0x00000007108a7490) 
thrown [s\open\src\hotspot\share\prims\jni.cpp, line 520]
Event: 0.505 Thread 0x00000214368be900 Exception <a 'sun/nio/fs/WindowsException'{0x00000007108a7740}> (0x00000007108a7740) 
thrown [s\open\src\hotspot\share\prims\jni.cpp, line 520]
Event: 0.902 Thread 0x00000214368be900 Exception <a 'java/lang/NoSuchMethodError'{0x0000000710126a88}: 'void java.lang.invoke.Invokers$Holder.invokeExact_MT(java.lang.Object, java.lang.Object, java.lang.Object, java.lang.Object)'> (0x0000000710126a88) 
thrown [s\open\src\hotspot\share\interpreter\linkResolver.cpp, line 774]
Event: 0.910 Thread 0x00000214368be900 Exception <a 'java/lang/NoSuchMethodError'{0x00000007101684d8}: 'float java.lang.invoke.DelegatingMethodHandle$Holder.reinvoke_L(java.lang.Object, java.lang.Object)'> (0x00000007101684d8) 
thrown [s\open\src\hotspot\share\interpreter\linkResolver.cpp, line 774]
Event: 0.910 Thread 0x00000214368be900 Exception <a 'java/lang/NoSuchMethodError'{0x00000007101725d0}: 'void java.lang.invoke.DelegatingMethodHandle$Holder.reinvoke_L(java.lang.Object, java.lang.Object, float)'> (0x00000007101725d0) 
thrown [s\open\src\hotspot\share\interpreter\linkResolver.cpp, line 774]

ZGC Phase Switch (0 events):
No events

VM Operations (20 events):
Event: 0.117 Executing VM operation: HandshakeAllThreads (Deoptimize)
Event: 0.117 Executing VM operation: HandshakeAllThreads (Deoptimize) done
Event: 0.144 Executing VM operation: HandshakeAllThreads (Deoptimize)
Event: 0.144 Executing VM operation: HandshakeAllThreads (Deoptimize) done
Event: 0.898 Executing VM operation: HandshakeAllThreads (Deoptimize)
Event: 0.898 Executing VM operation: HandshakeAllThreads (Deoptimize) done
Event: 1.794 Executing VM operation: ICBufferFull
Event: 1.794 Executing VM operation: ICBufferFull done
Event: 2.285 Executing VM operation: G1CollectForAllocation (G1 Evacuation Pause)
Event: 2.288 Executing VM operation: G1CollectForAllocation (G1 Evacuation Pause) done
Event: 2.298 Executing VM operation: HandshakeAllThreads (Deoptimize)
Event: 2.298 Executing VM operation: HandshakeAllThreads (Deoptimize) done
Event: 3.297 Executing VM operation: Cleanup
Event: 3.297 Executing VM operation: Cleanup done
Event: 4.297 Executing VM operation: Cleanup
Event: 4.297 Executing VM operation: Cleanup done
Event: 5.298 Executing VM operation: Cleanup
Event: 5.298 Executing VM operation: Cleanup done
Event: 7.300 Executing VM operation: Cleanup
Event: 7.300 Executing VM operation: Cleanup done

Memory protections (0 events):
No events

Nmethod flushes (0 events):
No events

Events (20 events):
Event: 0.025 Thread 0x00000214368be900 Thread added: 0x0000021457670220
Event: 0.025 Thread 0x00000214368be900 Thread added: 0x0000021457672dc0
Event: 0.025 Thread 0x00000214368be900 Thread added: 0x0000021457673950
Event: 0.025 Thread 0x00000214368be900 Thread added: 0x0000021457675850
Event: 0.025 Thread 0x00000214368be900 Thread added: 0x00000214576765e0
Event: 0.026 Thread 0x00000214368be900 Thread added: 0x000002145767b0b0
Event: 0.064 Thread 0x00000214368be900 Thread added: 0x00000214578d8230
Event: 0.065 Thread 0x00000214368be900 Thread added: 0x00000214578e5880
Event: 0.191 Thread 0x000002145767b0b0 Thread added: 0x0000021457b1be40
Event: 0.327 Thread 0x00000214368be900 Thread added: 0x000002149d7fe590
Event: 0.483 Thread 0x0000021457b1be40 Thread exited: 0x0000021457b1be40
Event: 0.832 Thread 0x00000214576765e0 Thread added: 0x0000021457b19c30
Event: 0.926 Thread 0x00000214368be900 Thread added: 0x000002149fa9a490
Event: 1.076 Thread 0x0000021457b19c30 Thread exited: 0x0000021457b19c30
Event: 1.631 Thread 0x000002145767b0b0 Thread added: 0x0000021457b19c30
Event: 2.036 Thread 0x0000021457b19c30 Thread exited: 0x0000021457b19c30
Event: 5.656 Thread 0x00000214576765e0 Thread added: 0x0000021457b1be40
Event: 5.911 Thread 0x0000021457b1be40 Thread exited: 0x0000021457b1be40
Event: 7.112 Thread 0x00000214576765e0 Thread added: 0x0000021457b1cbe0
Event: 7.478 Thread 0x0000021457b1cbe0 Thread exited: 0x0000021457b1cbe0


Dynamic libraries:
0x00007ff619c20000 - 0x00007ff619c2e000 	C:\Users\moapi\.jdks\openjdk-22.0.2\bin\java.exe
0x00007ff8c2290000 - 0x00007ff8c24a7000 	C:\Windows\SYSTEM32\ntdll.dll
0x00007ff8c1b50000 - 0x00007ff8c1c14000 	C:\Windows\System32\KERNEL32.DLL
0x00007ff8bf8f0000 - 0x00007ff8bfca9000 	C:\Windows\System32\KERNELBASE.dll
0x00007ff8bfcb0000 - 0x00007ff8bfdc1000 	C:\Windows\System32\ucrtbase.dll
0x00007ff89afe0000 - 0x00007ff89affb000 	C:\Users\moapi\.jdks\openjdk-22.0.2\bin\VCRUNTIME140.dll
0x00007ff89b210000 - 0x00007ff89b227000 	C:\Users\moapi\.jdks\openjdk-22.0.2\bin\jli.dll
0x00007ff8c03e0000 - 0x00007ff8c058e000 	C:\Windows\System32\USER32.dll
0x00007ff8b0ef0000 - 0x00007ff8b1182000 	C:\Windows\WinSxS\amd64_microsoft.windows.common-controls_6595b64144ccf1df_6.0.22621.4391_none_2715d37f73803e96\COMCTL32.dll
0x00007ff8bf590000 - 0x00007ff8bf5b6000 	C:\Windows\System32\win32u.dll
0x00007ff8bffb0000 - 0x00007ff8c0057000 	C:\Windows\System32\msvcrt.dll
0x00007ff8c1970000 - 0x00007ff8c1999000 	C:\Windows\System32\GDI32.dll
0x00007ff8bf7d0000 - 0x00007ff8bf8eb000 	C:\Windows\System32\gdi32full.dll
0x00007ff8bf5c0000 - 0x00007ff8bf65a000 	C:\Windows\System32\msvcp_win.dll
0x00007ff8c20e0000 - 0x00007ff8c2111000 	C:\Windows\System32\IMM32.DLL
0x00007ff8a43f0000 - 0x00007ff8a43fc000 	C:\Users\moapi\.jdks\openjdk-22.0.2\bin\vcruntime140_1.dll
0x00007ff876980000 - 0x00007ff876a0e000 	C:\Users\moapi\.jdks\openjdk-22.0.2\bin\msvcp140.dll
0x00007ff873560000 - 0x00007ff8742a9000 	C:\Users\moapi\.jdks\openjdk-22.0.2\bin\server\jvm.dll
0x00007ff8c1850000 - 0x00007ff8c1902000 	C:\Windows\System32\ADVAPI32.dll
0x00007ff8c1040000 - 0x00007ff8c10e7000 	C:\Windows\System32\sechost.dll
0x00007ff8bfdd0000 - 0x00007ff8bfdf8000 	C:\Windows\System32\bcrypt.dll
0x00007ff8c0590000 - 0x00007ff8c06a4000 	C:\Windows\System32\RPCRT4.dll
0x00007ff8c0fc0000 - 0x00007ff8c1031000 	C:\Windows\System32\WS2_32.dll
0x00007ff8bedf0000 - 0x00007ff8bee3d000 	C:\Windows\SYSTEM32\POWRPROF.dll
0x00007ff8b8830000 - 0x00007ff8b8864000 	C:\Windows\SYSTEM32\WINMM.dll
0x00007ff8b7b00000 - 0x00007ff8b7b0a000 	C:\Windows\SYSTEM32\VERSION.dll
0x00007ff8bedd0000 - 0x00007ff8bede3000 	C:\Windows\SYSTEM32\UMPDC.dll
0x00007ff8be5d0000 - 0x00007ff8be5e8000 	C:\Windows\SYSTEM32\kernel.appcore.dll
0x00007ff8a4220000 - 0x00007ff8a422a000 	C:\Users\moapi\.jdks\openjdk-22.0.2\bin\jimage.dll
0x00007ff8b6180000 - 0x00007ff8b63b2000 	C:\Windows\SYSTEM32\DBGHELP.DLL
0x00007ff8c1d30000 - 0x00007ff8c20bf000 	C:\Windows\System32\combase.dll
0x00007ff8c12f0000 - 0x00007ff8c13c7000 	C:\Windows\System32\OLEAUT32.dll
0x00007ff8a2780000 - 0x00007ff8a27b2000 	C:\Windows\SYSTEM32\dbgcore.DLL
0x00007ff8bfe70000 - 0x00007ff8bfeeb000 	C:\Windows\System32\bcryptPrimitives.dll
0x00007ff896470000 - 0x00007ff89648e000 	C:\Users\moapi\.jdks\openjdk-22.0.2\bin\java.dll
0x00007ff8c06d0000 - 0x00007ff8c0f46000 	C:\Windows\System32\SHELL32.dll
0x00007ff8c0220000 - 0x00007ff8c03c5000 	C:\Windows\System32\ole32.dll
0x00007ff8bd4d0000 - 0x00007ff8bddd3000 	C:\Windows\SYSTEM32\windows.storage.dll
0x00007ff8bd390000 - 0x00007ff8bd4cf000 	C:\Windows\SYSTEM32\wintypes.dll
0x00007ff8c1a50000 - 0x00007ff8c1b49000 	C:\Windows\System32\SHCORE.dll
0x00007ff8c1910000 - 0x00007ff8c196e000 	C:\Windows\System32\shlwapi.dll
0x00007ff8bf4c0000 - 0x00007ff8bf4eb000 	C:\Windows\SYSTEM32\profapi.dll
0x00007ff875760000 - 0x00007ff875837000 	C:\Users\moapi\.jdks\openjdk-22.0.2\bin\jsvml.dll
0x00007ff895b00000 - 0x00007ff895b10000 	C:\Users\moapi\.jdks\openjdk-22.0.2\bin\net.dll
0x00007ff8bea50000 - 0x00007ff8beab9000 	C:\Windows\system32\mswsock.dll
0x00007ff894b50000 - 0x00007ff894b66000 	C:\Users\moapi\.jdks\openjdk-22.0.2\bin\nio.dll
0x00007ff895e20000 - 0x00007ff895e37000 	C:\Users\moapi\.jdks\openjdk-22.0.2\bin\zip.dll
0x000000006e700000 - 0x000000006e72d000 	C:\ProgramData\libGDX-temp\libgdxmoapi\2a9d7f76\gdx64.dll
0x00007ff8a44a0000 - 0x00007ff8a451b000 	C:\ProgramData\libGDX-temp\lwjgl_moapi\3.3.3+5\x64\lwjgl.dll
0x00007ff8815b0000 - 0x00007ff881820000 	C:\ProgramData\libGDX-temp\lwjgl_moapi\3.3.3+5\x64\jemalloc.dll
0x00007ff881520000 - 0x00007ff8815a2000 	C:\ProgramData\libGDX-temp\lwjgl_moapi\3.3.3+5\x64\glfw.dll
0x00007ff8863c0000 - 0x00007ff886406000 	C:\Windows\SYSTEM32\dinput8.dll
0x00007ff8a49b0000 - 0x00007ff8a49c1000 	C:\Windows\SYSTEM32\xinput1_4.dll
0x00007ff8bf250000 - 0x00007ff8bf29e000 	C:\Windows\SYSTEM32\cfgmgr32.dll
0x00007ff8bf2c0000 - 0x00007ff8bf2ec000 	C:\Windows\SYSTEM32\DEVOBJ.dll
0x00007ff8bcf00000 - 0x00007ff8bcf2b000 	C:\Windows\SYSTEM32\dwmapi.dll
0x00007ff8af670000 - 0x00007ff8af883000 	C:\Windows\SYSTEM32\inputhost.dll
0x00007ff8baa80000 - 0x00007ff8babb3000 	C:\Windows\SYSTEM32\CoreMessaging.dll
0x00007ff8bca80000 - 0x00007ff8bcb31000 	C:\Windows\system32\uxtheme.dll
0x00007ff8c10f0000 - 0x00007ff8c1250000 	C:\Windows\System32\MSCTF.dll
0x00007ff8bed10000 - 0x00007ff8bed1c000 	C:\Windows\SYSTEM32\CRYPTBASE.DLL
0x00007ff875440000 - 0x00007ff875607000 	C:\ProgramData\libGDX-temp\lwjgl_moapi\3.3.3+5\x64\OpenAL.dll
0x00007ff8c21a0000 - 0x00007ff8c2250000 	C:\Windows\System32\clbcatq.dll
0x00007ff8b5fa0000 - 0x00007ff8b603e000 	C:\Windows\System32\MMDevApi.dll
0x00007ff8afc70000 - 0x00007ff8afe5d000 	C:\Windows\SYSTEM32\AUDIOSES.DLL
0x00007ff8bcf80000 - 0x00007ff8bcf95000 	C:\Windows\SYSTEM32\resourcepolicyclient.dll
0x00007ff875840000 - 0x00007ff875940000 	C:\Windows\SYSTEM32\opengl32.dll
0x00007ff8a2910000 - 0x00007ff8a293d000 	C:\Windows\SYSTEM32\GLU32.dll
0x00007ff8bcbc0000 - 0x00007ff8bcbf7000 	C:\Windows\SYSTEM32\dxcore.dll
0x00007ff8b8ba0000 - 0x00007ff8b8ce4000 	C:\Windows\System32\AppXDeploymentClient.dll
0x00007ff870980000 - 0x00007ff872f68000 	C:\Windows\System32\DriverStore\FileRepository\nv_dispig.inf_amd64_0afec3f2050014a0\nvoglv64.dll
0x00007ff8c13d0000 - 0x00007ff8c1844000 	C:\Windows\System32\SETUPAPI.dll
0x00007ff8be380000 - 0x00007ff8be394000 	C:\Windows\SYSTEM32\WTSAPI32.dll
0x00007ff8bf230000 - 0x00007ff8bf242000 	C:\Windows\SYSTEM32\msasn1.dll
0x00007ff8b7ac0000 - 0x00007ff8b7af2000 	C:\Windows\SYSTEM32\cryptnet.dll
0x00007ff8bf660000 - 0x00007ff8bf7c6000 	C:\Windows\System32\CRYPT32.dll
0x00007ff8bee40000 - 0x00007ff8bee89000 	C:\Windows\SYSTEM32\wldp.dll
0x00007ff8b76b0000 - 0x00007ff8b7812000 	C:\Windows\SYSTEM32\drvstore.dll
0x00007ff8bfe00000 - 0x00007ff8bfe6c000 	C:\Windows\System32\WINTRUST.dll
0x00007ff8be6e0000 - 0x00007ff8be714000 	C:\Windows\SYSTEM32\ntmarta.dll
0x00007ff8c20c0000 - 0x00007ff8c20df000 	C:\Windows\System32\imagehlp.dll
0x00007ff8bed20000 - 0x00007ff8bed3b000 	C:\Windows\SYSTEM32\CRYPTSP.dll
0x00007ff8be530000 - 0x00007ff8be565000 	C:\Windows\system32\rsaenh.dll
0x00007ff8b2970000 - 0x00007ff8b495e000 	C:\Windows\System32\DriverStore\FileRepository\nv_dispig.inf_amd64_0afec3f2050014a0\nvgpucomp64.dll
0x00007ff882ea0000 - 0x00007ff883163000 	C:\Windows\system32\nvspcap64.dll
0x00007ff8beca0000 - 0x00007ff8bed06000 	C:\Windows\SYSTEM32\WINSTA.dll
0x00007ff8b5a20000 - 0x00007ff8b5adc000 	C:\Windows\SYSTEM32\mscms.dll
0x00007ff8753f0000 - 0x00007ff875439000 	C:\Windows\SYSTEM32\icm32.dll
0x00007ff875390000 - 0x00007ff8753ee000 	C:\ProgramData\libGDX-temp\lwjgl_moapi\3.3.3+5\x64\lwjgl_opengl.dll
0x00007ff8afe60000 - 0x00007ff8affa5000 	C:\Windows\SYSTEM32\textinputframework.dll
0x00007ff8b7340000 - 0x00007ff8b76ad000 	C:\Windows\SYSTEM32\CoreUIComponents.dll
0x00007ff8b0c10000 - 0x00007ff8b0c79000 	C:\Windows\system32\Oleacc.dll
0x00007ff896b40000 - 0x00007ff896b8b000 	C:\Windows\system32\ApplicationTargetedFeatureDatabase.dll
0x00007ff8b5390000 - 0x00007ff8b5634000 	C:\Windows\System32\twinapi.appcore.dll
0x0000000066b00000 - 0x0000000066b5a000 	C:\ProgramData\libGDX-temp\libgdxmoapi\5e84b8da\gdx-box2d64.dll

dbghelp: loaded successfully - version: 4.0.5 - missing functions: none
symbol engine: initialized successfully - sym options: 0x614 - pdb path: .;C:\Users\moapi\.jdks\openjdk-22.0.2\bin;C:\Windows\SYSTEM32;C:\Windows\WinSxS\amd64_microsoft.windows.common-controls_6595b64144ccf1df_6.0.22621.4391_none_2715d37f73803e96;C:\Users\moapi\.jdks\openjdk-22.0.2\bin\server;C:\ProgramData\libGDX-temp\libgdxmoapi\2a9d7f76;C:\ProgramData\libGDX-temp\lwjgl_moapi\3.3.3+5\x64;C:\Windows\System32\DriverStore\FileRepository\nv_dispig.inf_amd64_0afec3f2050014a0;C:\ProgramData\libGDX-temp\libgdxmoapi\5e84b8da

VM Arguments:
jvm_args: -Dfile.encoding=UTF-8 -Duser.country=US -Duser.language=en -Duser.variant 
java_command: io.github.projectile_game.lwjgl3.Lwjgl3Launcher
java_class_path (initial): D:\IntelliJ\Workspace\Team7\lwjgl3\build\classes\java\main;D:\IntelliJ\Workspace\Team7\lwjgl3\build\resources\main;D:\IntelliJ\Workspace\Team7\core\build\libs\core-$projectVersion.jar;C:\Users\moapi\.gradle\caches\modules-2\files-2.1\com.badlogicgames.gdx\gdx-backend-lwjgl3\1.12.1\12a144cacb34f0392cd8354f798d99e4836a51a8\gdx-backend-lwjgl3-1.12.1.jar;C:\Users\moapi\.gradle\caches\modules-2\files-2.1\com.badlogicgames.gdx\gdx-platform\1.12.1\5737be5ce3a4e8f9f77c2d9ab95ab479f9c3705f\gdx-platform-1.12.1-natives-desktop.jar;C:\Users\moapi\.gradle\caches\modules-2\files-2.1\com.github.tommyettinger\libgdx-utils-box2d\0.13.7\8880b2a4f7e60c5e3919b3c139c9f29a49f93924\libgdx-utils-box2d-0.13.7.jar;C:\Users\moapi\.gradle\caches\modules-2\files-2.1\com.badlogicgames.gdx\gdx-box2d\1.12.1\6c37ed04f97d062f1bdc4afe1f583182e539a269\gdx-box2d-1.12.1.jar;C:\Users\moapi\.gradle\caches\modules-2\files-2.1\com.badlogicgames.gdx\gdx-box2d-platform\1.12.1\4e82228fcdd2e8a7673fe7952588acfdb33d7820\gdx-box2d-platform-1.12.1-natives-desktop.jar;C:\Users\moapi\.gradle\caches\modules-2\files-2.1\com.github.tommyettinger\libgdx-utils\0.13.7\bf423b2da7c82c092e6a55edf6ff195d080dd689\libgdx-utils-0.13.7.jar;C:\Users\moapi\.gradle\caches\modules-2\files-2.1\com.badlogicgames.gdx\gdx\1.12.1\a2d066c09329c457045c284c42d6f37122840aa\gdx-1.12.1.jar;C:\Users\moapi\.gradle\caches\modules-2\files-2.1\org.lwjgl\lwjgl-glfw\3.3.3\efa1eb78c5ccd840e9f329717109b5e892d72f8e\lwjgl-glfw-3.3.3.jar;C:\Users\moapi\.gradle\caches\modules-2\files-2.1\org.lwjgl\lwjgl-glfw\3.3.3\a03684c5e4b1b1dbbe0d29dbbdc27b985b6840f2\lwjgl-glfw-3.3.3-natives-linux.jar;C:\Users\moapi\.gradle\caches\modules-2\files-2.1\org.lwjgl\lwjgl-glfw\3.3.3\d9af485c32545b37dd5359b163161d42d7534dcf\lwjgl-glfw-3.3.3-natives-linux-arm32.jar;C:\Users\moapi\.gradle\caches\modules-2\files-2.1\org.lwjgl\lwjgl-glfw\3.3.3\492a0f11f85b85899a6568f07511160c1b87cd38\lwjgl-glfw-3.3.3-natives-linux-arm64.jar;C:\Users\moapi\.gradle\caches\modules-2\files-2.1\org.lwjgl\lwjgl-glfw\3.3.3\a1bf400f6bc64e6195596cb1430dafda46090751\lwjgl-glfw-3.3.3-natives-macos.jar;C:\Users\moapi\.gradle\caches\modules-2\files-2.1\org.lwjgl\lwjgl-glfw\3.3.3\ee8cc78d0a4a5b3b4600fade6d927c9fc320c858\lwjgl-glfw-3.3.3-natives-macos-arm64.jar;C:\Users\moapi\.gradle\caches\modules-2\files-2.1\org.lwjgl\lwjgl-glfw\3.3.3\e449e28b4891fc423c54c85fbc5bb0b9efece67a\lwjgl-glfw-3.3.3-natives-windows.jar;C:\Users\moapi\.gradle\caches\modules-2\files-2.1\org.lwjgl\lwjgl-glfw\3.3.3\32334f3fd5270a59bad9939a93115acb6de36dcf\lwjgl-glfw-3.3.3-natives-windows-x86.jar;C:\Users\moapi\.gradle\caches\modules-2\files-2.1\org.lwjgl\lwjgl-jemalloc\3.3.3\b543467b7ff3c6920539a88ee602d34098628be5\lwjgl-jemalloc-3.3.3.jar;C:\Users\moapi\.gradle\caches\modules-2\files-2.1\org.lwjgl\lwjgl-jemalloc\3.3.3\4f86728bf449b1dd61251c4e0ac01df1389cb51e\lwjgl-jemalloc-3.3.3-natives-linux.jar;C:\Users\moapi\.gradle\caches\modules-2\files-2.1\org.lwjgl\lwjgl-jemalloc\3.3.3\109b6931880d02d4e65ced38928a16e41d19873e\lwjgl-jemalloc-3.3.3-natives-linux-arm32.jar;C:\Users\moapi\.gradle\caches\modules-2\files-2.1\org.lwjgl\lwjgl-jemalloc\3.3.3\eff8b86798191192fe2cba2dc2776109f30c239d\lwjgl-jemalloc-3.3.3-natives-linux-arm64.jar;C:\Users\moapi\.gradle\caches\modules-2\files-2.1\org.lwjgl\lwjgl-jemalloc\3.3.3\2906637657a57579847238c9c72d2c4bde7083f8\lwjgl-jemalloc-3.3.3-natives-macos.jar;C:\Users\moapi\.gradle\caches\modules-2\files-2.1\org.lwjgl\lwjgl-jemalloc\3.3.3\e9412c3ff8cb3a3bad1d3f52909ad74d8a5bdad1\lwjgl-jemalloc-3.3.3-natives-macos-arm64.jar;C:\Users\moapi\.gradle\caches\modules-2\files-2.1\org.lwjgl\lwjgl-jemalloc\3.3.3\426222fc027602a5f21b9c0fe79cde6a4c7a011f\lwjgl-jemalloc-3.3.3-natives-windows.jar;C:\Users\moapi\.gradle\caches\modules-2\files-2.1\org.lwjgl\lwjgl-jemalloc\3.3.3\f6063b6e0f23be483c5c88d84ce51b39dc69126c\lwjgl-jemalloc-3.3.3-natives-windows-x86.jar;C:\Users\moapi\.gradle\caches\modules-2\files-2.1\org.lwjgl\lwjgl-openal\3.3.3\daada81ceb5fc0c291fbfdd4433cb8d9423577f2\lwjgl-openal-3.3.3.jar;C:\Users\moapi\.gradle\caches\modules-2\files-2.1\org.lwjgl\lwjgl-openal\3.3.3\3037360cc4595079bea240af250b6d1a527e0905\lwjgl-openal-3.3.3-natives-linux.jar;C:\Users\moapi\.gradle\caches\modules-2\files-2.1\org.lwjgl\lwjgl-openal\3.3.3\e1702aa09d20359d6cf5cb2999fa7685a785eca7\lwjgl-openal-3.3.3-natives-linux-arm32.jar;C:\Users\moapi\.gradle\caches\modules-2\files-2.1\org.lwjgl\lwjgl-openal\3.3.3\ad8f302118a65bb8d615f8a2a680db58fb8f835e\lwjgl-openal-3.3.3-natives-linux-arm64.jar;C:\Users\moapi\.gradle\caches\modules-2\files-2.1\org.lwjgl\lwjgl-openal\3.3.3\8df8338bfa77f2ebabef4e58964bd04d24805cbf\lwjgl-openal-3.3.3-natives-macos.jar;C:\Users\moapi\.gradle\caches\modules-2\files-2.1\org.lwjgl\lwjgl-openal\3.3.3\c78b078de2fb52f45aa55d04db889a560f3544f\lwjgl-openal-3.3.3-natives-macos-arm64.jar;C:\Users\moapi\.gradle\caches\modules-2\files-2.1\org.lwjgl\lwjgl-openal\3.3.3\cf83862ae95d98496b26915024c7e666d8ab1c8f\lwjgl-openal-3.3.3-natives-windows.jar;C:\Users\moapi\.gradle\caches\modules-2\files-2.1\org.lwjgl\lwjgl-openal\3.3.3\87b8d5050e3adb46bb58fe1cb2669a4a48fce10d\lwjgl-openal-3.3.3-natives-windows-x86.jar;C:\Users\moapi\.gradle\caches\modules-2\files-2.1\org.lwjgl\lwjgl-opengl\3.3.3\2f6b0147078396a58979125a4c947664e98293a\lwjgl-opengl-3.3.3.jar;C:\Users\moapi\.gradle\caches\modules-2\files-2.1\org.lwjgl\lwjgl-opengl\3.3.3\62c70a4b00ca5391882b0f4b787c1588d24f1c86\lwjgl-opengl-3.3.3-natives-linux.jar;C:\Users\moapi\.gradle\caches\modules-2\files-2.1\org.lwjgl\lwjgl-opengl\3.3.3\dbba17fc5ac0985d14a57c11f9537617d67b9952\lwjgl-opengl-3.3.3-natives-linux-arm32.jar;C:\Users\moapi\.gradle\caches\modules-2\files-2.1\org.lwjgl\lwjgl-opengl\3.3.3\2096f6b94b2d68745d858fbfe53aacf5f0c8074c\lwjgl-opengl-3.3.3-natives-linux-arm64.jar;C:\Users\moapi\.gradle\caches\modules-2\files-2.1\org.lwjgl\lwjgl-opengl\3.3.3\1bd45997551ae8a28469f3a2b678f4b7289e12c0\lwjgl-opengl-3.3.3-natives-macos.jar;C:\Users\moapi\.gradle\caches\modules-2\files-2.1\org.lwjgl\lwjgl-opengl\3.3.3\d213ddef27637b1af87961ffa94d6b27036becc8\lwjgl-opengl-3.3.3-natives-macos-arm64.jar;C:\Users\moapi\.gradle\caches\modules-2\files-2.1\org.lwjgl\lwjgl-opengl\3.3.3\e6c1eec8be8a71951b830a4d69efc01c6531900c\lwjgl-opengl-3.3.3-natives-windows.jar;C:\Users\moapi\.gradle\caches\modules-2\files-2.1\org.lwjgl\lwjgl-opengl\3.3.3\d32d833dcaa2f355a886eaf21f0408b5f03241d\lwjgl-opengl-3.3.3-natives-windows-x86.jar;C:\Users\moapi\.gradle\caches\modules-2\files-2.1\org.lwjgl\lwjgl-stb\3.3.3\25dd6161988d7e65f71d5065c99902402ee32746\lwjgl-stb-3.3.3.jar;C:\Users\moapi\.gradle\caches\modules-2\files-2.1\org.lwjgl\lwjgl-stb\3.3.3\fd1271ccd9d85eff2fa31f3fd543e02ccfaf5041\lwjgl-stb-3.3.3-natives-linux.jar;C:\Users\moapi\.gradle\caches\modules-2\files-2.1\org.lwjgl\lwjgl-stb\3.3.3\1ae28ff044699ff29b0e980ffabd73fba8a664b3\lwjgl-stb-3.3.3-natives-linux-arm32.jar;C:\Users\moapi\.gradle\caches\modules-2\files-2.1\org.lwjgl\lwjgl-stb\3.3.3\ddc177afc2be1ee8d93684b11363b80589a13fe1\lwjgl-stb-3.3.3-natives-linux-arm64.jar;C:\Users\moapi\.gradle\caches\modules-2\files-2.1\org.lwjgl\lwjgl-stb\3.3.3\472792c98fb2c1557c060cb9da5fca6a9773621f\lwjgl-stb-3.3.3-natives-macos.jar;C:\Users\moapi\.gradle\caches\modules-2\files-2.1\org.lwjgl\lwjgl-stb\3.3.3\51c6955571fbcdb7bb538c6aa589b953b584c6af\lwjgl-stb-3.3.3-natives-macos-arm64.jar;C:\Users\moapi\.gradle\caches\modules-2\files-2.1\org.lwjgl\lwjgl-stb\3.3.3\1d9facdf6541de114b0f963be33505b7679c78cb\lwjgl-stb-3.3.3-natives-windows.jar;C:\Users\moapi\.gradle\caches\modules-2\files-2.1\org.lwjgl\lwjgl-stb\3.3.3\b5c874687b9aac1a936501d4ed2c49567fd1b575\lwjgl-stb-3.3.3-natives-windows-x86.jar;C:\Users\moapi\.gradle\caches\modules-2\files-2.1\org.lwjgl\lwjgl\3.3.3\29589b5f87ed335a6c7e7ee6a5775f81f97ecb84\lwjgl-3.3.3.jar;C:\Users\moapi\.gradle\caches\modules-2\files-2.1\org.lwjgl\lwjgl\3.3.3\1713758e3660ba66e1e954396fd18126038b33c0\lwjgl-3.3.3-natives-linux.jar;C:\Users\moapi\.gradle\caches\modules-2\files-2.1\org.lwjgl\lwjgl\3.3.3\2075c51a80f0ef0f22ba616ba54007ac2b0debd4\lwjgl-3.3.3-natives-linux-arm32.jar;C:\Users\moapi\.gradle\caches\modules-2\files-2.1\org.lwjgl\lwjgl\3.3.3\f35d8b6ffe1ac1e3a5eb1d4e33de80f044ad5fd8\lwjgl-3.3.3-natives-linux-arm64.jar;C:\Users\moapi\.gradle\caches\modules-2\files-2.1\org.lwjgl\lwjgl\3.3.3\33a6efa288390490ce6eb6c3df47ac21ecf648cf\lwjgl-3.3.3-natives-macos.jar;C:\Users\moapi\.gradle\caches\modules-2\files-2.1\org.lwjgl\lwjgl\3.3.3\226246e75f6bd8d4e1895bdce8638ef87808d114\lwjgl-3.3.3-natives-macos-arm64.jar;C:\Users\moapi\.gradle\caches\modules-2\files-2.1\org.lwjgl\lwjgl\3.3.3\a5ed18a2b82fc91b81f40d717cb1f64c9dcb0540\lwjgl-3.3.3-natives-windows.jar;C:\Users\moapi\.gradle\caches\modules-2\files-2.1\org.lwjgl\lwjgl\3.3.3\9e670718e050aeaeea0c2d5b907cffb142f2e58f\lwjgl-3.3.3-natives-windows-x86.jar;C:\Users\moapi\.gradle\caches\modules-2\files-2.1\com.badlogicgames.jlayer\jlayer\1.0.1-gdx\7cca83cec5c1b2f011362f4d85aabd71a73b049d\jlayer-1.0.1-gdx.jar;C:\Users\moapi\.gradle\caches\modules-2\files-2.1\org.jcraft\jorbis\0.0.17\8872d22b293e8f5d7d56ff92be966e6dc28ebdc6\jorbis-0.0.17.jar;C:\Users\moapi\.gradle\caches\modules-2\files-2.1\com.badlogicgames.gdx\gdx-jnigen-loader\2.3.1\2d472f69243631fbcb3d4c3f93dd2e137a6cb084\gdx-jnigen-loader-2.3.1.jar
Launcher Type: SUN_STANDARD

[Global flags]
     intx CICompilerCount                          = 3                                         {product} {ergonomic}
     uint ConcGCThreads                            = 2                                         {product} {ergonomic}
     uint G1ConcRefinementThreads                  = 6                                         {product} {ergonomic}
   size_t G1HeapRegionSize                         = 2097152                                   {product} {ergonomic}
   size_t InitialHeapSize                          = 268435456                                 {product} {ergonomic}
   size_t MarkStackSize                            = 4194304                                   {product} {ergonomic}
   size_t MaxHeapSize                              = 4273995776                                {product} {ergonomic}
   size_t MaxNewSize                               = 2562719744                                {product} {ergonomic}
   size_t MinHeapDeltaBytes                        = 2097152                                   {product} {ergonomic}
   size_t MinHeapSize                              = 8388608                                   {product} {ergonomic}
    uintx NonNMethodCodeHeapSize                   = 5832780                                {pd product} {ergonomic}
    uintx NonProfiledCodeHeapSize                  = 122912730                              {pd product} {ergonomic}
    uintx ProfiledCodeHeapSize                     = 122912730                              {pd product} {ergonomic}
    uintx ReservedCodeCacheSize                    = 251658240                              {pd product} {ergonomic}
     bool SegmentedCodeCache                       = true                                      {product} {ergonomic}
   size_t SoftMaxHeapSize                          = 4273995776                             {manageable} {ergonomic}
     bool UseCompressedOops                        = true                           {product lp64_product} {ergonomic}
     bool UseG1GC                                  = true                                      {product} {ergonomic}
     bool UseLargePagesIndividualAllocation        = false                                  {pd product} {ergonomic}

Logging:
Log output configuration:
 #0: stdout all=warning uptime,level,tags foldmultilines=false
 #1: stderr all=off uptime,level,tags foldmultilines=false

Environment Variables:
PATH=C:\Program Files\Java\jdk-22\bin;C:\Program Files\Common Files\Oracle\Java\javapath;C:\Program Files (x86)\Common Files\Oracle\Java\java8path;C:\Program Files (x86)\Common Files\Oracle\Java\javapath;C:\Program Files\Eclipse Adoptium\jdk-21.0.4.7-hotspot\bin;C:\Program Files (x86)\Common Files\Intel\Shared Libraries\redist\intel64\compiler;C:\Windows\system32;C:\Windows;C:\Windows\System32\Wbem;C:\Windows\System32\WindowsPowerShell\v1.0\;C:\Windows\System32\OpenSSH\;C:\Program Files\NVIDIA Corporation\NVIDIA NvDLISR;C:\Program Files\dotnet\;G:\PC Apps\MatLab\bin;C:\Program Files\Git\cmd;C:\Users\moapi\AppData\Local\Microsoft\WindowsApps;D:\Intellij\IntelliJ IDEA Community Edition 2024.2.1\bin;;D:\Intellij\IntelliJ IDEA 2024.3\bin;;D:\VSCode\Microsoft VS Code\bin;D:\Programming\MinGW\ucrt64\bin;
USERNAME=moapi
OS=Windows_NT
PROCESSOR_IDENTIFIER=Intel64 Family 6 Model 158 Stepping 12, GenuineIntel
TMP=C:\Users\moapi\AppData\Local\Temp
TEMP=C:\Users\moapi\AppData\Local\Temp




Periodic native trim disabled

---------------  S Y S T E M  ---------------

OS:
 Windows 11 , 64 bit Build 22621 (10.0.22621.4391)
OS uptime: 0 days 5:48 hours

CPU: total 6 (initial active 6) (6 cores per cpu, 1 threads per core) family 6 model 158 stepping 12 microcode 0xde, cx8, cmov, fxsr, mmx, 3dnowpref, sse, sse2, sse3, ssse3, sse4.1, sse4.2, popcnt, lzcnt, tsc, tscinvbit, avx, avx2, aes, erms, clmul, bmi1, bmi2, rtm, adx, fma, vzeroupper, clflush, clflushopt, rdtscp, f16c
Processor Information for all 6 processors :
  Max Mhz: 3696, Current Mhz: 3696, Mhz Limit: 3696

Memory: 4k page, system-wide physical 16296M (5571M free)
TotalPageFile size 20648M (AvailPageFile size 6034M)
current process WorkingSet (physical memory assigned to process): 159M, peak: 173M
current process commit charge ("private bytes"): 496M, peak: 509M

vm_info: OpenJDK 64-Bit Server VM (22.0.2+9-70) for windows-amd64 JRE (22.0.2+9-70), built on 2024-06-04T16:52:23Z by "mach5one" with MS VC++ 17.6 (VS2022)

END.
