#
# A fatal error has been detected by the Java Runtime Environment:
#
#  EXCEPTION_ACCESS_VIOLATION (0xc0000005) at pc=0x0000000066b1e82e, pid=476, tid=1880
#
# JRE version: OpenJDK Runtime Environment (22.0.2+9) (build 22.0.2+9-70)
# Java VM: OpenJDK 64-Bit Server VM (22.0.2+9-70, mixed mode, sharing, tiered, compressed oops, compressed class ptrs, g1 gc, windows-amd64)
# Problematic frame:
# C  [gdx-box2d64.dll+0x1e82e]
#
# No core dump will be written. Minidumps are not enabled by default on client versions of Windows
#
# If you would like to submit a bug report, please visit:
#   https://bugreport.java.com/bugreport/crash.jsp
# The crash happened outside the Java Virtual Machine in native code.
# See problematic frame for where to report the bug.
#

---------------  S U M M A R Y ------------

Command Line: -Dfile.encoding=UTF-8 -Duser.country=US -Duser.language=en -Duser.variant io.github.projectile_game.lwjgl3.Lwjgl3Launcher

Host: Intel(R) Core(TM) i5-9600K CPU @ 3.70GHz, 6 cores, 15G,  Windows 11 , 64 bit Build 22621 (10.0.22621.4391)
Time: Mon Dec  9 20:26:59 2024 Malay Peninsula Standard Time elapsed time: 7.315932 seconds (0d 0h 0m 7s)

---------------  T H R E A D  ---------------

Current thread (0x00000180c353dfa0):  JavaThread "main"             [_thread_in_native, id=1880, stack(0x0000000b52800000,0x0000000b52900000) (1024K)]

Stack: [0x0000000b52800000,0x0000000b52900000],  sp=0x0000000b528ff270,  free space=1020k
Native frames: (J=compiled Java code, j=interpreted, Vv=VM code, C=native code)
C  [gdx-box2d64.dll+0x1e82e]  (no source info available)
C  [gdx-box2d64.dll+0x1ffb6]  (no source info available)
C  [gdx-box2d64.dll+0x26620]  (no source info available)
C  0x00000180d4f2cfc7  (no source info available)

The last pc belongs to native method entry point (kind = native) (printed below).
Java frames: (J=compiled Java code, j=interpreted, Vv=VM code)
j  com.badlogic.gdx.physics.box2d.World.jniDispose(J)V+0
j  com.badlogic.gdx.physics.box2d.World.dispose()V+5
j  io.github.projectile_game.GameScreen.dispose()V+8
j  io.github.projectile_game.GameApplication.dispose()V+4
j  com.badlogic.gdx.backends.lwjgl3.Lwjgl3Window.dispose()V+13
j  com.badlogic.gdx.backends.lwjgl3.Lwjgl3Application.cleanupWindows()V+89
j  com.badlogic.gdx.backends.lwjgl3.Lwjgl3Application.<init>(Lcom/badlogic/gdx/ApplicationListener;Lcom/badlogic/gdx/backends/lwjgl3/Lwjgl3ApplicationConfiguration;)V+273
j  io.github.projectile_game.lwjgl3.Lwjgl3Launcher.createApplication()Lcom/badlogic/gdx/backends/lwjgl3/Lwjgl3Application;+14
j  io.github.projectile_game.lwjgl3.Lwjgl3Launcher.main([Ljava/lang/String;)V+7
v  ~StubRoutines::call_stub 0x00000180d4f2100d

siginfo: EXCEPTION_ACCESS_VIOLATION (0xc0000005), reading address 0x0000000000000000


Registers:
RAX=0x0000000000000000, RBX=0x00000180f03345c0, RCX=0x0000000000000000, RDX=0x00000180c30ecf20
RSP=0x0000000b528ff270, RBP=0x0000000b528ff3a8, RSI=0x00000180f03309d0, RDI=0x00000000000001d0
R8 =0x00000180c30ecf20, R9 =0x00000000000000dc, R10=0x00000180d4f2cf98, R11=0x0000000000000102
R12=0x00000180c30ecf20, R13=0x00000180c30ecf20, R14=0x0000000b528ff3d8, R15=0x00000180c353dfa0
RIP=0x0000000066b1e82e, EFLAGS=0x0000000000010246


Register to memory mapping:

RAX=0x0 is null
RBX=0x00000180f03345c0 points into unknown readable memory: 0x000001803f800000 | 00 00 80 3f 80 01 00 00
RCX=0x0 is null
RDX=0x00000180c30ecf20 points into unknown readable memory: 0x00000180f0372520 | 20 25 37 f0 80 01 00 00
RSP=0x0000000b528ff270 is pointing into the stack for thread: 0x00000180c353dfa0
RBP=0x0000000b528ff3a8 is pointing into the stack for thread: 0x00000180c353dfa0
RSI=0x00000180f03309d0 points into unknown readable memory: 0x0000002400000002 | 02 00 00 00 24 00 00 00
RDI=0x00000000000001d0 is an unknown value
R8 =0x00000180c30ecf20 points into unknown readable memory: 0x00000180f0372520 | 20 25 37 f0 80 01 00 00
R9 =0x00000000000000dc is an unknown value
R10=0x00000180d4f2cf98 is at code_begin+1016 in an Interpreter codelet
native method entry point (kind = native)  [0x00000180d4f2cba0, 0x00000180d4f2d6c0]  2848 bytes
R11=0x0000000000000102 is an unknown value
R12=0x00000180c30ecf20 points into unknown readable memory: 0x00000180f0372520 | 20 25 37 f0 80 01 00 00
R13=0x00000180c30ecf20 points into unknown readable memory: 0x00000180f0372520 | 20 25 37 f0 80 01 00 00
R14=0x0000000b528ff3d8 is pointing into the stack for thread: 0x00000180c353dfa0
R15=0x00000180c353dfa0 is a thread

Top of Stack: (sp=0x0000000b528ff270)
0x0000000b528ff270:   0000000000000080 0000000000000000
0x0000000b528ff280:   0000000711361018 fffffffffffffff7
0x0000000b528ff290:   0000000000000000 00000180c30ecf20
0x0000000b528ff2a0:   00000180e58d5b58 0000000066b1ffb6
0x0000000b528ff2b0:   000000070fa2be48 00000180e582ab18
0x0000000b528ff2c0:   00000000000001d0 00000180d4f2bf1d
0x0000000b528ff2d0:   00000180e58d5b58 0000000000000000
0x0000000b528ff2e0:   00000180c30ecf20 0000000066b26620
0x0000000b528ff2f0:   0000000711361018 00000180d4f2bedd
0x0000000b528ff300:   fffffffffffffff7 00000180e5858a48
0x0000000b528ff310:   0000000000000000 00000180d4f2cfc7
0x0000000b528ff320:   0000000000000000 000000070fa2a870
0x0000000b528ff330:   00000180e5858a78 0000000000000000
0x0000000b528ff340:   0000000b528ff358 0000000b528ff3a8
0x0000000b528ff350:   00000180d4f28f0e 0000000711360b18
0x0000000b528ff360:   fffffffffffffff7 0000000000000000
0x0000000b528ff370:   0000000000000006 00000180e58e6650
0x0000000b528ff380:   0000000000000000 000000070fc08fc0
0x0000000b528ff390:   00000180e58d5b58 0000000000000000
0x0000000b528ff3a0:   0000000b528ff3c8 0000000b528ff428
0x0000000b528ff3b0:   00000180d4f288c0 0000000000000000
0x0000000b528ff3c0:   00000180d4f2a517 00000180c30ecf20
0x0000000b528ff3d0:   0000000000000000 0000000711221530
0x0000000b528ff3e0:   fffffffffffffff7 00000180e58d5aad
0x0000000b528ff3f0:   0000000000000002 00000180e58e6650
0x0000000b528ff400:   0000000000000000 000000070fc08fc0
0x0000000b528ff410:   00000180e58d5ac8 fffffffffffffff4
0x0000000b528ff420:   0000000b528ff438 0000000b528ff488
0x0000000b528ff430:   00000180d4f288c0 0000000711221530
0x0000000b528ff440:   fffffffffffffff7 00000180e58ccb90
0x0000000b528ff450:   0000000000000002 00000180e58cdf58
0x0000000b528ff460:   0000000000000000 000000070fc100f0 

Instructions: (pc=0x0000000066b1e82e)
0x0000000066b1e72e:   00 00 00 00 c3 90 66 66 2e 0f 1f 84 00 00 00 00
0x0000000066b1e73e:   00 90 41 54 57 56 53 48 83 ec 28 49 8b 41 08 f3
0x0000000066b1e74e:   41 0f 10 41 10 48 89 41 40 41 8b 41 1e 48 89 cb
0x0000000066b1e75e:   49 89 d4 f3 0f 11 41 20 f3 41 0f 10 41 14 4c 89
0x0000000066b1e76e:   ce 89 41 34 41 0f b7 41 22 4c 89 41 10 66 89 41
0x0000000066b1e77e:   38 41 0f b6 41 1c f3 0f 11 41 24 88 41 3a 48 c7
0x0000000066b1e78e:   41 08 00 00 00 00 49 8b 09 48 8b 01 ff 50 10 48
0x0000000066b1e79e:   89 c1 48 89 43 18 48 8b 00 ff 50 18 4c 89 e1 89
0x0000000066b1e7ae:   c2 89 c7 c1 e2 05 e8 07 c6 fe ff 48 89 43 28 85
0x0000000066b1e7be:   ff 7e 2e 8d 4f ff 48 8d 50 10 48 c1 e1 05 48 8d
0x0000000066b1e7ce:   44 08 30 0f 1f 80 00 00 00 00 48 c7 02 00 00 00
0x0000000066b1e7de:   00 48 83 c2 20 c7 42 ec ff ff ff ff 48 39 c2 75
0x0000000066b1e7ee:   e9 f3 0f 10 46 18 c7 43 30 00 00 00 00 f3 0f 11
0x0000000066b1e7fe:   03 48 83 c4 28 5b 5e 5f 41 5c c3 90 66 0f 1f 44
0x0000000066b1e80e:   00 00 41 55 41 54 53 48 83 ec 20 8b 41 30 48 89
0x0000000066b1e81e:   cb 49 89 d5 85 c0 0f 85 9e 00 00 00 48 8b 4b 18
0x0000000066b1e82e:   48 8b 01 ff 50 18 48 8b 53 28 4c 89 e9 c1 e0 05
0x0000000066b1e83e:   41 89 c0 e8 9a c7 fe ff 4c 8b 63 18 48 c7 43 28
0x0000000066b1e84e:   00 00 00 00 41 8b 44 24 08 83 f8 02 0f 84 b0 00
0x0000000066b1e85e:   00 00 77 3e 85 c0 0f 84 c6 00 00 00 49 8b 04 24
0x0000000066b1e86e:   4c 89 e1 ff 10 41 b8 38 00 00 00 4c 89 e2 4c 89
0x0000000066b1e87e:   e9 e8 5c c7 fe ff 48 c7 43 18 00 00 00 00 48 83
0x0000000066b1e88e:   c4 20 5b 41 5c 41 5d c3 66 2e 0f 1f 84 00 00 00
0x0000000066b1e89e:   00 00 83 f8 03 75 4b 49 8b 04 24 4c 89 e1 ff 10
0x0000000066b1e8ae:   41 b8 30 00 00 00 4c 89 e2 4c 89 e9 e8 21 c7 fe
0x0000000066b1e8be:   ff eb c3 0f 1f 80 00 00 00 00 41 b8 48 00 00 00
0x0000000066b1e8ce:   48 8d 15 8b 38 02 00 48 8d 0d e4 38 02 00 ff 15
0x0000000066b1e8de:   d2 7a 03 00 e9 43 ff ff ff 66 0f 1f 84 00 00 00
0x0000000066b1e8ee:   00 00 41 b8 73 00 00 00 48 8d 15 63 38 02 00 48
0x0000000066b1e8fe:   8d 0d ce 38 02 00 ff 15 aa 7a 03 00 e9 75 ff ff
0x0000000066b1e90e:   ff 90 49 8b 04 24 4c 89 e1 ff 10 41 b8 a0 00 00
0x0000000066b1e91e:   00 4c 89 e2 4c 89 e9 e8 b6 c6 fe ff e9 55 ff ff 


Stack slot to memory mapping:

stack at sp + 0 slots: 0x0000000000000080 is an unknown value
stack at sp + 1 slots: 0x0 is null
stack at sp + 2 slots: 0x0000000711361018 is an oop: com.badlogic.gdx.utils.ObjectMap$Values 
{0x0000000711361018} - klass: 'com/badlogic/gdx/utils/ObjectMap$Values'
 - ---- fields (total size 4 words):
 - 'nextIndex' 'I' @12  128 (0x00000080)
 - 'currentIndex' 'I' @16  93 (0x0000005d)
 - public 'hasNext' 'Z' @20  false (0x00)
 - 'valid' 'Z' @21  true (0x01)
 - final 'map' 'Lcom/badlogic/gdx/utils/ObjectMap;' @24  a 'com/badlogic/gdx/utils/ObjectMap'{0x000000070fa3dcc0} (0xe1f47b98)
stack at sp + 3 slots: 0xfffffffffffffff7 is an unknown value
stack at sp + 4 slots: 0x0 is null
stack at sp + 5 slots: 0x00000180c30ecf20 points into unknown readable memory: 0x00000180f0372520 | 20 25 37 f0 80 01 00 00
stack at sp + 6 slots: {method} {0x00000180e58d5b60} 'jniDispose' '(J)V' in 'com/badlogic/gdx/physics/box2d/World'
stack at sp + 7 slots: 0x0000000066b1ffb6 gdx-box2d64.dll

native method entry point (kind = native)  [0x00000180d4f2cba0, 0x00000180d4f2d6c0]  2848 bytes
[MachCode]
  0x00000180d4f2cba0: 488b 4b08 | 0fb7 492e | 584c 8d74 | ccf8 6800 | 0000 0068 | 0000 0000 | 5055 488b | ec41 5568 
  0x00000180d4f2cbc0: 0000 0000 | 4c8b 6b08 | 4d8d 6d38 | 5348 8b53 | 0848 8b52 | 0848 8b52 | 1848 8b52 | 7048 8b12 
  0x00000180d4f2cbe0: 5248 8b53 | 1048 85d2 | 0f84 0700 | 0000 4881 | c210 0100 | 0052 488b | 5308 488b | 5208 488b 
  0x00000180d4f2cc00: 5210 5249 | 8bc6 482b | c548 c1e8 | 0350 6800 | 0000 0068 | f7ff ffff | 41c6 8781 | 0400 0001 
  0x00000180d4f2cc20: 488b 4310 | 4885 c074 | 208b 88cc | 0000 0083 | c102 8988 | cc00 0000 | 2388 e000 | 0000 0f84 
  0x00000180d4f2cc40: cb09 0000 | e9cf 0000 | 0048 8b43 | 1848 85c0 | 0f85 b000 | 0000 e805 | 0000 00e9 | 9900 0000 
  0x00000180d4f2cc60: 488b d348 | 8d44 2408 | 4c89 6dc0 | 498b cfc5 | f877 4989 | afb0 0300 | 0049 8987 | a003 0000 
  0x00000180d4f2cc80: 4883 ec20 | 40f6 c40f | 0f84 1900 | 0000 4883 | ec08 48b8 | 00a7 9373 | f87f 0000 | ffd0 4883 
  0x00000180d4f2cca0: c408 e90c | 0000 0048 | b800 a793 | 73f8 7f00 | 00ff d048 | 83c4 2049 | c787 a003 | 0000 0000 
  0x00000180d4f2ccc0: 0000 49c7 | 87b0 0300 | 0000 0000 | 0049 c787 | a803 0000 | 0000 0000 | c5f8 7749 | 837f 0800 
  0x00000180d4f2cce0: 0f84 0500 | 0000 e915 | 42ff ff4c | 8b6d c04c | 8b75 c84e | 8d74 f500 | c348 8b43 | 1848 85c0 
  0x00000180d4f2cd00: 0f84 1200 | 0000 8b48 | 0883 c102 | 8948 0823 | 481c 0f84 | f708 0000 | 493b a7f0 | 0400 000f 
  0x00000180d4f2cd20: 8748 0000 | 0089 8424 | 00f0 ffff | 8984 2400 | e0ff ff89 | 8424 00d0 | ffff 8984 | 2400 c0ff 
  0x00000180d4f2cd40: ff89 8424 | 00b0 ffff | 8984 2400 | a0ff ff89 | 8424 0090 | ffff 8984 | 2400 80ff | ff49 3ba7 
  0x00000180d4f2cd60: e804 0000 | 7607 4989 | a7f0 0400 | 0041 c687 | 8104 0000 | 0049 ba6c | 401a 74f8 | 7f00 0041 
  0x00000180d4f2cd80: 803a 000f | 843e 0000 | 0048 8b55 | e849 8bcf | 4883 ec20 | 40f6 c40f | 0f84 1900 | 0000 4883 
  0x00000180d4f2cda0: ec08 48b8 | 80b9 ca73 | f87f 0000 | ffd0 4883 | c408 e90c | 0000 0048 | b880 b9ca | 73f8 7f00 
  0x00000180d4f2cdc0: 00ff d048 | 83c4 2048 | 8b5d e84c | 8b5b 0845 | 0fb7 5b2e | 41c1 e303 | 492b e348 | 83ec 2048 
  0x00000180d4f2cde0: 83e4 f04c | 8b5b 604d | 85db 0f85 | ab00 0000 | e805 0000 | 00e9 9900 | 0000 488b | d348 8d44 
  0x00000180d4f2ce00: 2408 4c89 | 6dc0 498b | cfc5 f877 | 4989 afb0 | 0300 0049 | 8987 a003 | 0000 4883 | ec20 40f6 
  0x00000180d4f2ce20: c40f 0f84 | 1900 0000 | 4883 ec08 | 48b8 20ce | 9373 f87f | 0000 ffd0 | 4883 c408 | e90c 0000 
  0x00000180d4f2ce40: 0048 b820 | ce93 73f8 | 7f00 00ff | d048 83c4 | 2049 c787 | a003 0000 | 0000 0000 | 49c7 87b0 
  0x00000180d4f2ce60: 0300 0000 | 0000 0049 | c787 a803 | 0000 0000 | 0000 c5f8 | 7749 837f | 0800 0f84 | 0500 0000 
  0x00000180d4f2ce80: e97b 40ff | ff4c 8b6d | c04c 8b75 | c84e 8d74 | f500 c348 | 8b5d e84c | 8b5b 6041 | ffd3 488b 
  0x00000180d4f2cea0: 5de8 4889 | 4518 448b | 5b28 41f6 | c308 0f84 | 1b00 0000 | 4c8b 5b08 | 4d8b 5b08 | 4d8b 5b18 
  0x00000180d4f2cec0: 4d8b 5b70 | 4d8b 1b4c | 895d 1048 | 8d55 1048 | 8b43 5849 | ba80 10cb | 73f8 7f00 | 0049 3bc2 
  0x00000180d4f2cee0: 0f85 ab00 | 0000 e805 | 0000 00e9 | 9900 0000 | 488b d348 | 8d44 2408 | 4c89 6dc0 | 498b cfc5 
  0x00000180d4f2cf00: f877 4989 | afb0 0300 | 0049 8987 | a003 0000 | 4883 ec20 | 40f6 c40f | 0f84 1900 | 0000 4883 
  0x00000180d4f2cf20: ec08 48b8 | 20ce 9373 | f87f 0000 | ffd0 4883 | c408 e90c | 0000 0048 | b820 ce93 | 73f8 7f00 
  0x00000180d4f2cf40: 00ff d048 | 83c4 2049 | c787 a003 | 0000 0000 | 0000 49c7 | 87b0 0300 | 0000 0000 | 0049 c787 
  0x00000180d4f2cf60: a803 0000 | 0000 0000 | c5f8 7749 | 837f 0800 | 0f84 0500 | 0000 e985 | 3fff ff4c | 8b6d c04c 
  0x00000180d4f2cf80: 8b75 c84e | 8d74 f500 | c348 8b5d | e848 8b43 | 5849 8d8f | c003 0000 | c5f8 7749 | 89af b003 
  0x00000180d4f2cfa0: 0000 49ba | 98cf f2d4 | 8001 0000 | 4d89 97a8 | 0300 0049 | 89a7 a003 | 0000 41c7 | 8754 0400 
  0x00000180d4f2cfc0: 0004 0000 | 00ff d0c5 | f877 4883 | ec10 c5fb | 1104 2448 | 83ec 1048 | 8904 2448 | c744 2408 
  0x00000180d4f2cfe0: 0000 0000 | 41c7 8754 | 0400 0005 | 0000 00f0 | 8344 24c0 | 0049 3baf | 5804 0000 | 0f87 0e00 
  0x00000180d4f2d000: 0000 4183 | bf50 0400 | 0000 0f84 | 2000 0000 | 498b cf4c | 8be4 4883 | ec20 4883 | e4f0 48b8 
  0x00000180d4f2d020: 4023 9573 | f87f 0000 | ffd0 498b | e44d 33e4 | 41c7 8754 | 0400 0008 | 0000 0049 | c787 a003 
  0x00000180d4f2d040: 0000 0000 | 0000 49c7 | 87b0 0300 | 0000 0000 | 0049 c787 | a803 0000 | 0000 0000 | c5f8 774d 
  0x00000180d4f2d060: 8b9f 3004 | 0000 41c7 | 8300 0100 | 0000 0000 | 0049 bb1a | a5f2 d480 | 0100 004c | 3b5d 180f 
  0x00000180d4f2d080: 8524 0200 | 0048 8b04 | 2448 83c4 | 1048 85c0 | 0f84 fe01 | 0000 a803 | 0f85 0800 | 0000 488b 
  0x00000180d4f2d0a0: 00e9 ee01 | 0000 a801 | 0f85 0900 | 0000 488b | 40fe e9dd | 0100 0048 | 8b40 ff41 | 807f 3800 
  0x00000180d4f2d0c0: 0f84 ce01 | 0000 4883 | f800 0f84 | c401 0000 | 4d8b 5f28 | 4983 fb00 | 0f84 1400 | 0000 4983 
  0x00000180d4f2d0e0: eb08 4d89 | 5f28 4d03 | 5f30 4989 | 03e9 a201 | 0000 4881 | ecd0 0000 | 0048 8904 | 2448 894c 
  0x00000180d4f2d100: 2408 4889 | 5424 1048 | 8974 2418 | 4889 7c24 | 204c 8944 | 2428 4c89 | 4c24 304c | 8954 2438 
  0x00000180d4f2d120: 4c89 5c24 | 40c5 fb11 | 4424 50c5 | fb11 4c24 | 58c5 fb11 | 5424 60c5 | fb11 5c24 | 68c5 fb11 
  0x00000180d4f2d140: 6424 70c5 | fb11 6c24 | 78c5 fb11 | b424 8000 | 0000 c5fb | 11bc 2488 | 0000 00c5 | 7b11 8424 
  0x00000180d4f2d160: 9000 0000 | c57b 118c | 2498 0000 | 00c5 7b11 | 9424 a000 | 0000 c57b | 119c 24a8 | 0000 00c5 
  0x00000180d4f2d180: 7b11 a424 | b000 0000 | c57b 11ac | 24b8 0000 | 00c5 7b11 | b424 c000 | 0000 c57b | 11bc 24c8 
  0x00000180d4f2d1a0: 0000 0049 | 8bd7 488b | c848 83ec | 2040 f6c4 | 0f0f 8419 | 0000 0048 | 83ec 0848 | b830 3f88 
  0x00000180d4f2d1c0: 73f8 7f00 | 00ff d048 | 83c4 08e9 | 0c00 0000 | 48b8 303f | 8873 f87f | 0000 ffd0 | 4883 c420 
  0x00000180d4f2d1e0: c57b 10bc | 24c8 0000 | 00c5 7b10 | b424 c000 | 0000 c57b | 10ac 24b8 | 0000 00c5 | 7b10 a424 
  0x00000180d4f2d200: b000 0000 | c57b 109c | 24a8 0000 | 00c5 7b10 | 9424 a000 | 0000 c57b | 108c 2498 | 0000 00c5 
  0x00000180d4f2d220: 7b10 8424 | 9000 0000 | c5fb 10bc | 2488 0000 | 00c5 fb10 | b424 8000 | 0000 c5fb | 106c 2478 
  0x00000180d4f2d240: c5fb 1064 | 2470 c5fb | 105c 2468 | c5fb 1054 | 2460 c5fb | 104c 2458 | c5fb 1044 | 2450 4c8b 
  0x00000180d4f2d260: 5c24 404c | 8b54 2438 | 4c8b 4c24 | 304c 8b44 | 2428 488b | 7c24 2048 | 8b74 2418 | 488b 5424 
  0x00000180d4f2d280: 1048 8b4c | 2408 488b | 0424 4881 | c4d0 0000 | 00c5 f877 | 4889 4510 | 4883 ec10 | 4889 0424 
  0x00000180d4f2d2a0: 48c7 4424 | 0800 0000 | 0041 83bf | d004 0000 | 020f 85bf | 0000 0048 | 81ec 8000 | 0000 4889 
  0x00000180d4f2d2c0: 4424 7848 | 894c 2470 | 4889 5424 | 6848 895c | 2460 4889 | 6c24 5048 | 8974 2448 | 4889 7c24 
  0x00000180d4f2d2e0: 404c 8944 | 2438 4c89 | 4c24 304c | 8954 2428 | 4c89 5c24 | 204c 8964 | 2418 4c89 | 6c24 104c 
  0x00000180d4f2d300: 8974 2408 | 4c89 3c24 | 4c8b e448 | 83ec 2048 | 83e4 f048 | b8d0 f1ca | 73f8 7f00 | 00ff d049 
  0x00000180d4f2d320: 8be4 4c8b | 3c24 4c8b | 7424 084c | 8b6c 2410 | 4c8b 6424 | 184c 8b5c | 2420 4c8b | 5424 284c 
  0x00000180d4f2d340: 8b4c 2430 | 4c8b 4424 | 3848 8b7c | 2440 488b | 7424 4848 | 8b6c 2450 | 488b 5c24 | 6048 8b54 
  0x00000180d4f2d360: 2468 488b | 4c24 7048 | 8b44 2478 | 4881 c480 | 0000 004d | 33e4 488b | 5de8 4c8b | 6b08 4d8d 
  0x00000180d4f2d380: 6d38 4983 | 7f08 000f | 84bb 0000 | 00e8 0500 | 0000 e996 | 0000 0048 | 8d44 2408 | 4c89 6dc0 
  0x00000180d4f2d3a0: 498b cfc5 | f877 4989 | afb0 0300 | 0049 8987 | a003 0000 | 4883 ec20 | 40f6 c40f | 0f84 1900 
  0x00000180d4f2d3c0: 0000 4883 | ec08 48b8 | 60ec 9373 | f87f 0000 | ffd0 4883 | c408 e90c | 0000 0048 | b860 ec93 
  0x00000180d4f2d3e0: 73f8 7f00 | 00ff d048 | 83c4 2049 | c787 a003 | 0000 0000 | 0000 49c7 | 87b0 0300 | 0000 0000 
  0x00000180d4f2d400: 0049 c787 | a803 0000 | 0000 0000 | c5f8 7749 | 837f 0800 | 0f84 0500 | 0000 e9e1 | 3aff ff4c 
  0x00000180d4f2d420: 8b6d c04c | 8b75 c84e | 8d74 f500 | c348 b9b0 | 28f2 73f8 | 7f00 0048 | 83e4 f048 | b830 99b9 
  0x00000180d4f2d440: 73f8 7f00 | 00ff d0f4 | 448b 5b28 | 41f6 c320 | 0f84 4401 | 0000 488d | 55a8 4c8b | 5a08 4d85 
  0x00000180d4f2d460: db0f 85bb | 0000 00e8 | 0500 0000 | e996 0000 | 0048 8d44 | 2408 4c89 | 6dc0 498b | cfc5 f877 
  0x00000180d4f2d480: 4989 afb0 | 0300 0049 | 8987 a003 | 0000 4883 | ec20 40f6 | c40f 0f84 | 1900 0000 | 4883 ec08 
  0x00000180d4f2d4a0: 48b8 90eb | 9373 f87f | 0000 ffd0 | 4883 c408 | e90c 0000 | 0048 b890 | eb93 73f8 | 7f00 00ff 
  0x00000180d4f2d4c0: d048 83c4 | 2049 c787 | a003 0000 | 0000 0000 | 49c7 87b0 | 0300 0000 | 0000 0049 | c787 a803 
  0x00000180d4f2d4e0: 0000 0000 | 0000 c5f8 | 7749 837f | 0800 0f84 | 0500 0000 | e907 3aff | ff4c 8b6d | c04c 8b75 
  0x00000180d4f2d500: c84e 8d74 | f500 c348 | b9b0 28f2 | 73f8 7f00 | 0048 83e4 | f048 b830 | 99b9 73f8 | 7f00 00ff 
  0x00000180d4f2d520: d0f4 4c89 | 6dc0 488d | 024c 8b4a | 0848 c742 | 0800 0000 | 004c 8b00 | 4d85 c00f | 840b 0000 
  0x00000180d4f2d540: 00f0 4d0f | b101 0f85 | 0c00 0000 | 49ff 8f58 | 0500 00e9 | 3e00 0000 | 4c89 4a08 | 488b ca48 
  0x00000180d4f2d560: 83ec 2040 | f6c4 0f0f | 8419 0000 | 0048 83ec | 0848 b820 | be93 73f8 | 7f00 00ff | d048 83c4 
  0x00000180d4f2d580: 08e9 0c00 | 0000 48b8 | 20be 9373 | f87f 0000 | ffd0 4883 | c420 4c8b | 6dc0 49ba | 6c40 1a74 
  0x00000180d4f2d5a0: f87f 0000 | 4180 3a00 | 0f84 3e00 | 0000 488b | 55e8 498b | cf48 83ec | 2040 f6c4 | 0f0f 8419 
  0x00000180d4f2d5c0: 0000 0048 | 83ec 0848 | b880 b9ca | 73f8 7f00 | 00ff d048 | 83c4 08e9 | 0c00 0000 | 48b8 80b9 
  0x00000180d4f2d5e0: ca73 f87f | 0000 ffd0 | 4883 c420 | 488b 0424 | 4883 c410 | c5fb 1004 | 2448 83c4 | 104c 8b5d 
  0x00000180d4f2d600: 1841 ffd3 | 4c8b 5df8 | c95f 498b | e3ff e7ba | 0000 0000 | e805 0000 | 00e9 9600 | 0000 488d 
  0x00000180d4f2d620: 4424 084c | 896d c049 | 8bcf c5f8 | 7749 89af | b003 0000 | 4989 87a0 | 0300 0048 | 83ec 2040 
  0x00000180d4f2d640: f6c4 0f0f | 8419 0000 | 0048 83ec | 0848 b8e0 | b193 73f8 | 7f00 00ff | d048 83c4 | 08e9 0c00 
  0x00000180d4f2d660: 0000 48b8 | e0b1 9373 | f87f 0000 | ffd0 4883 | c420 49c7 | 87a0 0300 | 0000 0000 | 0049 c787 
  0x00000180d4f2d680: b003 0000 | 0000 0000 | 49c7 87a8 | 0300 0000 | 0000 00c5 | f877 4983 | 7f08 000f | 8405 0000 
  0x00000180d4f2d6a0: 00e9 5a38 | ffff 4c8b | 6dc0 4c8b | 75c8 4e8d | 74f5 00c3 | 488b 5de8 | e95b f6ff | ff66 6690 
[/MachCode]

---------------  P R O C E S S  ---------------

Threads class SMR info:
_java_thread_list=0x00000180e90529b0, length=14, elements={
0x00000180c353dfa0, 0x00000180e42dd890, 0x00000180e42de7b0, 0x00000180e42e0e60,
0x00000180e42e3a00, 0x00000180e42e4460, 0x00000180e42e52c0, 0x00000180e42f1d70,
0x00000180e42f4ad0, 0x00000180c1280640, 0x00000180c1299af0, 0x00000180c19ef140,
0x00000180e99f1a20, 0x00000180e994c8f0
}

Java Threads: ( => current thread )
=>0x00000180c353dfa0 JavaThread "main"                              [_thread_in_native, id=1880, stack(0x0000000b52800000,0x0000000b52900000) (1024K)]
  0x00000180e42dd890 JavaThread "Reference Handler"          daemon [_thread_blocked, id=20228, stack(0x0000000b53000000,0x0000000b53100000) (1024K)]
  0x00000180e42de7b0 JavaThread "Finalizer"                  daemon [_thread_blocked, id=10340, stack(0x0000000b53100000,0x0000000b53200000) (1024K)]
  0x00000180e42e0e60 JavaThread "Signal Dispatcher"          daemon [_thread_blocked, id=14412, stack(0x0000000b53200000,0x0000000b53300000) (1024K)]
  0x00000180e42e3a00 JavaThread "Attach Listener"            daemon [_thread_blocked, id=19552, stack(0x0000000b53300000,0x0000000b53400000) (1024K)]
  0x00000180e42e4460 JavaThread "Service Thread"             daemon [_thread_blocked, id=19548, stack(0x0000000b53400000,0x0000000b53500000) (1024K)]
  0x00000180e42e52c0 JavaThread "Monitor Deflation Thread"   daemon [_thread_blocked, id=19540, stack(0x0000000b53500000,0x0000000b53600000) (1024K)]
  0x00000180e42f1d70 JavaThread "C2 CompilerThread0"         daemon [_thread_blocked, id=19592, stack(0x0000000b53600000,0x0000000b53700000) (1024K)]
  0x00000180e42f4ad0 JavaThread "C1 CompilerThread0"         daemon [_thread_blocked, id=19596, stack(0x0000000b53700000,0x0000000b53800000) (1024K)]
  0x00000180c1280640 JavaThread "Notification Thread"        daemon [_thread_blocked, id=19544, stack(0x0000000b53800000,0x0000000b53900000) (1024K)]
  0x00000180c1299af0 JavaThread "Common-Cleaner"             daemon [_thread_blocked, id=17152, stack(0x0000000b53900000,0x0000000b53a00000) (1024K)]
  0x00000180c19ef140 JavaThread "Thread-0"                   daemon [_thread_blocked, id=21220, stack(0x0000000b54100000,0x0000000b54200000) (1024K)]
  0x00000180e99f1a20 JavaThread "LWJGL3 Timer"               daemon [_thread_blocked, id=10224, stack(0x0000000b53a00000,0x0000000b53b00000) (1024K)]
  0x00000180e994c8f0 JavaThread "C2 CompilerThread1"         daemon [_thread_blocked, id=12104, stack(0x0000000b54b00000,0x0000000b54c00000) (1024K)]
Total: 14

Other Threads:
  0x00000180e42c24f0 VMThread "VM Thread"                           [id=20476, stack(0x0000000b52f00000,0x0000000b53000000) (1024K)]
  0x00000180e42a7de0 WatcherThread "VM Periodic Task Thread"        [id=12088, stack(0x0000000b52e00000,0x0000000b52f00000) (1024K)]
  0x00000180c5721260 WorkerThread "GC Thread#0"                     [id=6048, stack(0x0000000b52900000,0x0000000b52a00000) (1024K)]
  0x00000180e9bd1050 WorkerThread "GC Thread#1"                     [id=16028, stack(0x0000000b54600000,0x0000000b54700000) (1024K)]
  0x00000180e9c01f60 WorkerThread "GC Thread#2"                     [id=19276, stack(0x0000000b54700000,0x0000000b54800000) (1024K)]
  0x00000180e9c02310 WorkerThread "GC Thread#3"                     [id=17652, stack(0x0000000b54800000,0x0000000b54900000) (1024K)]
  0x00000180e9c026c0 WorkerThread "GC Thread#4"                     [id=19484, stack(0x0000000b54900000,0x0000000b54a00000) (1024K)]
  0x00000180e9c02a70 WorkerThread "GC Thread#5"                     [id=8292, stack(0x0000000b54a00000,0x0000000b54b00000) (1024K)]
  0x00000180c57321d0 ConcurrentGCThread "G1 Main Marker"            [id=11408, stack(0x0000000b52a00000,0x0000000b52b00000) (1024K)]
  0x00000180c5732bf0 WorkerThread "G1 Conc#0"                       [id=21344, stack(0x0000000b52b00000,0x0000000b52c00000) (1024K)]
  0x00000180e416a5e0 ConcurrentGCThread "G1 Refine#0"               [id=7652, stack(0x0000000b52c00000,0x0000000b52d00000) (1024K)]
  0x00000180e416af70 ConcurrentGCThread "G1 Service"                [id=15980, stack(0x0000000b52d00000,0x0000000b52e00000) (1024K)]
Total: 12

Threads with active compile tasks:
Total: 0

VM state: not at safepoint (normal execution)

VM Mutex/Monitor currently owned by a thread: None

Heap address: 0x0000000701400000, size: 4076 MB, Compressed Oops mode: Zero based, Oop shift amount: 3

CDS archive(s) mapped at: [0x0000018080000000-0x0000018080c60000-0x0000018080c60000), size 12976128, SharedBaseAddress: 0x0000018080000000, ArchiveRelocationMode: 1.
Compressed class space mapped at: 0x0000018081000000-0x00000180c1000000, reserved size: 1073741824
Narrow klass base: 0x0000018080000000, Narrow klass shift: 0, Narrow klass range: 0x41000000

GC Precious Log:
 CardTable entry size: 512
 Card Set container configuration: InlinePtr #cards 4 size 8 Array Of Cards #cards 16 size 48 Howl #buckets 8 coarsen threshold 3686 Howl Bitmap #cards 512 size 80 coarsen threshold 460 Card regions per heap region 1 cards per card region 4096
 CPUs: 6 total, 6 available
 Memory: 16296M
 Large Page Support: Disabled
 NUMA Support: Disabled
 Compressed Oops: Enabled (Zero based)
 Heap Region Size: 2M
 Heap Min Capacity: 8M
 Heap Initial Capacity: 256M
 Heap Max Capacity: 4076M
 Pre-touch: Disabled
 Parallel Workers: 6
 Concurrent Workers: 2
 Concurrent Refinement Workers: 6
 Periodic GC: Disabled

Heap:
 garbage-first heap   total reserved 4173824K, committed 262144K, used 3868K [0x0000000701400000, 0x0000000800000000)
  region size 2048K, 3 young (6144K), 2 survivors (4096K)
 Metaspace       used 8310K, committed 8576K, reserved 1114112K
  class space    used 655K, committed 768K, reserved 1048576K

Heap Regions: E=young(eden), S=young(survivor), O=old, HS=humongous(starts), HC=humongous(continues), CS=collection set, F=free, TAMS=top-at-mark-start, PB=parsable bottom
|   0|0x0000000701400000, 0x0000000701400000, 0x0000000701600000|  0%| F|  |TAMS 0x0000000701400000| PB 0x0000000701400000| Untracked |  0
|   1|0x0000000701600000, 0x0000000701600000, 0x0000000701800000|  0%| F|  |TAMS 0x0000000701600000| PB 0x0000000701600000| Untracked |  0
|   2|0x0000000701800000, 0x0000000701800000, 0x0000000701a00000|  0%| F|  |TAMS 0x0000000701800000| PB 0x0000000701800000| Untracked |  0
|   3|0x0000000701a00000, 0x0000000701a00000, 0x0000000701c00000|  0%| F|  |TAMS 0x0000000701a00000| PB 0x0000000701a00000| Untracked |  0
|   4|0x0000000701c00000, 0x0000000701c00000, 0x0000000701e00000|  0%| F|  |TAMS 0x0000000701c00000| PB 0x0000000701c00000| Untracked |  0
|   5|0x0000000701e00000, 0x0000000701e00000, 0x0000000702000000|  0%| F|  |TAMS 0x0000000701e00000| PB 0x0000000701e00000| Untracked |  0
|   6|0x0000000702000000, 0x0000000702000000, 0x0000000702200000|  0%| F|  |TAMS 0x0000000702000000| PB 0x0000000702000000| Untracked |  0
|   7|0x0000000702200000, 0x0000000702200000, 0x0000000702400000|  0%| F|  |TAMS 0x0000000702200000| PB 0x0000000702200000| Untracked |  0
|   8|0x0000000702400000, 0x0000000702400000, 0x0000000702600000|  0%| F|  |TAMS 0x0000000702400000| PB 0x0000000702400000| Untracked |  0
|   9|0x0000000702600000, 0x0000000702600000, 0x0000000702800000|  0%| F|  |TAMS 0x0000000702600000| PB 0x0000000702600000| Untracked |  0
|  10|0x0000000702800000, 0x0000000702800000, 0x0000000702a00000|  0%| F|  |TAMS 0x0000000702800000| PB 0x0000000702800000| Untracked |  0
|  11|0x0000000702a00000, 0x0000000702a00000, 0x0000000702c00000|  0%| F|  |TAMS 0x0000000702a00000| PB 0x0000000702a00000| Untracked |  0
|  12|0x0000000702c00000, 0x0000000702c00000, 0x0000000702e00000|  0%| F|  |TAMS 0x0000000702c00000| PB 0x0000000702c00000| Untracked |  0
|  13|0x0000000702e00000, 0x0000000702e00000, 0x0000000703000000|  0%| F|  |TAMS 0x0000000702e00000| PB 0x0000000702e00000| Untracked |  0
|  14|0x0000000703000000, 0x0000000703000000, 0x0000000703200000|  0%| F|  |TAMS 0x0000000703000000| PB 0x0000000703000000| Untracked |  0
|  15|0x0000000703200000, 0x0000000703200000, 0x0000000703400000|  0%| F|  |TAMS 0x0000000703200000| PB 0x0000000703200000| Untracked |  0
|  16|0x0000000703400000, 0x0000000703400000, 0x0000000703600000|  0%| F|  |TAMS 0x0000000703400000| PB 0x0000000703400000| Untracked |  0
|  17|0x0000000703600000, 0x0000000703600000, 0x0000000703800000|  0%| F|  |TAMS 0x0000000703600000| PB 0x0000000703600000| Untracked |  0
|  18|0x0000000703800000, 0x0000000703800000, 0x0000000703a00000|  0%| F|  |TAMS 0x0000000703800000| PB 0x0000000703800000| Untracked |  0
|  19|0x0000000703a00000, 0x0000000703a00000, 0x0000000703c00000|  0%| F|  |TAMS 0x0000000703a00000| PB 0x0000000703a00000| Untracked |  0
|  20|0x0000000703c00000, 0x0000000703c00000, 0x0000000703e00000|  0%| F|  |TAMS 0x0000000703c00000| PB 0x0000000703c00000| Untracked |  0
|  21|0x0000000703e00000, 0x0000000703e00000, 0x0000000704000000|  0%| F|  |TAMS 0x0000000703e00000| PB 0x0000000703e00000| Untracked |  0
|  22|0x0000000704000000, 0x0000000704000000, 0x0000000704200000|  0%| F|  |TAMS 0x0000000704000000| PB 0x0000000704000000| Untracked |  0
|  23|0x0000000704200000, 0x0000000704200000, 0x0000000704400000|  0%| F|  |TAMS 0x0000000704200000| PB 0x0000000704200000| Untracked |  0
|  24|0x0000000704400000, 0x0000000704400000, 0x0000000704600000|  0%| F|  |TAMS 0x0000000704400000| PB 0x0000000704400000| Untracked |  0
|  25|0x0000000704600000, 0x0000000704600000, 0x0000000704800000|  0%| F|  |TAMS 0x0000000704600000| PB 0x0000000704600000| Untracked |  0
|  26|0x0000000704800000, 0x0000000704800000, 0x0000000704a00000|  0%| F|  |TAMS 0x0000000704800000| PB 0x0000000704800000| Untracked |  0
|  27|0x0000000704a00000, 0x0000000704a00000, 0x0000000704c00000|  0%| F|  |TAMS 0x0000000704a00000| PB 0x0000000704a00000| Untracked |  0
|  28|0x0000000704c00000, 0x0000000704c00000, 0x0000000704e00000|  0%| F|  |TAMS 0x0000000704c00000| PB 0x0000000704c00000| Untracked |  0
|  29|0x0000000704e00000, 0x0000000704e00000, 0x0000000705000000|  0%| F|  |TAMS 0x0000000704e00000| PB 0x0000000704e00000| Untracked |  0
|  30|0x0000000705000000, 0x0000000705000000, 0x0000000705200000|  0%| F|  |TAMS 0x0000000705000000| PB 0x0000000705000000| Untracked |  0
|  31|0x0000000705200000, 0x0000000705200000, 0x0000000705400000|  0%| F|  |TAMS 0x0000000705200000| PB 0x0000000705200000| Untracked |  0
|  32|0x0000000705400000, 0x0000000705400000, 0x0000000705600000|  0%| F|  |TAMS 0x0000000705400000| PB 0x0000000705400000| Untracked |  0
|  33|0x0000000705600000, 0x0000000705600000, 0x0000000705800000|  0%| F|  |TAMS 0x0000000705600000| PB 0x0000000705600000| Untracked |  0
|  34|0x0000000705800000, 0x0000000705800000, 0x0000000705a00000|  0%| F|  |TAMS 0x0000000705800000| PB 0x0000000705800000| Untracked |  0
|  35|0x0000000705a00000, 0x0000000705a00000, 0x0000000705c00000|  0%| F|  |TAMS 0x0000000705a00000| PB 0x0000000705a00000| Untracked |  0
|  36|0x0000000705c00000, 0x0000000705c00000, 0x0000000705e00000|  0%| F|  |TAMS 0x0000000705c00000| PB 0x0000000705c00000| Untracked |  0
|  37|0x0000000705e00000, 0x0000000705e00000, 0x0000000706000000|  0%| F|  |TAMS 0x0000000705e00000| PB 0x0000000705e00000| Untracked |  0
|  38|0x0000000706000000, 0x0000000706000000, 0x0000000706200000|  0%| F|  |TAMS 0x0000000706000000| PB 0x0000000706000000| Untracked |  0
|  39|0x0000000706200000, 0x0000000706200000, 0x0000000706400000|  0%| F|  |TAMS 0x0000000706200000| PB 0x0000000706200000| Untracked |  0
|  40|0x0000000706400000, 0x0000000706400000, 0x0000000706600000|  0%| F|  |TAMS 0x0000000706400000| PB 0x0000000706400000| Untracked |  0
|  41|0x0000000706600000, 0x0000000706600000, 0x0000000706800000|  0%| F|  |TAMS 0x0000000706600000| PB 0x0000000706600000| Untracked |  0
|  42|0x0000000706800000, 0x0000000706800000, 0x0000000706a00000|  0%| F|  |TAMS 0x0000000706800000| PB 0x0000000706800000| Untracked |  0
|  43|0x0000000706a00000, 0x0000000706a00000, 0x0000000706c00000|  0%| F|  |TAMS 0x0000000706a00000| PB 0x0000000706a00000| Untracked |  0
|  44|0x0000000706c00000, 0x0000000706c00000, 0x0000000706e00000|  0%| F|  |TAMS 0x0000000706c00000| PB 0x0000000706c00000| Untracked |  0
|  45|0x0000000706e00000, 0x0000000706e00000, 0x0000000707000000|  0%| F|  |TAMS 0x0000000706e00000| PB 0x0000000706e00000| Untracked |  0
|  46|0x0000000707000000, 0x0000000707000000, 0x0000000707200000|  0%| F|  |TAMS 0x0000000707000000| PB 0x0000000707000000| Untracked |  0
|  47|0x0000000707200000, 0x0000000707200000, 0x0000000707400000|  0%| F|  |TAMS 0x0000000707200000| PB 0x0000000707200000| Untracked |  0
|  48|0x0000000707400000, 0x0000000707400000, 0x0000000707600000|  0%| F|  |TAMS 0x0000000707400000| PB 0x0000000707400000| Untracked |  0
|  49|0x0000000707600000, 0x0000000707600000, 0x0000000707800000|  0%| F|  |TAMS 0x0000000707600000| PB 0x0000000707600000| Untracked |  0
|  50|0x0000000707800000, 0x0000000707800000, 0x0000000707a00000|  0%| F|  |TAMS 0x0000000707800000| PB 0x0000000707800000| Untracked |  0
|  51|0x0000000707a00000, 0x0000000707a00000, 0x0000000707c00000|  0%| F|  |TAMS 0x0000000707a00000| PB 0x0000000707a00000| Untracked |  0
|  52|0x0000000707c00000, 0x0000000707c00000, 0x0000000707e00000|  0%| F|  |TAMS 0x0000000707c00000| PB 0x0000000707c00000| Untracked |  0
|  53|0x0000000707e00000, 0x0000000707e00000, 0x0000000708000000|  0%| F|  |TAMS 0x0000000707e00000| PB 0x0000000707e00000| Untracked |  0
|  54|0x0000000708000000, 0x0000000708000000, 0x0000000708200000|  0%| F|  |TAMS 0x0000000708000000| PB 0x0000000708000000| Untracked |  0
|  55|0x0000000708200000, 0x0000000708200000, 0x0000000708400000|  0%| F|  |TAMS 0x0000000708200000| PB 0x0000000708200000| Untracked |  0
|  56|0x0000000708400000, 0x0000000708400000, 0x0000000708600000|  0%| F|  |TAMS 0x0000000708400000| PB 0x0000000708400000| Untracked |  0
|  57|0x0000000708600000, 0x0000000708600000, 0x0000000708800000|  0%| F|  |TAMS 0x0000000708600000| PB 0x0000000708600000| Untracked |  0
|  58|0x0000000708800000, 0x0000000708800000, 0x0000000708a00000|  0%| F|  |TAMS 0x0000000708800000| PB 0x0000000708800000| Untracked |  0
|  59|0x0000000708a00000, 0x0000000708a00000, 0x0000000708c00000|  0%| F|  |TAMS 0x0000000708a00000| PB 0x0000000708a00000| Untracked |  0
|  60|0x0000000708c00000, 0x0000000708c00000, 0x0000000708e00000|  0%| F|  |TAMS 0x0000000708c00000| PB 0x0000000708c00000| Untracked |  0
|  61|0x0000000708e00000, 0x0000000708e00000, 0x0000000709000000|  0%| F|  |TAMS 0x0000000708e00000| PB 0x0000000708e00000| Untracked |  0
|  62|0x0000000709000000, 0x0000000709000000, 0x0000000709200000|  0%| F|  |TAMS 0x0000000709000000| PB 0x0000000709000000| Untracked |  0
|  63|0x0000000709200000, 0x0000000709200000, 0x0000000709400000|  0%| F|  |TAMS 0x0000000709200000| PB 0x0000000709200000| Untracked |  0
|  64|0x0000000709400000, 0x0000000709400000, 0x0000000709600000|  0%| F|  |TAMS 0x0000000709400000| PB 0x0000000709400000| Untracked |  0
|  65|0x0000000709600000, 0x0000000709600000, 0x0000000709800000|  0%| F|  |TAMS 0x0000000709600000| PB 0x0000000709600000| Untracked |  0
|  66|0x0000000709800000, 0x0000000709800000, 0x0000000709a00000|  0%| F|  |TAMS 0x0000000709800000| PB 0x0000000709800000| Untracked |  0
|  67|0x0000000709a00000, 0x0000000709a00000, 0x0000000709c00000|  0%| F|  |TAMS 0x0000000709a00000| PB 0x0000000709a00000| Untracked |  0
|  68|0x0000000709c00000, 0x0000000709c00000, 0x0000000709e00000|  0%| F|  |TAMS 0x0000000709c00000| PB 0x0000000709c00000| Untracked |  0
|  69|0x0000000709e00000, 0x0000000709e00000, 0x000000070a000000|  0%| F|  |TAMS 0x0000000709e00000| PB 0x0000000709e00000| Untracked |  0
|  70|0x000000070a000000, 0x000000070a000000, 0x000000070a200000|  0%| F|  |TAMS 0x000000070a000000| PB 0x000000070a000000| Untracked |  0
|  71|0x000000070a200000, 0x000000070a200000, 0x000000070a400000|  0%| F|  |TAMS 0x000000070a200000| PB 0x000000070a200000| Untracked |  0
|  72|0x000000070a400000, 0x000000070a400000, 0x000000070a600000|  0%| F|  |TAMS 0x000000070a400000| PB 0x000000070a400000| Untracked |  0
|  73|0x000000070a600000, 0x000000070a600000, 0x000000070a800000|  0%| F|  |TAMS 0x000000070a600000| PB 0x000000070a600000| Untracked |  0
|  74|0x000000070a800000, 0x000000070a800000, 0x000000070aa00000|  0%| F|  |TAMS 0x000000070a800000| PB 0x000000070a800000| Untracked |  0
|  75|0x000000070aa00000, 0x000000070aa00000, 0x000000070ac00000|  0%| F|  |TAMS 0x000000070aa00000| PB 0x000000070aa00000| Untracked |  0
|  76|0x000000070ac00000, 0x000000070ac00000, 0x000000070ae00000|  0%| F|  |TAMS 0x000000070ac00000| PB 0x000000070ac00000| Untracked |  0
|  77|0x000000070ae00000, 0x000000070ae00000, 0x000000070b000000|  0%| F|  |TAMS 0x000000070ae00000| PB 0x000000070ae00000| Untracked |  0
|  78|0x000000070b000000, 0x000000070b000000, 0x000000070b200000|  0%| F|  |TAMS 0x000000070b000000| PB 0x000000070b000000| Untracked |  0
|  79|0x000000070b200000, 0x000000070b200000, 0x000000070b400000|  0%| F|  |TAMS 0x000000070b200000| PB 0x000000070b200000| Untracked |  0
|  80|0x000000070b400000, 0x000000070b400000, 0x000000070b600000|  0%| F|  |TAMS 0x000000070b400000| PB 0x000000070b400000| Untracked |  0
|  81|0x000000070b600000, 0x000000070b600000, 0x000000070b800000|  0%| F|  |TAMS 0x000000070b600000| PB 0x000000070b600000| Untracked |  0
|  82|0x000000070b800000, 0x000000070b800000, 0x000000070ba00000|  0%| F|  |TAMS 0x000000070b800000| PB 0x000000070b800000| Untracked |  0
|  83|0x000000070ba00000, 0x000000070ba00000, 0x000000070bc00000|  0%| F|  |TAMS 0x000000070ba00000| PB 0x000000070ba00000| Untracked |  0
|  84|0x000000070bc00000, 0x000000070bc00000, 0x000000070be00000|  0%| F|  |TAMS 0x000000070bc00000| PB 0x000000070bc00000| Untracked |  0
|  85|0x000000070be00000, 0x000000070be00000, 0x000000070c000000|  0%| F|  |TAMS 0x000000070be00000| PB 0x000000070be00000| Untracked |  0
|  86|0x000000070c000000, 0x000000070c000000, 0x000000070c200000|  0%| F|  |TAMS 0x000000070c000000| PB 0x000000070c000000| Untracked |  0
|  87|0x000000070c200000, 0x000000070c200000, 0x000000070c400000|  0%| F|  |TAMS 0x000000070c200000| PB 0x000000070c200000| Untracked |  0
|  88|0x000000070c400000, 0x000000070c400000, 0x000000070c600000|  0%| F|  |TAMS 0x000000070c400000| PB 0x000000070c400000| Untracked |  0
|  89|0x000000070c600000, 0x000000070c600000, 0x000000070c800000|  0%| F|  |TAMS 0x000000070c600000| PB 0x000000070c600000| Untracked |  0
|  90|0x000000070c800000, 0x000000070c800000, 0x000000070ca00000|  0%| F|  |TAMS 0x000000070c800000| PB 0x000000070c800000| Untracked |  0
|  91|0x000000070ca00000, 0x000000070ca00000, 0x000000070cc00000|  0%| F|  |TAMS 0x000000070ca00000| PB 0x000000070ca00000| Untracked |  0
|  92|0x000000070cc00000, 0x000000070cc00000, 0x000000070ce00000|  0%| F|  |TAMS 0x000000070cc00000| PB 0x000000070cc00000| Untracked |  0
|  93|0x000000070ce00000, 0x000000070ce00000, 0x000000070d000000|  0%| F|  |TAMS 0x000000070ce00000| PB 0x000000070ce00000| Untracked |  0
|  94|0x000000070d000000, 0x000000070d000000, 0x000000070d200000|  0%| F|  |TAMS 0x000000070d000000| PB 0x000000070d000000| Untracked |  0
|  95|0x000000070d200000, 0x000000070d200000, 0x000000070d400000|  0%| F|  |TAMS 0x000000070d200000| PB 0x000000070d200000| Untracked |  0
|  96|0x000000070d400000, 0x000000070d400000, 0x000000070d600000|  0%| F|  |TAMS 0x000000070d400000| PB 0x000000070d400000| Untracked |  0
|  97|0x000000070d600000, 0x000000070d600000, 0x000000070d800000|  0%| F|  |TAMS 0x000000070d600000| PB 0x000000070d600000| Untracked |  0
|  98|0x000000070d800000, 0x000000070d800000, 0x000000070da00000|  0%| F|  |TAMS 0x000000070d800000| PB 0x000000070d800000| Untracked |  0
|  99|0x000000070da00000, 0x000000070da00000, 0x000000070dc00000|  0%| F|  |TAMS 0x000000070da00000| PB 0x000000070da00000| Untracked |  0
| 100|0x000000070dc00000, 0x000000070dc00000, 0x000000070de00000|  0%| F|  |TAMS 0x000000070dc00000| PB 0x000000070dc00000| Untracked |  0
| 101|0x000000070de00000, 0x000000070de00000, 0x000000070e000000|  0%| F|  |TAMS 0x000000070de00000| PB 0x000000070de00000| Untracked |  0
| 102|0x000000070e000000, 0x000000070e000000, 0x000000070e200000|  0%| F|  |TAMS 0x000000070e000000| PB 0x000000070e000000| Untracked |  0
| 103|0x000000070e200000, 0x000000070e200000, 0x000000070e400000|  0%| F|  |TAMS 0x000000070e200000| PB 0x000000070e200000| Untracked |  0
| 104|0x000000070e400000, 0x000000070e400000, 0x000000070e600000|  0%| F|  |TAMS 0x000000070e400000| PB 0x000000070e400000| Untracked |  0
| 105|0x000000070e600000, 0x000000070e600000, 0x000000070e800000|  0%| F|  |TAMS 0x000000070e600000| PB 0x000000070e600000| Untracked |  0
| 106|0x000000070e800000, 0x000000070e800000, 0x000000070ea00000|  0%| F|  |TAMS 0x000000070e800000| PB 0x000000070e800000| Untracked |  0
| 107|0x000000070ea00000, 0x000000070ea00000, 0x000000070ec00000|  0%| F|  |TAMS 0x000000070ea00000| PB 0x000000070ea00000| Untracked |  0
| 108|0x000000070ec00000, 0x000000070ec00000, 0x000000070ee00000|  0%| F|  |TAMS 0x000000070ec00000| PB 0x000000070ec00000| Untracked |  0
| 109|0x000000070ee00000, 0x000000070ee00000, 0x000000070f000000|  0%| F|  |TAMS 0x000000070ee00000| PB 0x000000070ee00000| Untracked |  0
| 110|0x000000070f000000, 0x000000070f000000, 0x000000070f200000|  0%| F|  |TAMS 0x000000070f000000| PB 0x000000070f000000| Untracked |  0
| 111|0x000000070f200000, 0x000000070f200000, 0x000000070f400000|  0%| F|  |TAMS 0x000000070f200000| PB 0x000000070f200000| Untracked |  0
| 112|0x000000070f400000, 0x000000070f400000, 0x000000070f600000|  0%| F|  |TAMS 0x000000070f400000| PB 0x000000070f400000| Untracked |  0
| 113|0x000000070f600000, 0x000000070f600000, 0x000000070f800000|  0%| F|  |TAMS 0x000000070f600000| PB 0x000000070f600000| Untracked |  0
| 114|0x000000070f800000, 0x000000070f800000, 0x000000070fa00000|  0%| F|  |TAMS 0x000000070f800000| PB 0x000000070f800000| Untracked |  0
| 115|0x000000070fa00000, 0x000000070fbc7130, 0x000000070fc00000| 88%| S|CS|TAMS 0x000000070fa00000| PB 0x000000070fa00000| Complete |  0
| 116|0x000000070fc00000, 0x000000070fe00000, 0x000000070fe00000|100%| S|CS|TAMS 0x000000070fc00000| PB 0x000000070fc00000| Complete |  0
| 117|0x000000070fe00000, 0x000000070fe00000, 0x0000000710000000|  0%| F|  |TAMS 0x000000070fe00000| PB 0x000000070fe00000| Untracked |  0
| 118|0x0000000710000000, 0x0000000710000000, 0x0000000710200000|  0%| F|  |TAMS 0x0000000710000000| PB 0x0000000710000000| Untracked |  0
| 119|0x0000000710200000, 0x0000000710200000, 0x0000000710400000|  0%| F|  |TAMS 0x0000000710200000| PB 0x0000000710200000| Untracked |  0
| 120|0x0000000710400000, 0x0000000710400000, 0x0000000710600000|  0%| F|  |TAMS 0x0000000710400000| PB 0x0000000710400000| Untracked |  0
| 121|0x0000000710600000, 0x0000000710600000, 0x0000000710800000|  0%| F|  |TAMS 0x0000000710600000| PB 0x0000000710600000| Untracked |  0
| 122|0x0000000710800000, 0x0000000710800000, 0x0000000710a00000|  0%| F|  |TAMS 0x0000000710800000| PB 0x0000000710800000| Untracked |  0
| 123|0x0000000710a00000, 0x0000000710a00000, 0x0000000710c00000|  0%| F|  |TAMS 0x0000000710a00000| PB 0x0000000710a00000| Untracked |  0
| 124|0x0000000710c00000, 0x0000000710c00000, 0x0000000710e00000|  0%| F|  |TAMS 0x0000000710c00000| PB 0x0000000710c00000| Untracked |  0
| 125|0x0000000710e00000, 0x0000000710e00000, 0x0000000711000000|  0%| F|  |TAMS 0x0000000710e00000| PB 0x0000000710e00000| Untracked |  0
| 126|0x0000000711000000, 0x0000000711000000, 0x0000000711200000|  0%| F|  |TAMS 0x0000000711000000| PB 0x0000000711000000| Untracked |  0
| 127|0x0000000711200000, 0x00000007113eadb0, 0x0000000711400000| 95%| E|  |TAMS 0x0000000711200000| PB 0x0000000711200000| Complete |  0

Card table byte_map: [0x00000180dd300000,0x00000180ddb00000] _byte_map_base: 0x00000180d9af6000

Marking Bits: (CMBitMap*) 0x00000180c5721880
 Bits: [0x00000180ddb00000, 0x00000180e1ab0000)

Polling page: 0x00000180c3690000

Metaspace:

Usage:
  Non-class:      7.48 MB used.
      Class:    655.68 KB used.
       Both:      8.12 MB used.

Virtual space:
  Non-class space:       64.00 MB reserved,       7.62 MB ( 12%) committed,  1 nodes.
      Class space:        1.00 GB reserved,     768.00 KB ( <1%) committed,  1 nodes.
             Both:        1.06 GB reserved,       8.38 MB ( <1%) committed. 

Chunk freelists:
   Non-Class:  6.73 MB
       Class:  15.27 MB
        Both:  22.00 MB

MaxMetaspaceSize: unlimited
CompressedClassSpaceSize: 1.00 GB
Initial GC threshold: 21.00 MB
Current GC threshold: 21.00 MB
CDS: on
 - commit_granule_bytes: 65536.
 - commit_granule_words: 8192.
 - virtual_space_node_default_size: 8388608.
 - enlarge_chunks_in_place: 1.
 - use_allocation_guard: 0.


Internal statistics:

num_allocs_failed_limit: 0.
num_arena_births: 106.
num_arena_deaths: 0.
num_vsnodes_births: 2.
num_vsnodes_deaths: 0.
num_space_committed: 133.
num_space_uncommitted: 0.
num_chunks_returned_to_freelist: 0.
num_chunks_taken_from_freelist: 342.
num_chunk_merges: 0.
num_chunk_splits: 247.
num_chunks_enlarged: 194.
num_inconsistent_stats: 0.

CodeHeap 'non-profiled nmethods': size=120000Kb used=826Kb max_used=826Kb free=119173Kb
 bounds [0x00000180d54c0000, 0x00000180d5730000, 0x00000180dc9f0000]
CodeHeap 'profiled nmethods': size=120000Kb used=3393Kb max_used=3393Kb free=116606Kb
 bounds [0x00000180cd9f0000, 0x00000180cdd50000, 0x00000180d4f20000]
CodeHeap 'non-nmethods': size=5760Kb used=2204Kb max_used=2223Kb free=3555Kb
 bounds [0x00000180d4f20000, 0x00000180d5190000, 0x00000180d54c0000]
 total_blobs=2928 nmethods=1776 adapters=1057
 compilation: enabled
              stopped_count=0, restarted_count=0
 full_count=0

Compilation events (20 events):
Event: 6.782 Thread 0x00000180e42f4ad0 1766       3       com.badlogic.gdx.scenes.scene2d.Stage::mouseMoved (132 bytes)
Event: 6.782 Thread 0x00000180e42f4ad0 nmethod 1766 0x00000180cdd3e290 code [0x00000180cdd3e520, 0x00000180cdd3f1c0]
Event: 7.117 Thread 0x00000180e42f1d70 1772       4       javazoom.jl.decoder.SynthesisFilter::compute_pcm_samples15 (265 bytes)
Event: 7.120 Thread 0x00000180e42f1d70 nmethod 1772 0x00000180d558b490 code [0x00000180d558b620, 0x00000180d558b8d8]
Event: 7.120 Thread 0x00000180e42f1d70 1767 %     4       javazoom.jl.decoder.SynthesisFilter::compute_pcm_samples10 @ 16 (265 bytes)
Event: 7.120 Thread 0x00000180e994c8f0 1768       4       javazoom.jl.decoder.SynthesisFilter::compute_pcm_samples11 (265 bytes)
Event: 7.124 Thread 0x00000180e994c8f0 nmethod 1768 0x00000180d558ba10 code [0x00000180d558bba0, 0x00000180d558be78]
Event: 7.124 Thread 0x00000180e994c8f0 1769       4       javazoom.jl.decoder.SynthesisFilter::compute_pcm_samples12 (265 bytes)
Event: 7.127 Thread 0x00000180e994c8f0 nmethod 1769 0x00000180d558bf90 code [0x00000180d558c120, 0x00000180d558c3f8]
Event: 7.127 Thread 0x00000180e994c8f0 1770       4       javazoom.jl.decoder.SynthesisFilter::compute_pcm_samples13 (265 bytes)
Event: 7.128 Thread 0x00000180e42f1d70 nmethod 1767% 0x00000180d558c510 code [0x00000180d558c6c0, 0x00000180d558d078]
Event: 7.128 Thread 0x00000180e42f1d70 1771       4       javazoom.jl.decoder.SynthesisFilter::compute_pcm_samples14 (265 bytes)
Event: 7.131 Thread 0x00000180e994c8f0 nmethod 1770 0x00000180d558d310 code [0x00000180d558d4a0, 0x00000180d558d778]
Event: 7.131 Thread 0x00000180e994c8f0 1773       4       javazoom.jl.decoder.SynthesisFilter::compute_pcm_samples0 (265 bytes)
Event: 7.132 Thread 0x00000180e42f4ad0 1774       3       com.badlogic.gdx.scenes.scene2d.InputEvent::toCoordinates (21 bytes)
Event: 7.132 Thread 0x00000180e42f1d70 nmethod 1771 0x00000180d558d890 code [0x00000180d558da20, 0x00000180d558dcf8]
Event: 7.132 Thread 0x00000180e42f4ad0 nmethod 1774 0x00000180cdd3f590 code [0x00000180cdd3f780, 0x00000180cdd3fdc0]
Event: 7.134 Thread 0x00000180e994c8f0 nmethod 1773 0x00000180d558de10 code [0x00000180d558dfa0, 0x00000180d558e258]
Event: 7.299 Thread 0x00000180e994c8f0 1775       4       com.badlogic.gdx.utils.Array::clear (19 bytes)
Event: 7.300 Thread 0x00000180e42f4ad0 1776       3       com.badlogic.gdx.utils.ObjectMap$MapIterator::findNextIndex (47 bytes)

GC Heap History (2 events):
Event: 3.545 GC heap before
{Heap before GC invocations=0 (full 0):
 garbage-first heap   total reserved 4173824K, committed 262144K, used 22528K [0x0000000701400000, 0x0000000800000000)
  region size 2048K, 11 young (22528K), 0 survivors (0K)
 Metaspace       used 8024K, committed 8256K, reserved 1114112K
  class space    used 638K, committed 768K, reserved 1048576K
}
Event: 3.548 GC heap after
{Heap after GC invocations=1 (full 0):
 garbage-first heap   total reserved 4173824K, committed 262144K, used 3868K [0x0000000701400000, 0x0000000800000000)
  region size 2048K, 2 young (4096K), 2 survivors (4096K)
 Metaspace       used 8024K, committed 8256K, reserved 1114112K
  class space    used 638K, committed 768K, reserved 1048576K
}

Dll operation events (10 events):
Event: 0.006 Loaded shared library C:\Users\moapi\.jdks\openjdk-22.0.2\bin\java.dll
Event: 0.028 Loaded shared library C:\Users\moapi\.jdks\openjdk-22.0.2\bin\jsvml.dll
Event: 0.067 Loaded shared library C:\Users\moapi\.jdks\openjdk-22.0.2\bin\net.dll
Event: 0.068 Loaded shared library C:\Users\moapi\.jdks\openjdk-22.0.2\bin\nio.dll
Event: 0.070 Loaded shared library C:\Users\moapi\.jdks\openjdk-22.0.2\bin\zip.dll
Event: 0.114 Loaded shared library C:\Users\moapi\.jdks\openjdk-22.0.2\bin\jimage.dll
Event: 0.118 Loaded shared library C:\ProgramData\libGDX-temp\libgdxmoapi\2a9d7f76\gdx64.dll
Event: 0.161 Loaded shared library C:\ProgramData\libGDX-temp\lwjgl_moapi\3.3.3+5\x64\lwjgl.dll
Event: 0.620 Loaded shared library C:\ProgramData\libGDX-temp\lwjgl_moapi\3.3.3+5\x64\lwjgl_opengl.dll
Event: 3.531 Loaded shared library C:\ProgramData\libGDX-temp\libgdxmoapi\5e84b8da\gdx-box2d64.dll

Deoptimization events (20 events):
Event: 6.075 Thread 0x00000180c353dfa0 DEOPT PACKING pc=0x00000180d553064c sp=0x0000000b528ff190
Event: 6.075 Thread 0x00000180c353dfa0 DEOPT UNPACKING pc=0x00000180d4f746a2 sp=0x0000000b528ff0d8 mode 2
Event: 6.075 Thread 0x00000180c353dfa0 Uncommon trap: trap_request=0xffffffbe fr.pc=0x00000180d553064c relative=0x000000000000074c
Event: 6.075 Thread 0x00000180c353dfa0 Uncommon trap: reason=profile_predicate action=maybe_recompile pc=0x00000180d553064c method=javazoom.jl.decoder.LayerIIIDecoder.stereo(I)V @ 1889 c2
Event: 6.075 Thread 0x00000180c353dfa0 DEOPT PACKING pc=0x00000180d553064c sp=0x0000000b528ff190
Event: 6.075 Thread 0x00000180c353dfa0 DEOPT UNPACKING pc=0x00000180d4f746a2 sp=0x0000000b528ff0d8 mode 2
Event: 6.699 Thread 0x00000180c353dfa0 DEOPT PACKING pc=0x00000180cdd21cc5 sp=0x0000000b528ff130
Event: 6.699 Thread 0x00000180c353dfa0 DEOPT UNPACKING pc=0x00000180d4f74e42 sp=0x0000000b528fe5d8 mode 0
Event: 7.257 Thread 0x00000180c353dfa0 Uncommon trap: trap_request=0xffffffd6 fr.pc=0x00000180d5572540 relative=0x00000000000001e0
Event: 7.257 Thread 0x00000180c353dfa0 Uncommon trap: reason=array_check action=maybe_recompile pc=0x00000180d5572540 method=com.badlogic.gdx.utils.Array.add(Ljava/lang/Object;)V @ 46 c2
Event: 7.257 Thread 0x00000180c353dfa0 DEOPT PACKING pc=0x00000180d5572540 sp=0x0000000b528fefe0
Event: 7.257 Thread 0x00000180c353dfa0 DEOPT UNPACKING pc=0x00000180d4f746a2 sp=0x0000000b528fef88 mode 2
Event: 7.257 Thread 0x00000180c353dfa0 Uncommon trap: trap_request=0xffffffd6 fr.pc=0x00000180d5572540 relative=0x00000000000001e0
Event: 7.257 Thread 0x00000180c353dfa0 Uncommon trap: reason=array_check action=maybe_recompile pc=0x00000180d5572540 method=com.badlogic.gdx.utils.Array.add(Ljava/lang/Object;)V @ 46 c2
Event: 7.257 Thread 0x00000180c353dfa0 DEOPT PACKING pc=0x00000180d5572540 sp=0x0000000b528fefe0
Event: 7.257 Thread 0x00000180c353dfa0 DEOPT UNPACKING pc=0x00000180d4f746a2 sp=0x0000000b528fef88 mode 2
Event: 7.298 Thread 0x00000180c353dfa0 Uncommon trap: trap_request=0xffffff45 fr.pc=0x00000180d556c80c relative=0x000000000000008c
Event: 7.298 Thread 0x00000180c353dfa0 Uncommon trap: reason=unstable_if action=reinterpret pc=0x00000180d556c80c method=com.badlogic.gdx.scenes.scene2d.utils.ClickListener.isVisualPressed()Z @ 15 c2
Event: 7.298 Thread 0x00000180c353dfa0 DEOPT PACKING pc=0x00000180d556c80c sp=0x0000000b528fed60
Event: 7.298 Thread 0x00000180c353dfa0 DEOPT UNPACKING pc=0x00000180d4f746a2 sp=0x0000000b528fecf8 mode 2

Classes loaded (20 events):
Event: 1.003 Loading class sun/nio/cs/UTF_8$Decoder
Event: 1.003 Loading class sun/nio/cs/UTF_8$Decoder done
Event: 1.007 Loading class java/lang/SecurityException
Event: 1.007 Loading class java/lang/SecurityException done
Event: 1.008 Loading class java/io/StringWriter
Event: 1.008 Loading class java/io/StringWriter done
Event: 1.023 Loading class java/lang/reflect/ParameterizedType
Event: 1.023 Loading class java/lang/reflect/ParameterizedType done
Event: 1.023 Loading class java/lang/Deprecated
Event: 1.023 Loading class java/lang/Deprecated done
Event: 1.033 Loading class jdk/internal/reflect/MethodHandleFloatFieldAccessorImpl
Event: 1.033 Loading class jdk/internal/reflect/MethodHandleFloatFieldAccessorImpl done
Event: 1.042 Loading class java/lang/reflect/InvocationTargetException
Event: 1.042 Loading class java/lang/reflect/InvocationTargetException done
Event: 1.043 Loading class java/lang/NegativeArraySizeException
Event: 1.043 Loading class java/lang/NegativeArraySizeException done
Event: 1.043 Loading class java/lang/StringIndexOutOfBoundsException
Event: 1.043 Loading class java/lang/StringIndexOutOfBoundsException done
Event: 3.567 Loading class java/lang/invoke/DirectMethodHandle$Special
Event: 3.567 Loading class java/lang/invoke/DirectMethodHandle$Special done

Classes unloaded (0 events):
No events

Classes redefined (0 events):
No events

Internal exceptions (20 events):
Event: 0.205 Thread 0x00000180c353dfa0 Exception <a 'java/lang/NoSuchMethodError'{0x0000000710cadc08}: 'java.lang.Object java.lang.invoke.Invokers$Holder.linkToTargetMethod(java.lang.Object, long, java.lang.Object)'> (0x0000000710cadc08) 
thrown [s\open\src\hotspot\share\interpreter\linkResolver.cpp, line 774]
Event: 0.206 Thread 0x00000180c353dfa0 Exception <a 'java/lang/NoSuchMethodError'{0x0000000710cb4e68}: 'int java.lang.invoke.DirectMethodHandle$Holder.invokeStaticInit(java.lang.Object, java.lang.Object, java.lang.Object, long)'> (0x0000000710cb4e68) 
thrown [s\open\src\hotspot\share\interpreter\linkResolver.cpp, line 774]
Event: 0.218 Thread 0x00000180c353dfa0 Exception <a 'sun/nio/fs/WindowsException'{0x0000000710d3bf58}> (0x0000000710d3bf58) 
thrown [s\open\src\hotspot\share\prims\jni.cpp, line 520]
Event: 0.218 Thread 0x00000180c353dfa0 Exception <a 'sun/nio/fs/WindowsException'{0x0000000710d3c2b8}> (0x0000000710d3c2b8) 
thrown [s\open\src\hotspot\share\prims\jni.cpp, line 520]
Event: 0.245 Thread 0x00000180c353dfa0 Exception <a 'sun/nio/fs/WindowsException'{0x0000000710de8e38}> (0x0000000710de8e38) 
thrown [s\open\src\hotspot\share\prims\jni.cpp, line 520]
Event: 0.245 Thread 0x00000180c353dfa0 Exception <a 'sun/nio/fs/WindowsException'{0x0000000710de9168}> (0x0000000710de9168) 
thrown [s\open\src\hotspot\share\prims\jni.cpp, line 520]
Event: 0.256 Thread 0x00000180c353dfa0 Exception <a 'java/lang/NoSuchMethodError'{0x0000000710df0350}: 'int java.lang.invoke.Invokers$Holder.invokeExact_MT(java.lang.Object, java.lang.Object)'> (0x0000000710df0350) 
thrown [s\open\src\hotspot\share\interpreter\linkResolver.cpp, line 774]
Event: 0.290 Thread 0x00000180c353dfa0 Exception <a 'sun/nio/fs/WindowsException'{0x0000000710ab51e8}> (0x0000000710ab51e8) 
thrown [s\open\src\hotspot\share\prims\jni.cpp, line 520]
Event: 0.290 Thread 0x00000180c353dfa0 Exception <a 'sun/nio/fs/WindowsException'{0x0000000710ab5538}> (0x0000000710ab5538) 
thrown [s\open\src\hotspot\share\prims\jni.cpp, line 520]
Event: 0.332 Thread 0x00000180c353dfa0 Exception <a 'java/lang/NoSuchMethodError'{0x0000000710af3c90}: 'java.lang.Object java.lang.invoke.DirectMethodHandle$Holder.newInvokeSpecial(java.lang.Object, long)'> (0x0000000710af3c90) 
thrown [s\open\src\hotspot\share\interpreter\linkResolver.cpp, line 774]
Event: 0.611 Thread 0x00000180c353dfa0 Exception <a 'java/lang/NoSuchMethodError'{0x0000000710861f80}: 'void java.lang.invoke.DirectMethodHandle$Holder.invokeStatic(java.lang.Object, long)'> (0x0000000710861f80) 
thrown [s\open\src\hotspot\share\interpreter\linkResolver.cpp, line 774]
Event: 0.616 Thread 0x00000180c353dfa0 Exception <a 'java/lang/NoSuchMethodError'{0x0000000710885650}: 'void java.lang.System.load(java.lang.String, java.lang.Class)'> (0x0000000710885650) 
thrown [s\open\src\hotspot\share\interpreter\linkResolver.cpp, line 774]
Event: 0.616 Thread 0x00000180c353dfa0 Exception <a 'java/lang/NoSuchMethodError'{0x00000007108880a0}: 'void java.lang.System.loadLibrary(java.lang.String, java.lang.Class)'> (0x00000007108880a0) 
thrown [s\open\src\hotspot\share\interpreter\linkResolver.cpp, line 774]
Event: 0.619 Thread 0x00000180c353dfa0 Exception <a 'sun/nio/fs/WindowsException'{0x0000000710898fa8}> (0x0000000710898fa8) 
thrown [s\open\src\hotspot\share\prims\jni.cpp, line 520]
Event: 0.619 Thread 0x00000180c353dfa0 Exception <a 'sun/nio/fs/WindowsException'{0x0000000710899320}> (0x0000000710899320) 
thrown [s\open\src\hotspot\share\prims\jni.cpp, line 520]
Event: 0.624 Thread 0x00000180c353dfa0 Exception <a 'sun/nio/fs/WindowsException'{0x00000007108a5408}> (0x00000007108a5408) 
thrown [s\open\src\hotspot\share\prims\jni.cpp, line 520]
Event: 0.624 Thread 0x00000180c353dfa0 Exception <a 'sun/nio/fs/WindowsException'{0x00000007108a56b8}> (0x00000007108a56b8) 
thrown [s\open\src\hotspot\share\prims\jni.cpp, line 520]
Event: 1.026 Thread 0x00000180c353dfa0 Exception <a 'java/lang/NoSuchMethodError'{0x00000007100f3ed8}: 'void java.lang.invoke.Invokers$Holder.invokeExact_MT(java.lang.Object, java.lang.Object, java.lang.Object, java.lang.Object)'> (0x00000007100f3ed8) 
thrown [s\open\src\hotspot\share\interpreter\linkResolver.cpp, line 774]
Event: 1.034 Thread 0x00000180c353dfa0 Exception <a 'java/lang/NoSuchMethodError'{0x00000007101356e0}: 'float java.lang.invoke.DelegatingMethodHandle$Holder.reinvoke_L(java.lang.Object, java.lang.Object)'> (0x00000007101356e0) 
thrown [s\open\src\hotspot\share\interpreter\linkResolver.cpp, line 774]
Event: 1.034 Thread 0x00000180c353dfa0 Exception <a 'java/lang/NoSuchMethodError'{0x000000071013f7d8}: 'void java.lang.invoke.DelegatingMethodHandle$Holder.reinvoke_L(java.lang.Object, java.lang.Object, float)'> (0x000000071013f7d8) 
thrown [s\open\src\hotspot\share\interpreter\linkResolver.cpp, line 774]

ZGC Phase Switch (0 events):
No events

VM Operations (20 events):
Event: 1.022 Executing VM operation: HandshakeAllThreads (Deoptimize)
Event: 1.022 Executing VM operation: HandshakeAllThreads (Deoptimize) done
Event: 1.022 Executing VM operation: Cleanup
Event: 1.022 Executing VM operation: Cleanup done
Event: 2.028 Executing VM operation: Cleanup
Event: 2.028 Executing VM operation: Cleanup done
Event: 3.029 Executing VM operation: Cleanup
Event: 3.029 Executing VM operation: Cleanup done
Event: 3.545 Executing VM operation: G1CollectForAllocation (G1 Evacuation Pause)
Event: 3.548 Executing VM operation: G1CollectForAllocation (G1 Evacuation Pause) done
Event: 3.556 Executing VM operation: HandshakeAllThreads (Deoptimize)
Event: 3.556 Executing VM operation: HandshakeAllThreads (Deoptimize) done
Event: 3.557 Executing VM operation: HandshakeAllThreads (Deoptimize)
Event: 3.557 Executing VM operation: HandshakeAllThreads (Deoptimize) done
Event: 4.557 Executing VM operation: Cleanup
Event: 4.557 Executing VM operation: Cleanup done
Event: 5.557 Executing VM operation: Cleanup
Event: 5.557 Executing VM operation: Cleanup done
Event: 6.558 Executing VM operation: Cleanup
Event: 6.558 Executing VM operation: Cleanup done

Memory protections (0 events):
No events

Nmethod flushes (0 events):
No events

Events (20 events):
Event: 0.017 Thread 0x00000180c353dfa0 Thread added: 0x00000180c353dfa0
Event: 0.026 Thread 0x00000180c353dfa0 Thread added: 0x00000180e42dd890
Event: 0.026 Thread 0x00000180c353dfa0 Thread added: 0x00000180e42de7b0
Event: 0.026 Thread 0x00000180c353dfa0 Thread added: 0x00000180e42e0e60
Event: 0.026 Thread 0x00000180c353dfa0 Thread added: 0x00000180e42e3a00
Event: 0.026 Thread 0x00000180c353dfa0 Thread added: 0x00000180e42e4460
Event: 0.027 Thread 0x00000180c353dfa0 Thread added: 0x00000180e42e52c0
Event: 0.027 Thread 0x00000180c353dfa0 Thread added: 0x00000180e42f1d70
Event: 0.027 Thread 0x00000180c353dfa0 Thread added: 0x00000180e42f4ad0
Event: 0.062 Thread 0x00000180c353dfa0 Thread added: 0x00000180c1280640
Event: 0.064 Thread 0x00000180c353dfa0 Thread added: 0x00000180c1299af0
Event: 0.189 Thread 0x00000180e42f4ad0 Thread added: 0x00000180c16bdf10
Event: 0.340 Thread 0x00000180c353dfa0 Thread added: 0x00000180c19ef140
Event: 0.600 Thread 0x00000180c16bdf10 Thread exited: 0x00000180c16bdf10
Event: 1.051 Thread 0x00000180c353dfa0 Thread added: 0x00000180e99f1a20
Event: 1.618 Thread 0x00000180e42f4ad0 Thread added: 0x00000180e9a26f50
Event: 2.122 Thread 0x00000180e9a26f50 Thread exited: 0x00000180e9a26f50
Event: 5.660 Thread 0x00000180e42f1d70 Thread added: 0x00000180e99302b0
Event: 5.773 Thread 0x00000180e99302b0 Thread exited: 0x00000180e99302b0
Event: 7.120 Thread 0x00000180e42f1d70 Thread added: 0x00000180e994c8f0


Dynamic libraries:
0x00007ff619c20000 - 0x00007ff619c2e000 	C:\Users\moapi\.jdks\openjdk-22.0.2\bin\java.exe
0x00007ff8c2290000 - 0x00007ff8c24a7000 	C:\Windows\SYSTEM32\ntdll.dll
0x00007ff8c1b50000 - 0x00007ff8c1c14000 	C:\Windows\System32\KERNEL32.DLL
0x00007ff8bf8f0000 - 0x00007ff8bfca9000 	C:\Windows\System32\KERNELBASE.dll
0x00007ff8bfcb0000 - 0x00007ff8bfdc1000 	C:\Windows\System32\ucrtbase.dll
0x00007ff89afe0000 - 0x00007ff89affb000 	C:\Users\moapi\.jdks\openjdk-22.0.2\bin\VCRUNTIME140.dll
0x00007ff89b210000 - 0x00007ff89b227000 	C:\Users\moapi\.jdks\openjdk-22.0.2\bin\jli.dll
0x00007ff8c03e0000 - 0x00007ff8c058e000 	C:\Windows\System32\USER32.dll
0x00007ff8b0ef0000 - 0x00007ff8b1182000 	C:\Windows\WinSxS\amd64_microsoft.windows.common-controls_6595b64144ccf1df_6.0.22621.4391_none_2715d37f73803e96\COMCTL32.dll
0x00007ff8bf590000 - 0x00007ff8bf5b6000 	C:\Windows\System32\win32u.dll
0x00007ff8bffb0000 - 0x00007ff8c0057000 	C:\Windows\System32\msvcrt.dll
0x00007ff8c1970000 - 0x00007ff8c1999000 	C:\Windows\System32\GDI32.dll
0x00007ff8bf7d0000 - 0x00007ff8bf8eb000 	C:\Windows\System32\gdi32full.dll
0x00007ff8bf5c0000 - 0x00007ff8bf65a000 	C:\Windows\System32\msvcp_win.dll
0x00007ff8c20e0000 - 0x00007ff8c2111000 	C:\Windows\System32\IMM32.DLL
0x00007ff8a43f0000 - 0x00007ff8a43fc000 	C:\Users\moapi\.jdks\openjdk-22.0.2\bin\vcruntime140_1.dll
0x00007ff876980000 - 0x00007ff876a0e000 	C:\Users\moapi\.jdks\openjdk-22.0.2\bin\msvcp140.dll
0x00007ff873560000 - 0x00007ff8742a9000 	C:\Users\moapi\.jdks\openjdk-22.0.2\bin\server\jvm.dll
0x00007ff8c1850000 - 0x00007ff8c1902000 	C:\Windows\System32\ADVAPI32.dll
0x00007ff8c1040000 - 0x00007ff8c10e7000 	C:\Windows\System32\sechost.dll
0x00007ff8bfdd0000 - 0x00007ff8bfdf8000 	C:\Windows\System32\bcrypt.dll
0x00007ff8c0590000 - 0x00007ff8c06a4000 	C:\Windows\System32\RPCRT4.dll
0x00007ff8c0fc0000 - 0x00007ff8c1031000 	C:\Windows\System32\WS2_32.dll
0x00007ff8bedf0000 - 0x00007ff8bee3d000 	C:\Windows\SYSTEM32\POWRPROF.dll
0x00007ff8b8830000 - 0x00007ff8b8864000 	C:\Windows\SYSTEM32\WINMM.dll
0x00007ff8b7b00000 - 0x00007ff8b7b0a000 	C:\Windows\SYSTEM32\VERSION.dll
0x00007ff8bedd0000 - 0x00007ff8bede3000 	C:\Windows\SYSTEM32\UMPDC.dll
0x00007ff8be5d0000 - 0x00007ff8be5e8000 	C:\Windows\SYSTEM32\kernel.appcore.dll
0x00007ff8a4220000 - 0x00007ff8a422a000 	C:\Users\moapi\.jdks\openjdk-22.0.2\bin\jimage.dll
0x00007ff8b6180000 - 0x00007ff8b63b2000 	C:\Windows\SYSTEM32\DBGHELP.DLL
0x00007ff8c1d30000 - 0x00007ff8c20bf000 	C:\Windows\System32\combase.dll
0x00007ff8c12f0000 - 0x00007ff8c13c7000 	C:\Windows\System32\OLEAUT32.dll
0x00007ff8a2780000 - 0x00007ff8a27b2000 	C:\Windows\SYSTEM32\dbgcore.DLL
0x00007ff8bfe70000 - 0x00007ff8bfeeb000 	C:\Windows\System32\bcryptPrimitives.dll
0x00007ff896470000 - 0x00007ff89648e000 	C:\Users\moapi\.jdks\openjdk-22.0.2\bin\java.dll
0x00007ff8c06d0000 - 0x00007ff8c0f46000 	C:\Windows\System32\SHELL32.dll
0x00007ff8c0220000 - 0x00007ff8c03c5000 	C:\Windows\System32\ole32.dll
0x00007ff8bd4d0000 - 0x00007ff8bddd3000 	C:\Windows\SYSTEM32\windows.storage.dll
0x00007ff8bd390000 - 0x00007ff8bd4cf000 	C:\Windows\SYSTEM32\wintypes.dll
0x00007ff8c1a50000 - 0x00007ff8c1b49000 	C:\Windows\System32\SHCORE.dll
0x00007ff8c1910000 - 0x00007ff8c196e000 	C:\Windows\System32\shlwapi.dll
0x00007ff8bf4c0000 - 0x00007ff8bf4eb000 	C:\Windows\SYSTEM32\profapi.dll
0x00007ff875760000 - 0x00007ff875837000 	C:\Users\moapi\.jdks\openjdk-22.0.2\bin\jsvml.dll
0x00007ff895b00000 - 0x00007ff895b10000 	C:\Users\moapi\.jdks\openjdk-22.0.2\bin\net.dll
0x00007ff8bea50000 - 0x00007ff8beab9000 	C:\Windows\system32\mswsock.dll
0x00007ff894b50000 - 0x00007ff894b66000 	C:\Users\moapi\.jdks\openjdk-22.0.2\bin\nio.dll
0x00007ff895e20000 - 0x00007ff895e37000 	C:\Users\moapi\.jdks\openjdk-22.0.2\bin\zip.dll
0x000000006e700000 - 0x000000006e72d000 	C:\ProgramData\libGDX-temp\libgdxmoapi\2a9d7f76\gdx64.dll
0x00007ff83fc60000 - 0x00007ff83fcdb000 	C:\ProgramData\libGDX-temp\lwjgl_moapi\3.3.3+5\x64\lwjgl.dll
0x00007ff8395b0000 - 0x00007ff839820000 	C:\ProgramData\libGDX-temp\lwjgl_moapi\3.3.3+5\x64\jemalloc.dll
0x00007ff83db00000 - 0x00007ff83db82000 	C:\ProgramData\libGDX-temp\lwjgl_moapi\3.3.3+5\x64\glfw.dll
0x00007ff867db0000 - 0x00007ff867df6000 	C:\Windows\SYSTEM32\dinput8.dll
0x00007ff8a49b0000 - 0x00007ff8a49c1000 	C:\Windows\SYSTEM32\xinput1_4.dll
0x00007ff8bf2c0000 - 0x00007ff8bf2ec000 	C:\Windows\SYSTEM32\DEVOBJ.dll
0x00007ff8bf250000 - 0x00007ff8bf29e000 	C:\Windows\SYSTEM32\cfgmgr32.dll
0x00007ff8bcf00000 - 0x00007ff8bcf2b000 	C:\Windows\SYSTEM32\dwmapi.dll
0x00007ff8af670000 - 0x00007ff8af883000 	C:\Windows\SYSTEM32\inputhost.dll
0x00007ff8baa80000 - 0x00007ff8babb3000 	C:\Windows\SYSTEM32\CoreMessaging.dll
0x00007ff8bca80000 - 0x00007ff8bcb31000 	C:\Windows\system32\uxtheme.dll
0x00007ff8c10f0000 - 0x00007ff8c1250000 	C:\Windows\System32\MSCTF.dll
0x00007ff8bed10000 - 0x00007ff8bed1c000 	C:\Windows\SYSTEM32\CRYPTBASE.DLL
0x00007ff81cb70000 - 0x00007ff81cd37000 	C:\ProgramData\libGDX-temp\lwjgl_moapi\3.3.3+5\x64\OpenAL.dll
0x00007ff8c21a0000 - 0x00007ff8c2250000 	C:\Windows\System32\clbcatq.dll
0x00007ff8b5fa0000 - 0x00007ff8b603e000 	C:\Windows\System32\MMDevApi.dll
0x00007ff8afc70000 - 0x00007ff8afe5d000 	C:\Windows\SYSTEM32\AUDIOSES.DLL
0x00007ff8bcf80000 - 0x00007ff8bcf95000 	C:\Windows\SYSTEM32\resourcepolicyclient.dll
0x00007ff875840000 - 0x00007ff875940000 	C:\Windows\SYSTEM32\opengl32.dll
0x00007ff8a2910000 - 0x00007ff8a293d000 	C:\Windows\SYSTEM32\GLU32.dll
0x00007ff8bcbc0000 - 0x00007ff8bcbf7000 	C:\Windows\SYSTEM32\dxcore.dll
0x00007ff8b8ba0000 - 0x00007ff8b8ce4000 	C:\Windows\System32\AppXDeploymentClient.dll
0x00007ff816850000 - 0x00007ff818e38000 	C:\Windows\System32\DriverStore\FileRepository\nv_dispig.inf_amd64_0afec3f2050014a0\nvoglv64.dll
0x00007ff8c13d0000 - 0x00007ff8c1844000 	C:\Windows\System32\SETUPAPI.dll
0x00007ff8be380000 - 0x00007ff8be394000 	C:\Windows\SYSTEM32\WTSAPI32.dll
0x00007ff8bf230000 - 0x00007ff8bf242000 	C:\Windows\SYSTEM32\msasn1.dll
0x00007ff8b7ac0000 - 0x00007ff8b7af2000 	C:\Windows\SYSTEM32\cryptnet.dll
0x00007ff8bf660000 - 0x00007ff8bf7c6000 	C:\Windows\System32\CRYPT32.dll
0x00007ff8bee40000 - 0x00007ff8bee89000 	C:\Windows\SYSTEM32\wldp.dll
0x00007ff8b76b0000 - 0x00007ff8b7812000 	C:\Windows\SYSTEM32\drvstore.dll
0x00007ff8bfe00000 - 0x00007ff8bfe6c000 	C:\Windows\System32\WINTRUST.dll
0x00007ff8be6e0000 - 0x00007ff8be714000 	C:\Windows\SYSTEM32\ntmarta.dll
0x00007ff8c20c0000 - 0x00007ff8c20df000 	C:\Windows\System32\imagehlp.dll
0x00007ff8bed20000 - 0x00007ff8bed3b000 	C:\Windows\SYSTEM32\CRYPTSP.dll
0x00007ff8be530000 - 0x00007ff8be565000 	C:\Windows\system32\rsaenh.dll
0x00007ff8b2970000 - 0x00007ff8b495e000 	C:\Windows\System32\DriverStore\FileRepository\nv_dispig.inf_amd64_0afec3f2050014a0\nvgpucomp64.dll
0x00007ff882ea0000 - 0x00007ff883163000 	C:\Windows\system32\nvspcap64.dll
0x00007ff8beca0000 - 0x00007ff8bed06000 	C:\Windows\SYSTEM32\WINSTA.dll
0x00007ff8b5a20000 - 0x00007ff8b5adc000 	C:\Windows\SYSTEM32\mscms.dll
0x00007ff868b80000 - 0x00007ff868bc9000 	C:\Windows\SYSTEM32\icm32.dll
0x00007ff83daa0000 - 0x00007ff83dafe000 	C:\ProgramData\libGDX-temp\lwjgl_moapi\3.3.3+5\x64\lwjgl_opengl.dll
0x00007ff8afe60000 - 0x00007ff8affa5000 	C:\Windows\SYSTEM32\textinputframework.dll
0x00007ff8b7340000 - 0x00007ff8b76ad000 	C:\Windows\SYSTEM32\CoreUIComponents.dll
0x00007ff8b0c10000 - 0x00007ff8b0c79000 	C:\Windows\system32\Oleacc.dll
0x00007ff896b40000 - 0x00007ff896b8b000 	C:\Windows\system32\ApplicationTargetedFeatureDatabase.dll
0x00007ff8b5390000 - 0x00007ff8b5634000 	C:\Windows\System32\twinapi.appcore.dll
0x0000000066b00000 - 0x0000000066b5a000 	C:\ProgramData\libGDX-temp\libgdxmoapi\5e84b8da\gdx-box2d64.dll

dbghelp: loaded successfully - version: 4.0.5 - missing functions: none
symbol engine: initialized successfully - sym options: 0x614 - pdb path: .;C:\Users\moapi\.jdks\openjdk-22.0.2\bin;C:\Windows\SYSTEM32;C:\Windows\WinSxS\amd64_microsoft.windows.common-controls_6595b64144ccf1df_6.0.22621.4391_none_2715d37f73803e96;C:\Users\moapi\.jdks\openjdk-22.0.2\bin\server;C:\ProgramData\libGDX-temp\libgdxmoapi\2a9d7f76;C:\ProgramData\libGDX-temp\lwjgl_moapi\3.3.3+5\x64;C:\Windows\System32\DriverStore\FileRepository\nv_dispig.inf_amd64_0afec3f2050014a0;C:\ProgramData\libGDX-temp\libgdxmoapi\5e84b8da

VM Arguments:
jvm_args: -Dfile.encoding=UTF-8 -Duser.country=US -Duser.language=en -Duser.variant 
java_command: io.github.projectile_game.lwjgl3.Lwjgl3Launcher
java_class_path (initial): D:\IntelliJ\Workspace\Team7\lwjgl3\build\classes\java\main;D:\IntelliJ\Workspace\Team7\lwjgl3\build\resources\main;D:\IntelliJ\Workspace\Team7\core\build\libs\core-$projectVersion.jar;C:\Users\moapi\.gradle\caches\modules-2\files-2.1\com.badlogicgames.gdx\gdx-backend-lwjgl3\1.12.1\12a144cacb34f0392cd8354f798d99e4836a51a8\gdx-backend-lwjgl3-1.12.1.jar;C:\Users\moapi\.gradle\caches\modules-2\files-2.1\com.badlogicgames.gdx\gdx-platform\1.12.1\5737be5ce3a4e8f9f77c2d9ab95ab479f9c3705f\gdx-platform-1.12.1-natives-desktop.jar;C:\Users\moapi\.gradle\caches\modules-2\files-2.1\com.github.tommyettinger\libgdx-utils-box2d\0.13.7\8880b2a4f7e60c5e3919b3c139c9f29a49f93924\libgdx-utils-box2d-0.13.7.jar;C:\Users\moapi\.gradle\caches\modules-2\files-2.1\com.badlogicgames.gdx\gdx-box2d\1.12.1\6c37ed04f97d062f1bdc4afe1f583182e539a269\gdx-box2d-1.12.1.jar;C:\Users\moapi\.gradle\caches\modules-2\files-2.1\com.badlogicgames.gdx\gdx-box2d-platform\1.12.1\4e82228fcdd2e8a7673fe7952588acfdb33d7820\gdx-box2d-platform-1.12.1-natives-desktop.jar;C:\Users\moapi\.gradle\caches\modules-2\files-2.1\com.github.tommyettinger\libgdx-utils\0.13.7\bf423b2da7c82c092e6a55edf6ff195d080dd689\libgdx-utils-0.13.7.jar;C:\Users\moapi\.gradle\caches\modules-2\files-2.1\com.badlogicgames.gdx\gdx\1.12.1\a2d066c09329c457045c284c42d6f37122840aa\gdx-1.12.1.jar;C:\Users\moapi\.gradle\caches\modules-2\files-2.1\org.lwjgl\lwjgl-glfw\3.3.3\efa1eb78c5ccd840e9f329717109b5e892d72f8e\lwjgl-glfw-3.3.3.jar;C:\Users\moapi\.gradle\caches\modules-2\files-2.1\org.lwjgl\lwjgl-glfw\3.3.3\a03684c5e4b1b1dbbe0d29dbbdc27b985b6840f2\lwjgl-glfw-3.3.3-natives-linux.jar;C:\Users\moapi\.gradle\caches\modules-2\files-2.1\org.lwjgl\lwjgl-glfw\3.3.3\d9af485c32545b37dd5359b163161d42d7534dcf\lwjgl-glfw-3.3.3-natives-linux-arm32.jar;C:\Users\moapi\.gradle\caches\modules-2\files-2.1\org.lwjgl\lwjgl-glfw\3.3.3\492a0f11f85b85899a6568f07511160c1b87cd38\lwjgl-glfw-3.3.3-natives-linux-arm64.jar;C:\Users\moapi\.gradle\caches\modules-2\files-2.1\org.lwjgl\lwjgl-glfw\3.3.3\a1bf400f6bc64e6195596cb1430dafda46090751\lwjgl-glfw-3.3.3-natives-macos.jar;C:\Users\moapi\.gradle\caches\modules-2\files-2.1\org.lwjgl\lwjgl-glfw\3.3.3\ee8cc78d0a4a5b3b4600fade6d927c9fc320c858\lwjgl-glfw-3.3.3-natives-macos-arm64.jar;C:\Users\moapi\.gradle\caches\modules-2\files-2.1\org.lwjgl\lwjgl-glfw\3.3.3\e449e28b4891fc423c54c85fbc5bb0b9efece67a\lwjgl-glfw-3.3.3-natives-windows.jar;C:\Users\moapi\.gradle\caches\modules-2\files-2.1\org.lwjgl\lwjgl-glfw\3.3.3\32334f3fd5270a59bad9939a93115acb6de36dcf\lwjgl-glfw-3.3.3-natives-windows-x86.jar;C:\Users\moapi\.gradle\caches\modules-2\files-2.1\org.lwjgl\lwjgl-jemalloc\3.3.3\b543467b7ff3c6920539a88ee602d34098628be5\lwjgl-jemalloc-3.3.3.jar;C:\Users\moapi\.gradle\caches\modules-2\files-2.1\org.lwjgl\lwjgl-jemalloc\3.3.3\4f86728bf449b1dd61251c4e0ac01df1389cb51e\lwjgl-jemalloc-3.3.3-natives-linux.jar;C:\Users\moapi\.gradle\caches\modules-2\files-2.1\org.lwjgl\lwjgl-jemalloc\3.3.3\109b6931880d02d4e65ced38928a16e41d19873e\lwjgl-jemalloc-3.3.3-natives-linux-arm32.jar;C:\Users\moapi\.gradle\caches\modules-2\files-2.1\org.lwjgl\lwjgl-jemalloc\3.3.3\eff8b86798191192fe2cba2dc2776109f30c239d\lwjgl-jemalloc-3.3.3-natives-linux-arm64.jar;C:\Users\moapi\.gradle\caches\modules-2\files-2.1\org.lwjgl\lwjgl-jemalloc\3.3.3\2906637657a57579847238c9c72d2c4bde7083f8\lwjgl-jemalloc-3.3.3-natives-macos.jar;C:\Users\moapi\.gradle\caches\modules-2\files-2.1\org.lwjgl\lwjgl-jemalloc\3.3.3\e9412c3ff8cb3a3bad1d3f52909ad74d8a5bdad1\lwjgl-jemalloc-3.3.3-natives-macos-arm64.jar;C:\Users\moapi\.gradle\caches\modules-2\files-2.1\org.lwjgl\lwjgl-jemalloc\3.3.3\426222fc027602a5f21b9c0fe79cde6a4c7a011f\lwjgl-jemalloc-3.3.3-natives-windows.jar;C:\Users\moapi\.gradle\caches\modules-2\files-2.1\org.lwjgl\lwjgl-jemalloc\3.3.3\f6063b6e0f23be483c5c88d84ce51b39dc69126c\lwjgl-jemalloc-3.3.3-natives-windows-x86.jar;C:\Users\moapi\.gradle\caches\modules-2\files-2.1\org.lwjgl\lwjgl-openal\3.3.3\daada81ceb5fc0c291fbfdd4433cb8d9423577f2\lwjgl-openal-3.3.3.jar;C:\Users\moapi\.gradle\caches\modules-2\files-2.1\org.lwjgl\lwjgl-openal\3.3.3\3037360cc4595079bea240af250b6d1a527e0905\lwjgl-openal-3.3.3-natives-linux.jar;C:\Users\moapi\.gradle\caches\modules-2\files-2.1\org.lwjgl\lwjgl-openal\3.3.3\e1702aa09d20359d6cf5cb2999fa7685a785eca7\lwjgl-openal-3.3.3-natives-linux-arm32.jar;C:\Users\moapi\.gradle\caches\modules-2\files-2.1\org.lwjgl\lwjgl-openal\3.3.3\ad8f302118a65bb8d615f8a2a680db58fb8f835e\lwjgl-openal-3.3.3-natives-linux-arm64.jar;C:\Users\moapi\.gradle\caches\modules-2\files-2.1\org.lwjgl\lwjgl-openal\3.3.3\8df8338bfa77f2ebabef4e58964bd04d24805cbf\lwjgl-openal-3.3.3-natives-macos.jar;C:\Users\moapi\.gradle\caches\modules-2\files-2.1\org.lwjgl\lwjgl-openal\3.3.3\c78b078de2fb52f45aa55d04db889a560f3544f\lwjgl-openal-3.3.3-natives-macos-arm64.jar;C:\Users\moapi\.gradle\caches\modules-2\files-2.1\org.lwjgl\lwjgl-openal\3.3.3\cf83862ae95d98496b26915024c7e666d8ab1c8f\lwjgl-openal-3.3.3-natives-windows.jar;C:\Users\moapi\.gradle\caches\modules-2\files-2.1\org.lwjgl\lwjgl-openal\3.3.3\87b8d5050e3adb46bb58fe1cb2669a4a48fce10d\lwjgl-openal-3.3.3-natives-windows-x86.jar;C:\Users\moapi\.gradle\caches\modules-2\files-2.1\org.lwjgl\lwjgl-opengl\3.3.3\2f6b0147078396a58979125a4c947664e98293a\lwjgl-opengl-3.3.3.jar;C:\Users\moapi\.gradle\caches\modules-2\files-2.1\org.lwjgl\lwjgl-opengl\3.3.3\62c70a4b00ca5391882b0f4b787c1588d24f1c86\lwjgl-opengl-3.3.3-natives-linux.jar;C:\Users\moapi\.gradle\caches\modules-2\files-2.1\org.lwjgl\lwjgl-opengl\3.3.3\dbba17fc5ac0985d14a57c11f9537617d67b9952\lwjgl-opengl-3.3.3-natives-linux-arm32.jar;C:\Users\moapi\.gradle\caches\modules-2\files-2.1\org.lwjgl\lwjgl-opengl\3.3.3\2096f6b94b2d68745d858fbfe53aacf5f0c8074c\lwjgl-opengl-3.3.3-natives-linux-arm64.jar;C:\Users\moapi\.gradle\caches\modules-2\files-2.1\org.lwjgl\lwjgl-opengl\3.3.3\1bd45997551ae8a28469f3a2b678f4b7289e12c0\lwjgl-opengl-3.3.3-natives-macos.jar;C:\Users\moapi\.gradle\caches\modules-2\files-2.1\org.lwjgl\lwjgl-opengl\3.3.3\d213ddef27637b1af87961ffa94d6b27036becc8\lwjgl-opengl-3.3.3-natives-macos-arm64.jar;C:\Users\moapi\.gradle\caches\modules-2\files-2.1\org.lwjgl\lwjgl-opengl\3.3.3\e6c1eec8be8a71951b830a4d69efc01c6531900c\lwjgl-opengl-3.3.3-natives-windows.jar;C:\Users\moapi\.gradle\caches\modules-2\files-2.1\org.lwjgl\lwjgl-opengl\3.3.3\d32d833dcaa2f355a886eaf21f0408b5f03241d\lwjgl-opengl-3.3.3-natives-windows-x86.jar;C:\Users\moapi\.gradle\caches\modules-2\files-2.1\org.lwjgl\lwjgl-stb\3.3.3\25dd6161988d7e65f71d5065c99902402ee32746\lwjgl-stb-3.3.3.jar;C:\Users\moapi\.gradle\caches\modules-2\files-2.1\org.lwjgl\lwjgl-stb\3.3.3\fd1271ccd9d85eff2fa31f3fd543e02ccfaf5041\lwjgl-stb-3.3.3-natives-linux.jar;C:\Users\moapi\.gradle\caches\modules-2\files-2.1\org.lwjgl\lwjgl-stb\3.3.3\1ae28ff044699ff29b0e980ffabd73fba8a664b3\lwjgl-stb-3.3.3-natives-linux-arm32.jar;C:\Users\moapi\.gradle\caches\modules-2\files-2.1\org.lwjgl\lwjgl-stb\3.3.3\ddc177afc2be1ee8d93684b11363b80589a13fe1\lwjgl-stb-3.3.3-natives-linux-arm64.jar;C:\Users\moapi\.gradle\caches\modules-2\files-2.1\org.lwjgl\lwjgl-stb\3.3.3\472792c98fb2c1557c060cb9da5fca6a9773621f\lwjgl-stb-3.3.3-natives-macos.jar;C:\Users\moapi\.gradle\caches\modules-2\files-2.1\org.lwjgl\lwjgl-stb\3.3.3\51c6955571fbcdb7bb538c6aa589b953b584c6af\lwjgl-stb-3.3.3-natives-macos-arm64.jar;C:\Users\moapi\.gradle\caches\modules-2\files-2.1\org.lwjgl\lwjgl-stb\3.3.3\1d9facdf6541de114b0f963be33505b7679c78cb\lwjgl-stb-3.3.3-natives-windows.jar;C:\Users\moapi\.gradle\caches\modules-2\files-2.1\org.lwjgl\lwjgl-stb\3.3.3\b5c874687b9aac1a936501d4ed2c49567fd1b575\lwjgl-stb-3.3.3-natives-windows-x86.jar;C:\Users\moapi\.gradle\caches\modules-2\files-2.1\org.lwjgl\lwjgl\3.3.3\29589b5f87ed335a6c7e7ee6a5775f81f97ecb84\lwjgl-3.3.3.jar;C:\Users\moapi\.gradle\caches\modules-2\files-2.1\org.lwjgl\lwjgl\3.3.3\1713758e3660ba66e1e954396fd18126038b33c0\lwjgl-3.3.3-natives-linux.jar;C:\Users\moapi\.gradle\caches\modules-2\files-2.1\org.lwjgl\lwjgl\3.3.3\2075c51a80f0ef0f22ba616ba54007ac2b0debd4\lwjgl-3.3.3-natives-linux-arm32.jar;C:\Users\moapi\.gradle\caches\modules-2\files-2.1\org.lwjgl\lwjgl\3.3.3\f35d8b6ffe1ac1e3a5eb1d4e33de80f044ad5fd8\lwjgl-3.3.3-natives-linux-arm64.jar;C:\Users\moapi\.gradle\caches\modules-2\files-2.1\org.lwjgl\lwjgl\3.3.3\33a6efa288390490ce6eb6c3df47ac21ecf648cf\lwjgl-3.3.3-natives-macos.jar;C:\Users\moapi\.gradle\caches\modules-2\files-2.1\org.lwjgl\lwjgl\3.3.3\226246e75f6bd8d4e1895bdce8638ef87808d114\lwjgl-3.3.3-natives-macos-arm64.jar;C:\Users\moapi\.gradle\caches\modules-2\files-2.1\org.lwjgl\lwjgl\3.3.3\a5ed18a2b82fc91b81f40d717cb1f64c9dcb0540\lwjgl-3.3.3-natives-windows.jar;C:\Users\moapi\.gradle\caches\modules-2\files-2.1\org.lwjgl\lwjgl\3.3.3\9e670718e050aeaeea0c2d5b907cffb142f2e58f\lwjgl-3.3.3-natives-windows-x86.jar;C:\Users\moapi\.gradle\caches\modules-2\files-2.1\com.badlogicgames.jlayer\jlayer\1.0.1-gdx\7cca83cec5c1b2f011362f4d85aabd71a73b049d\jlayer-1.0.1-gdx.jar;C:\Users\moapi\.gradle\caches\modules-2\files-2.1\org.jcraft\jorbis\0.0.17\8872d22b293e8f5d7d56ff92be966e6dc28ebdc6\jorbis-0.0.17.jar;C:\Users\moapi\.gradle\caches\modules-2\files-2.1\com.badlogicgames.gdx\gdx-jnigen-loader\2.3.1\2d472f69243631fbcb3d4c3f93dd2e137a6cb084\gdx-jnigen-loader-2.3.1.jar
Launcher Type: SUN_STANDARD

[Global flags]
     intx CICompilerCount                          = 3                                         {product} {ergonomic}
     uint ConcGCThreads                            = 2                                         {product} {ergonomic}
     uint G1ConcRefinementThreads                  = 6                                         {product} {ergonomic}
   size_t G1HeapRegionSize                         = 2097152                                   {product} {ergonomic}
   size_t InitialHeapSize                          = 268435456                                 {product} {ergonomic}
   size_t MarkStackSize                            = 4194304                                   {product} {ergonomic}
   size_t MaxHeapSize                              = 4273995776                                {product} {ergonomic}
   size_t MaxNewSize                               = 2562719744                                {product} {ergonomic}
   size_t MinHeapDeltaBytes                        = 2097152                                   {product} {ergonomic}
   size_t MinHeapSize                              = 8388608                                   {product} {ergonomic}
    uintx NonNMethodCodeHeapSize                   = 5832780                                {pd product} {ergonomic}
    uintx NonProfiledCodeHeapSize                  = 122912730                              {pd product} {ergonomic}
    uintx ProfiledCodeHeapSize                     = 122912730                              {pd product} {ergonomic}
    uintx ReservedCodeCacheSize                    = 251658240                              {pd product} {ergonomic}
     bool SegmentedCodeCache                       = true                                      {product} {ergonomic}
   size_t SoftMaxHeapSize                          = 4273995776                             {manageable} {ergonomic}
     bool UseCompressedOops                        = true                           {product lp64_product} {ergonomic}
     bool UseG1GC                                  = true                                      {product} {ergonomic}
     bool UseLargePagesIndividualAllocation        = false                                  {pd product} {ergonomic}

Logging:
Log output configuration:
 #0: stdout all=warning uptime,level,tags foldmultilines=false
 #1: stderr all=off uptime,level,tags foldmultilines=false

Environment Variables:
PATH=C:\Program Files\Java\jdk-22\bin;C:\Program Files\Common Files\Oracle\Java\javapath;C:\Program Files (x86)\Common Files\Oracle\Java\java8path;C:\Program Files (x86)\Common Files\Oracle\Java\javapath;C:\Program Files\Eclipse Adoptium\jdk-21.0.4.7-hotspot\bin;C:\Program Files (x86)\Common Files\Intel\Shared Libraries\redist\intel64\compiler;C:\Windows\system32;C:\Windows;C:\Windows\System32\Wbem;C:\Windows\System32\WindowsPowerShell\v1.0\;C:\Windows\System32\OpenSSH\;C:\Program Files\NVIDIA Corporation\NVIDIA NvDLISR;C:\Program Files\dotnet\;G:\PC Apps\MatLab\bin;C:\Program Files\Git\cmd;C:\Users\moapi\AppData\Local\Microsoft\WindowsApps;D:\Intellij\IntelliJ IDEA Community Edition 2024.2.1\bin;;D:\Intellij\IntelliJ IDEA 2024.3\bin;;D:\VSCode\Microsoft VS Code\bin;D:\Programming\MinGW\ucrt64\bin;
USERNAME=moapi
OS=Windows_NT
PROCESSOR_IDENTIFIER=Intel64 Family 6 Model 158 Stepping 12, GenuineIntel
TMP=C:\Users\moapi\AppData\Local\Temp
TEMP=C:\Users\moapi\AppData\Local\Temp




Periodic native trim disabled

---------------  S Y S T E M  ---------------

OS:
 Windows 11 , 64 bit Build 22621 (10.0.22621.4391)
OS uptime: 0 days 7:13 hours

CPU: total 6 (initial active 6) (6 cores per cpu, 1 threads per core) family 6 model 158 stepping 12 microcode 0xde, cx8, cmov, fxsr, mmx, 3dnowpref, sse, sse2, sse3, ssse3, sse4.1, sse4.2, popcnt, lzcnt, tsc, tscinvbit, avx, avx2, aes, erms, clmul, bmi1, bmi2, rtm, adx, fma, vzeroupper, clflush, clflushopt, rdtscp, f16c
Processor Information for all 6 processors :
  Max Mhz: 3696, Current Mhz: 3696, Mhz Limit: 3696

Memory: 4k page, system-wide physical 16296M (4628M free)
TotalPageFile size 20648M (AvailPageFile size 3720M)
current process WorkingSet (physical memory assigned to process): 163M, peak: 171M
current process commit charge ("private bytes"): 496M, peak: 503M

vm_info: OpenJDK 64-Bit Server VM (22.0.2+9-70) for windows-amd64 JRE (22.0.2+9-70), built on 2024-06-04T16:52:23Z by "mach5one" with MS VC++ 17.6 (VS2022)

END.
